     50  lim, limit on number of iterations
 100.00  h1,  thickness of negative electrode (microns)
  25.00  h2,  thickness of separator (microns)
 100.00  h3,  thickness of positive electrode (microns)
  25.00  hcn, thickness of negative electrode current collector (microns)
  25.00  hcp, thickness of positive electrode current collector (microns)
     80  n1,  number of nodes in negative electrode
     40  n2,  number of nodes in separator
     80  n3,  number of nodes in positive electrode
 298.00  T,   temperature (K)

 1000.0  xx(1,n1+2), initial concentration (mol/m3)
 0.6000  csx,   initial stoichiometric parameter for negative
 0.5000  csy,   initial stoichiometric parameter for positive
   30.0  tmmax, maximum time step size (s)
 .4E-13  dfs1, diffusion coefficient in negative solid (m2/s)
 .1E-12  dfs3, diffusion coefficient in positive solid (m2/s)
  10.00  Rad1,  radius of negative particles (microns)
  10.00  Rad3,  radius of positive particles (microns)

  0.300  ep1,   volume fraction of electrolyte in negative electrode
  0.000  epp1,  volume fraction of polymer phase in negative electrode
  0.100  epf1,  volume fraction of inert filler in negative electrode
  1.000  ep2,   volume fraction of electrolyte in separator
  0.000  epp2,  volume fraction of polymer phase in separator
  0.300  ep3,   volume fraction of electrolyte in positive electrode
  0.000  epp3,  volume fraction of polymer phase in positive electrode
  0.200  epf3,  volume fraction of inert filler in positive electrode
 0.10E+03  sig1,  conductivity of negative matrix (S/m)
  10.      sig3,  conductivity of positive matrix (S/m)
  372.00  cot1,  coulombic capacity of negative material (mAh/g)
  274.00  cot3,  coulombic capacity of positive material (mAh/g)
 .1E-04  rka1,  reaction rate constant for negative reaction 
 .3E-10  rka3,  reaction rate constant for positive reaction

 1324.0  re,   density of electrolyte (kg/m3)
 1800.0  rs1,  density of negative insertion material (kg/m3)
 5010.0  rs3,  density of positive insertion material (kg/m3)
 1800.0  rf,   density of inert filler (kg/m3)
 1780.0  rpl,  density of polymer phase (kg/m3)
    0.0  rc,   density of separator material (kg/m3)
 8954.0  rcn,  density of negative current collector (kg/m3)
 2707.0  rcp,  density of positive current collector (kg/m3)

   0.001000  ranode,   anode film resistance (ohm-m2)
   0.000000  rcathde,  cathode film resistance (ohm-m2)
   0.00  htc,   heat-transfer coefficient with external medium (W/m2K)
   0.000000  dUdT,  temperature coefficient of EMF (V/K)
 2000.0  Cp,    heat capacity of cell (J/kg-K)
   0.00  residm,    residual mass (kg/m2)
 298.00  Tam,   ambient temperature (K)
      1  ncell, number of cells in a cell stack
      2  lht,   0 uses htc,  1 calcs htc,  2 isothermal

      0    nside, side reaction flag 

      1  il1,   1 for long print-out  0 for short print-out
     10  il2,   prints every il2 th node in long print-out
     10  il3,   prints every il3 th time step in long print-out
      1  lflag, 0 for electrolyte in separator only, 1 for uniform
      0  imp, 0 for no impedance, 1 for impedance
   0.00  capp1,  capacitance of negative material (F/m2)
   0.00  capp3,  capacitance of positive material (F/m2)
      9  lcurs, number of current changes
  
 MCMB 2528 Graphite (Bellcore)
 LiPF6 in EC:DMC
 LiCoO2 (Cobalt dioxide)
 open-circuit potential, negative   0.178978294
 delta S negative   0.
 open-circuit potential, positive   4.24165195
 delta S positive   0.
  
      DUAL INSERTION CELL VERSION 5.1
  
   Time     Util N  Util P  Cell Pot   Uocp      Curr      Temp   heatgen
   (min)       x       y      (V)       (V)      (A/m2)    (C)    (W/m2)
  
    0.000, 0.6000, 0.5000,  4.06267,  4.06267,     0.00,  24.85,   0.00, 
    0.001, 0.6000, 0.5000,  4.06267,  4.06267,     0.00,  24.85,   0.00, 
    0.001, 0.6000, 0.5000,  4.06267,  4.06267,     0.00,  24.85,   0.00, 
    0.001, 0.6000, 0.5000,  4.06267,  4.06267,     0.00,  24.85,   0.00, 
    0.002, 0.6000, 0.5000,  4.06267,  4.06267,     0.00,  24.85,   0.00, 
    0.002, 0.6000, 0.5000,  4.06267,  4.06267,     0.00,  24.85,   0.00, 
    0.003, 0.6000, 0.5000,  4.06267,  4.06267,     0.00,  24.85,   0.00, 
    0.003, 0.6000, 0.5000,  4.06267,  4.06267,     0.00,  24.85,   0.00, 
    0.004, 0.6000, 0.5000,  4.06267,  4.06267,     0.00,  24.85,   0.00, 
    0.005, 0.6000, 0.5000,  4.06267,  4.06267,     0.00,  24.85,   0.00, 
    0.006, 0.6000, 0.5000,  4.06267,  4.06267,     0.00,  24.85,   0.00, 
    0.007, 0.6000, 0.5000,  4.06267,  4.06267,     0.00,  24.85,   0.00, 
    0.007, 0.6000, 0.5000,  4.06267,  4.06267,     0.00,  24.85,   0.00, 
    0.009, 0.6000, 0.5000,  4.06267,  4.06267,     0.00,  24.85,   0.00, 
    0.010, 0.6000, 0.5000,  4.06267,  4.06267,     0.00,  24.85,   0.00, 
    0.011, 0.6000, 0.5000,  4.06267,  4.06267,     0.00,  24.85,   0.00, 
    0.012, 0.6000, 0.5000,  4.06267,  4.06267,     0.00,  24.85,   0.00, 
    0.014, 0.6000, 0.5000,  4.06267,  4.06267,     0.00,  24.85,   0.00, 
    0.016, 0.6000, 0.5000,  4.06267,  4.06267,     0.00,  24.85,   0.00, 
    0.017, 0.6000, 0.5000,  4.06267,  4.06267,     0.00,  24.85,   0.00, 
    0.019, 0.6000, 0.5000,  4.06267,  4.06267,     0.00,  24.85,   0.00, 
    0.022, 0.6000, 0.5000,  4.06267,  4.06267,     0.00,  24.85,   0.00, 
    0.024, 0.6000, 0.5000,  4.06267,  4.06267,     0.00,  24.85,   0.00, 
    0.027, 0.6000, 0.5000,  4.06267,  4.06267,     0.00,  24.85,   0.00, 
    0.030, 0.6000, 0.5000,  4.06267,  4.06267,     0.00,  24.85,   0.00, 
    0.033, 0.6000, 0.5000,  4.06267,  4.06267,     0.00,  24.85,   0.00, 
    0.037, 0.6000, 0.5000,  4.06267,  4.06267,     0.00,  24.85,   0.00, 
    0.041, 0.6000, 0.5000,  4.06267,  4.06267,     0.00,  24.85,   0.00, 
    0.045, 0.6000, 0.5000,  4.06267,  4.06267,     0.00,  24.85,   0.00, 
    0.050, 0.6000, 0.5000,  4.06267,  4.06267,     0.00,  24.85,   0.00, 
    0.055, 0.6000, 0.5000,  4.06267,  4.06267,     0.00,  24.85,   0.00, 
    0.061, 0.6000, 0.5000,  4.06267,  4.06267,     0.00,  24.85,   0.00, 
    0.067, 0.6000, 0.5000,  4.06267,  4.06267,     0.00,  24.85,   0.00, 
    0.074, 0.6000, 0.5000,  4.06267,  4.06267,     0.00,  24.85,   0.00, 
    0.082, 0.6000, 0.5000,  4.06267,  4.06267,     0.00,  24.85,   0.00, 
    0.091, 0.6000, 0.5000,  4.06267,  4.06267,     0.00,  24.85,   0.00, 
    0.100, 0.6000, 0.5000,  4.06267,  4.06267,     0.00,  24.85,   0.00, 
    0.110, 0.6000, 0.5000,  4.06267,  4.06267,     0.00,  24.85,   0.00, 
    0.122, 0.6000, 0.5000,  4.06267,  4.06267,     0.00,  24.85,   0.00, 
    0.134, 0.6000, 0.5000,  4.06267,  4.06267,     0.00,  24.85,   0.00, 
    0.148, 0.6000, 0.5000,  4.06267,  4.06267,     0.00,  24.85,   0.00, 
    0.163, 0.6000, 0.5000,  4.06267,  4.06267,     0.00,  24.85,   0.00, 
    0.180, 0.6000, 0.5000,  4.06267,  4.06267,     0.00,  24.85,   0.00, 
    0.198, 0.6000, 0.5000,  4.06267,  4.06267,     0.00,  24.85,   0.00, 
    0.218, 0.6000, 0.5000,  4.06267,  4.06267,     0.00,  24.85,   0.00, 
    0.240, 0.6000, 0.5000,  4.06267,  4.06267,     0.00,  24.85,   0.00, 
    0.264, 0.6000, 0.5000,  4.06267,  4.06267,     0.00,  24.85,   0.00, 
    0.291, 0.6000, 0.5000,  4.06267,  4.06267,     0.00,  24.85,   0.00, 
    0.320, 0.6000, 0.5000,  4.06267,  4.06267,     0.00,  24.85,   0.00, 
    0.353, 0.6000, 0.5000,  4.06267,  4.06267,     0.00,  24.85,   0.00, 
    0.388, 0.6000, 0.5000,  4.06267,  4.06267,     0.00,  24.85,   0.00, 
    0.427, 0.6000, 0.5000,  4.06267,  4.06267,     0.00,  24.85,   0.00, 
    0.470, 0.6000, 0.5000,  4.06267,  4.06267,     0.00,  24.85,   0.00, 
    0.518, 0.6000, 0.5000,  4.06267,  4.06267,     0.00,  24.85,   0.00, 
    0.570, 0.6000, 0.5000,  4.06267,  4.06267,     0.00,  24.85,   0.00, 
    0.627, 0.6000, 0.5000,  4.06267,  4.06267,     0.00,  24.85,   0.00, 
    0.690, 0.6000, 0.5000,  4.06267,  4.06267,     0.00,  24.85,   0.00, 
    0.760, 0.6000, 0.5000,  4.06267,  4.06267,     0.00,  24.85,   0.00, 
    0.836, 0.6000, 0.5000,  4.06267,  4.06267,     0.00,  24.85,   0.00, 
    0.920, 0.6000, 0.5000,  4.06267,  4.06267,     0.00,  24.85,   0.00, 
    1.012, 0.6000, 0.5000,  4.06267,  4.06267,     0.00,  24.85,   0.00, 
    1.113, 0.6000, 0.5000,  4.06267,  4.06267,     0.00,  24.85,   0.00, 
    1.225, 0.6000, 0.5000,  4.06267,  4.06267,     0.00,  24.85,   0.00, 
    1.348, 0.6000, 0.5000,  4.06267,  4.06267,     0.00,  24.85,   0.00, 
    1.483, 0.6000, 0.5000,  4.06267,  4.06267,     0.00,  24.85,   0.00, 
    1.632, 0.6000, 0.5000,  4.06267,  4.06267,     0.00,  24.85,   0.00, 
    1.795, 0.6000, 0.5000,  4.06267,  4.06267,     0.00,  24.85,   0.00, 
    1.975, 0.6000, 0.5000,  4.06267,  4.06267,     0.00,  24.85,   0.00, 
    2.173, 0.6000, 0.5000,  4.06267,  4.06267,     0.00,  24.85,   0.00, 
    2.390, 0.6000, 0.5000,  4.06267,  4.06267,     0.00,  24.85,   0.00, 
    2.629, 0.6000, 0.5000,  4.06267,  4.06267,     0.00,  24.85,   0.00, 
    2.893, 0.6000, 0.5000,  4.06267,  4.06267,     0.00,  24.85,   0.00, 
    3.182, 0.6000, 0.5000,  4.06267,  4.06267,     0.00,  24.85,   0.00, 
    3.501, 0.6000, 0.5000,  4.06267,  4.06267,     0.00,  24.85,   0.00, 
    3.851, 0.6000, 0.5000,  4.06267,  4.06267,     0.00,  24.85,   0.00, 
    4.237, 0.6000, 0.5000,  4.06267,  4.06267,     0.00,  24.85,   0.00, 
    4.661, 0.6000, 0.5000,  4.06267,  4.06267,     0.00,  24.85,   0.00, 
    5.000, 0.6000, 0.5000,  4.06267,  4.06267,     0.00,  24.85,   0.00, 
    5.000, 0.6000, 0.5000,  4.03001,  4.06267,    30.00,  24.85,   0.98, 
 specific energy segment =     0.00 W-h/kg
 specific power segment  =     0.00 W/kg
 total heat =          0.0000 W-h/m2
  
    5.000, 0.6000, 0.5000,  4.03001,  4.06267,    30.00,  24.85,   0.98, 
    5.000, 0.6000, 0.5000,  4.02984,  4.06267,    30.00,  24.85,   0.99, 
    5.001, 0.6000, 0.5000,  4.02972,  4.06267,    30.00,  24.85,   0.99, 
    5.001, 0.6000, 0.5000,  4.02963,  4.06267,    30.00,  24.85,   0.99, 
    5.002, 0.6000, 0.5000,  4.02954,  4.06266,    30.00,  24.85,   0.99, 
    5.002, 0.6000, 0.5000,  4.02946,  4.06266,    30.00,  24.85,   1.00, 
    5.003, 0.6000, 0.5000,  4.02937,  4.06266,    30.00,  24.85,   1.00, 
    5.003, 0.6000, 0.5000,  4.02929,  4.06265,    30.00,  24.85,   1.00, 
    5.004, 0.6000, 0.5000,  4.02921,  4.06265,    30.00,  24.85,   1.00, 
    5.005, 0.5999, 0.5000,  4.02912,  4.06264,    30.00,  24.85,   1.01, 
    5.005, 0.5999, 0.5000,  4.02904,  4.06264,    30.00,  24.85,   1.01, 
    5.006, 0.5999, 0.5000,  4.02895,  4.06263,    30.00,  24.85,   1.01, 
    5.007, 0.5999, 0.5001,  4.02885,  4.06262,    30.00,  24.85,   1.01, 
    5.008, 0.5999, 0.5001,  4.02876,  4.06262,    30.00,  24.85,   1.02, 
    5.009, 0.5999, 0.5001,  4.02866,  4.06261,    30.00,  24.85,   1.02, 
    5.011, 0.5999, 0.5001,  4.02855,  4.06260,    30.00,  24.85,   1.02, 
    5.012, 0.5999, 0.5001,  4.02844,  4.06259,    30.00,  24.85,   1.02, 
    5.014, 0.5998, 0.5001,  4.02832,  4.06258,    30.00,  24.85,   1.03, 
    5.015, 0.5998, 0.5001,  4.02820,  4.06257,    30.00,  24.85,   1.03, 
    5.017, 0.5998, 0.5001,  4.02808,  4.06255,    30.00,  24.85,   1.03, 
    5.019, 0.5998, 0.5001,  4.02794,  4.06254,    30.00,  24.85,   1.04, 
    5.021, 0.5997, 0.5002,  4.02780,  4.06252,    30.00,  24.85,   1.04, 
    5.024, 0.5997, 0.5002,  4.02765,  4.06251,    30.00,  24.85,   1.05, 
    5.027, 0.5997, 0.5002,  4.02749,  4.06249,    30.00,  24.85,   1.05, 
    5.029, 0.5996, 0.5002,  4.02733,  4.06247,    30.00,  24.85,   1.05, 
    5.033, 0.5996, 0.5002,  4.02715,  4.06245,    30.00,  24.85,   1.06, 
    5.036, 0.5995, 0.5003,  4.02697,  4.06242,    30.00,  24.85,   1.06, 
    5.040, 0.5995, 0.5003,  4.02677,  4.06239,    30.00,  24.85,   1.07, 
    5.045, 0.5994, 0.5003,  4.02656,  4.06236,    30.00,  24.85,   1.07, 
    5.050, 0.5994, 0.5004,  4.02635,  4.06233,    30.00,  24.85,   1.08, 
    5.055, 0.5993, 0.5004,  4.02611,  4.06229,    30.00,  24.85,   1.09, 
    5.061, 0.5992, 0.5004,  4.02587,  4.06225,    30.00,  24.85,   1.09, 
    5.067, 0.5992, 0.5005,  4.02561,  4.06221,    30.00,  24.85,   1.10, 
    5.074, 0.5991, 0.5005,  4.02534,  4.06216,    30.00,  24.85,   1.10, 
    5.082, 0.5990, 0.5006,  4.02505,  4.06211,    30.00,  24.85,   1.11, 
    5.090, 0.5989, 0.5007,  4.02474,  4.06205,    30.00,  24.85,   1.12, 
    5.100, 0.5988, 0.5007,  4.02442,  4.06198,    30.00,  24.85,   1.13, 
    5.110, 0.5986, 0.5008,  4.02408,  4.06191,    30.00,  24.85,   1.13, 
    5.121, 0.5985, 0.5009,  4.02372,  4.06183,    30.00,  24.85,   1.14, 
    5.134, 0.5983, 0.5010,  4.02333,  4.06175,    30.00,  24.85,   1.15, 
    5.148, 0.5982, 0.5011,  4.02292,  4.06165,    30.00,  24.85,   1.16, 
    5.163, 0.5980, 0.5012,  4.02249,  4.06155,    30.00,  24.85,   1.17, 
    5.179, 0.5978, 0.5013,  4.02204,  4.06144,    30.00,  24.85,   1.18, 
    5.197, 0.5975, 0.5014,  4.02155,  4.06131,    30.00,  24.85,   1.19, 
    5.218, 0.5973, 0.5016,  4.02104,  4.06118,    30.00,  24.85,   1.20, 
    5.240, 0.5970, 0.5017,  4.02050,  4.06103,    30.00,  24.85,   1.21, 
    5.264, 0.5967, 0.5019,  4.01993,  4.06086,    30.00,  24.85,   1.23, 
    5.291, 0.5964, 0.5021,  4.01933,  4.06068,    30.00,  24.85,   1.24, 
    5.320, 0.5960, 0.5023,  4.01869,  4.06049,    30.00,  24.85,   1.25, 
    5.352, 0.5956, 0.5026,  4.01802,  4.06027,    30.00,  24.85,   1.27, 
    5.388, 0.5952, 0.5028,  4.01732,  4.06004,    30.00,  24.85,   1.28, 
    5.427, 0.5947, 0.5031,  4.01657,  4.05978,    30.00,  24.85,   1.29, 
    5.470, 0.5941, 0.5034,  4.01579,  4.05950,    30.00,  24.85,   1.31, 
    5.517, 0.5936, 0.5038,  4.01496,  4.05919,    30.00,  24.85,   1.32, 
    5.570, 0.5929, 0.5041,  4.01409,  4.05885,    30.00,  24.85,   1.34, 
    5.627, 0.5922, 0.5046,  4.01316,  4.05849,    30.00,  24.85,   1.36, 
    5.690, 0.5914, 0.5050,  4.01218,  4.05809,    30.00,  24.85,   1.37, 
    5.759, 0.5906, 0.5055,  4.01113,  4.05765,    30.00,  24.85,   1.39, 
    5.835, 0.5896, 0.5061,  4.01000,  4.05717,    30.00,  24.85,   1.41, 
    5.919, 0.5886, 0.5067,  4.00877,  4.05665,    30.00,  24.85,   1.43, 
    6.012, 0.5874, 0.5074,  4.00740,  4.05609,    30.00,  24.85,   1.45, 
    6.113, 0.5861, 0.5081,  4.00586,  4.05547,    30.00,  24.85,   1.48, 
    6.225, 0.5848, 0.5089,  4.00409,  4.05479,    30.00,  24.85,   1.51, 
    6.348, 0.5832, 0.5098,  4.00202,  4.05405,    30.00,  24.85,   1.55, 
    6.483, 0.5815, 0.5108,  3.99953,  4.05323,    30.00,  24.85,   1.60, 
    6.631, 0.5797, 0.5119,  3.99649,  4.05230,    30.00,  24.85,   1.67, 
    6.795, 0.5777, 0.5131,  3.99271,  4.05123,    30.00,  24.85,   1.75, 
    6.974, 0.5754, 0.5144,  3.98795,  4.04995,    30.00,  24.85,   1.85, 
    7.172, 0.5730, 0.5158,  3.98206,  4.04834,    30.00,  24.85,   1.98, 
    7.390, 0.5703, 0.5174,  3.97515,  4.04616,    30.00,  24.85,   2.12, 
    7.629, 0.5673, 0.5192,  3.96788,  4.04299,    30.00,  24.85,   2.24, 
    7.892, 0.5640, 0.5211,  3.96120,  4.03819,    30.00,  24.85,   2.29, 
    8.182, 0.5604, 0.5232,  3.95572,  4.03108,    30.00,  24.85,   2.23, 
    8.501, 0.5564, 0.5255,  3.95137,  4.02184,    30.00,  24.85,   2.09, 
    8.851, 0.5521, 0.5281,  3.94762,  4.01235,    30.00,  24.85,   1.94, 
    9.236, 0.5473, 0.5309,  3.94384,  4.00496,    30.00,  24.85,   1.84, 
    9.660, 0.5420, 0.5339,  3.93943,  4.00015,    30.00,  24.85,   1.83, 
   10.000, 0.5378, 0.5364,  3.93546,  3.99757,    30.00,  24.85,   1.86, 
   10.000, 0.5378, 0.5364,  3.96982,  3.99757,     0.00,  24.85,   0.05, 
 specific energy segment =    12.17 W-h/kg
 specific power segment  =   146.07 W/kg
 total heat =          0.1502 W-h/m2
  
   10.000, 0.5378, 0.5364,  3.96982,  3.99757,     0.00,  24.85,   0.05, 
   10.000, 0.5378, 0.5364,  3.97027,  3.99757,     0.00,  24.85,   0.05, 
   10.001, 0.5378, 0.5364,  3.97056,  3.99757,     0.00,  24.85,   0.05, 
   10.001, 0.5378, 0.5364,  3.97079,  3.99757,     0.00,  24.85,   0.05, 
   10.002, 0.5378, 0.5364,  3.97099,  3.99757,     0.00,  24.85,   0.05, 
   10.002, 0.5378, 0.5364,  3.97118,  3.99757,     0.00,  24.85,   0.05, 
   10.003, 0.5378, 0.5364,  3.97137,  3.99757,     0.00,  24.85,   0.05, 
   10.003, 0.5378, 0.5364,  3.97154,  3.99757,     0.00,  24.85,   0.04, 
   10.004, 0.5378, 0.5364,  3.97172,  3.99757,     0.00,  24.85,   0.04, 
   10.005, 0.5378, 0.5364,  3.97189,  3.99757,     0.00,  24.85,   0.04, 
   10.005, 0.5378, 0.5364,  3.97207,  3.99757,     0.00,  24.85,   0.04, 
   10.006, 0.5378, 0.5364,  3.97225,  3.99757,     0.00,  24.85,   0.04, 
   10.007, 0.5378, 0.5364,  3.97243,  3.99757,     0.00,  24.85,   0.04, 
   10.008, 0.5378, 0.5364,  3.97262,  3.99757,     0.00,  24.85,   0.04, 
   10.009, 0.5378, 0.5364,  3.97281,  3.99757,     0.00,  24.85,   0.04, 
   10.011, 0.5378, 0.5364,  3.97300,  3.99757,     0.00,  24.85,   0.04, 
   10.012, 0.5378, 0.5364,  3.97320,  3.99757,     0.00,  24.85,   0.04, 
   10.014, 0.5378, 0.5364,  3.97341,  3.99757,     0.00,  24.85,   0.04, 
   10.015, 0.5378, 0.5364,  3.97362,  3.99757,     0.00,  24.85,   0.03, 
   10.017, 0.5378, 0.5364,  3.97384,  3.99757,     0.00,  24.85,   0.03, 
   10.019, 0.5378, 0.5364,  3.97407,  3.99757,     0.00,  24.85,   0.03, 
   10.021, 0.5378, 0.5364,  3.97430,  3.99757,     0.00,  24.85,   0.03, 
   10.024, 0.5378, 0.5364,  3.97454,  3.99757,     0.00,  24.85,   0.03, 
   10.027, 0.5378, 0.5364,  3.97479,  3.99757,     0.00,  24.85,   0.03, 
   10.029, 0.5378, 0.5364,  3.97505,  3.99757,     0.00,  24.85,   0.03, 
   10.033, 0.5378, 0.5364,  3.97532,  3.99757,     0.00,  24.85,   0.03, 
   10.036, 0.5378, 0.5364,  3.97560,  3.99757,     0.00,  24.85,   0.03, 
   10.040, 0.5378, 0.5364,  3.97589,  3.99757,     0.00,  24.85,   0.03, 
   10.045, 0.5378, 0.5364,  3.97619,  3.99757,     0.00,  24.85,   0.03, 
   10.050, 0.5378, 0.5364,  3.97650,  3.99757,     0.00,  24.85,   0.02, 
   10.055, 0.5378, 0.5364,  3.97683,  3.99757,     0.00,  24.85,   0.02, 
   10.061, 0.5378, 0.5364,  3.97716,  3.99757,     0.00,  24.85,   0.02, 
   10.067, 0.5378, 0.5364,  3.97751,  3.99757,     0.00,  24.85,   0.02, 
   10.074, 0.5378, 0.5364,  3.97788,  3.99757,     0.00,  24.85,   0.02, 
   10.082, 0.5378, 0.5364,  3.97825,  3.99757,     0.00,  24.85,   0.02, 
   10.090, 0.5378, 0.5364,  3.97865,  3.99757,     0.00,  24.85,   0.02, 
   10.100, 0.5378, 0.5364,  3.97905,  3.99757,     0.00,  24.85,   0.02, 
   10.110, 0.5378, 0.5364,  3.97947,  3.99757,     0.00,  24.85,   0.02, 
   10.121, 0.5378, 0.5364,  3.97991,  3.99757,     0.00,  24.85,   0.02, 
   10.134, 0.5378, 0.5364,  3.98036,  3.99757,     0.00,  24.85,   0.02, 
   10.148, 0.5378, 0.5364,  3.98083,  3.99757,     0.00,  24.85,   0.02, 
   10.163, 0.5378, 0.5364,  3.98132,  3.99757,     0.00,  24.85,   0.02, 
   10.179, 0.5378, 0.5364,  3.98182,  3.99757,     0.00,  24.85,   0.02, 
   10.197, 0.5378, 0.5364,  3.98234,  3.99757,     0.00,  24.85,   0.02, 
   10.218, 0.5378, 0.5364,  3.98288,  3.99757,     0.00,  24.85,   0.02, 
   10.240, 0.5378, 0.5364,  3.98343,  3.99757,     0.00,  24.85,   0.02, 
   10.264, 0.5378, 0.5364,  3.98400,  3.99757,     0.00,  24.85,   0.02, 
   10.291, 0.5378, 0.5364,  3.98458,  3.99757,     0.00,  24.85,   0.01, 
   10.320, 0.5378, 0.5364,  3.98518,  3.99757,     0.00,  24.85,   0.01, 
   10.352, 0.5378, 0.5364,  3.98579,  3.99757,     0.00,  24.85,   0.01, 
   10.388, 0.5378, 0.5364,  3.98640,  3.99757,     0.00,  24.85,   0.01, 
   10.427, 0.5378, 0.5364,  3.98702,  3.99757,     0.00,  24.85,   0.01, 
   10.470, 0.5378, 0.5364,  3.98765,  3.99757,     0.00,  24.85,   0.01, 
   10.517, 0.5378, 0.5364,  3.98828,  3.99757,     0.00,  24.85,   0.01, 
   10.570, 0.5378, 0.5364,  3.98890,  3.99757,     0.00,  24.85,   0.01, 
   10.627, 0.5378, 0.5364,  3.98952,  3.99757,     0.00,  24.85,   0.01, 
   10.690, 0.5378, 0.5364,  3.99013,  3.99757,     0.00,  24.85,   0.01, 
   10.759, 0.5378, 0.5364,  3.99073,  3.99757,     0.00,  24.85,   0.01, 
   10.835, 0.5378, 0.5364,  3.99130,  3.99757,     0.00,  24.85,   0.01, 
   10.919, 0.5378, 0.5364,  3.99186,  3.99757,     0.00,  24.85,   0.01, 
   11.012, 0.5378, 0.5364,  3.99239,  3.99757,     0.00,  24.85,   0.01, 
   11.113, 0.5378, 0.5364,  3.99289,  3.99757,     0.00,  24.85,   0.01, 
   11.225, 0.5378, 0.5364,  3.99336,  3.99757,     0.00,  24.85,   0.01, 
   11.348, 0.5378, 0.5364,  3.99380,  3.99757,     0.00,  24.85,   0.01, 
   11.483, 0.5378, 0.5364,  3.99421,  3.99757,     0.00,  24.85,   0.01, 
   11.631, 0.5378, 0.5364,  3.99458,  3.99757,     0.00,  24.85,   0.01, 
   11.795, 0.5378, 0.5364,  3.99492,  3.99757,     0.00,  24.85,   0.01, 
   11.974, 0.5378, 0.5364,  3.99523,  3.99757,     0.00,  24.85,   0.01, 
   12.172, 0.5378, 0.5364,  3.99551,  3.99757,     0.00,  24.85,   0.01, 
   12.390, 0.5378, 0.5364,  3.99576,  3.99757,     0.00,  24.85,   0.00, 
   12.629, 0.5378, 0.5364,  3.99598,  3.99757,     0.00,  24.85,   0.00, 
   12.892, 0.5378, 0.5364,  3.99618,  3.99757,     0.00,  24.85,   0.00, 
   13.182, 0.5378, 0.5364,  3.99636,  3.99757,     0.00,  24.85,   0.00, 
   13.501, 0.5378, 0.5364,  3.99652,  3.99757,     0.00,  24.85,   0.00, 
   13.851, 0.5378, 0.5364,  3.99666,  3.99757,     0.00,  24.85,   0.00, 
   14.236, 0.5378, 0.5364,  3.99678,  3.99757,     0.00,  24.85,   0.00, 
   14.660, 0.5378, 0.5364,  3.99689,  3.99757,     0.00,  24.85,   0.00, 
   15.000, 0.5378, 0.5364,  3.99697,  3.99757,     0.00,  24.85,   0.00, 
   15.000, 0.5378, 0.5364,  3.88919,  3.99757,   115.00,  24.85,  12.40, 
 specific energy segment =     0.00 W-h/kg
 specific power segment  =     0.00 W/kg
 total heat =          0.1507 W-h/m2
  
   15.000, 0.5378, 0.5364,  3.88919,  3.99757,   115.00,  24.85,  12.40, 
   15.000, 0.5378, 0.5364,  3.88817,  3.99756,   115.00,  24.85,  12.52, 
   15.001, 0.5377, 0.5364,  3.88748,  3.99755,   115.00,  24.85,  12.60, 
   15.001, 0.5377, 0.5365,  3.88689,  3.99754,   115.00,  24.85,  12.67, 
   15.002, 0.5377, 0.5365,  3.88634,  3.99753,   115.00,  24.85,  12.73, 
   15.002, 0.5377, 0.5365,  3.88582,  3.99752,   115.00,  24.85,  12.79, 
   15.003, 0.5377, 0.5365,  3.88529,  3.99750,   115.00,  24.85,  12.85, 
   15.003, 0.5376, 0.5365,  3.88476,  3.99749,   115.00,  24.85,  12.91, 
   15.004, 0.5376, 0.5365,  3.88422,  3.99747,   115.00,  24.85,  12.97, 
   15.005, 0.5376, 0.5365,  3.88366,  3.99745,   115.00,  24.85,  13.03, 
   15.005, 0.5375, 0.5366,  3.88309,  3.99743,   115.00,  24.85,  13.09, 
   15.006, 0.5375, 0.5366,  3.88249,  3.99741,   115.00,  24.85,  13.16, 
   15.007, 0.5374, 0.5366,  3.88186,  3.99738,   115.00,  24.85,  13.23, 
   15.008, 0.5374, 0.5367,  3.88121,  3.99736,   115.00,  24.85,  13.30, 
   15.009, 0.5373, 0.5367,  3.88052,  3.99733,   115.00,  24.85,  13.38, 
   15.011, 0.5373, 0.5367,  3.87981,  3.99729,   115.00,  24.85,  13.46, 
   15.012, 0.5372, 0.5368,  3.87905,  3.99726,   115.00,  24.85,  13.54, 
   15.014, 0.5371, 0.5368,  3.87825,  3.99722,   115.00,  24.85,  13.63, 
   15.015, 0.5370, 0.5368,  3.87741,  3.99717,   115.00,  24.85,  13.72, 
   15.017, 0.5370, 0.5369,  3.87652,  3.99713,   115.00,  24.85,  13.82, 
   15.019, 0.5369, 0.5370,  3.87557,  3.99707,   115.00,  24.85,  13.92, 
   15.021, 0.5368, 0.5370,  3.87457,  3.99702,   115.00,  24.85,  14.03, 
   15.024, 0.5366, 0.5371,  3.87351,  3.99695,   115.00,  24.85,  14.15, 
   15.027, 0.5365, 0.5372,  3.87239,  3.99689,   115.00,  24.85,  14.27, 
   15.029, 0.5364, 0.5372,  3.87119,  3.99681,   115.00,  24.85,  14.40, 
   15.033, 0.5362, 0.5373,  3.86991,  3.99673,   115.00,  24.85,  14.53, 
   15.036, 0.5360, 0.5374,  3.86855,  3.99663,   115.00,  24.85,  14.68, 
   15.040, 0.5358, 0.5376,  3.86710,  3.99653,   115.00,  24.85,  14.83, 
   15.045, 0.5356, 0.5377,  3.86555,  3.99642,   115.00,  24.85,  15.00, 
   15.050, 0.5354, 0.5378,  3.86388,  3.99630,   115.00,  24.85,  15.18, 
   15.055, 0.5352, 0.5380,  3.86210,  3.99617,   115.00,  24.85,  15.37, 
   15.061, 0.5349, 0.5381,  3.86019,  3.99602,   115.00,  24.85,  15.57, 
   15.067, 0.5346, 0.5383,  3.85814,  3.99586,   115.00,  24.85,  15.78, 
   15.074, 0.5342, 0.5385,  3.85593,  3.99568,   115.00,  24.85,  16.01, 
   15.082, 0.5339, 0.5387,  3.85356,  3.99549,   115.00,  24.85,  16.26, 
   15.090, 0.5335, 0.5389,  3.85100,  3.99527,   115.00,  24.85,  16.53, 
   15.100, 0.5330, 0.5392,  3.84825,  3.99503,   115.00,  24.85,  16.81, 
   15.110, 0.5325, 0.5395,  3.84528,  3.99476,   115.00,  24.85,  17.12, 
   15.121, 0.5320, 0.5398,  3.84207,  3.99446,   115.00,  24.85,  17.45, 
   15.134, 0.5314, 0.5402,  3.83861,  3.99413,   115.00,  24.85,  17.80, 
   15.148, 0.5307, 0.5405,  3.83487,  3.99376,   115.00,  24.85,  18.18, 
   15.163, 0.5300, 0.5410,  3.83082,  3.99334,   115.00,  24.85,  18.59, 
   15.179, 0.5292, 0.5414,  3.82643,  3.99286,   115.00,  24.85,  19.02, 
   15.197, 0.5284, 0.5419,  3.82167,  3.99232,   115.00,  24.85,  19.49, 
   15.218, 0.5274, 0.5425,  3.81652,  3.99170,   115.00,  24.85,  19.99, 
   15.240, 0.5263, 0.5431,  3.81095,  3.99099,   115.00,  24.85,  20.52, 
   15.264, 0.5252, 0.5438,  3.80494,  3.99016,   115.00,  24.85,  21.09, 
   15.291, 0.5239, 0.5445,  3.79848,  3.98919,   115.00,  24.85,  21.68, 
   15.320, 0.5225, 0.5454,  3.79160,  3.98805,   115.00,  24.85,  22.30, 
   15.352, 0.5210, 0.5463,  3.78433,  3.98670,   115.00,  24.85,  22.93, 
   15.388, 0.5193, 0.5473,  3.77675,  3.98508,   115.00,  24.85,  23.55, 
   15.427, 0.5174, 0.5484,  3.76898,  3.98314,   115.00,  24.85,  24.15, 
   15.470, 0.5153, 0.5496,  3.76113,  3.98078,   115.00,  24.85,  24.70, 
   15.517, 0.5131, 0.5509,  3.75333,  3.97791,   115.00,  24.85,  25.19, 
   15.570, 0.5106, 0.5523,  3.74570,  3.97440,   115.00,  24.85,  25.58, 
   15.627, 0.5079, 0.5539,  3.73836,  3.97010,   115.00,  24.85,  25.85, 
   15.690, 0.5049, 0.5557,  3.73138,  3.96484,   115.00,  24.85,  25.98, 
   15.759, 0.5016, 0.5576,  3.72478,  3.95842,   115.00,  24.85,  25.94, 
   15.835, 0.4979, 0.5598,  3.71850,  3.95068,   115.00,  24.85,  25.74, 
   15.919, 0.4939, 0.5621,  3.71243,  3.94150,   115.00,  24.85,  25.41, 
   16.012, 0.4895, 0.5647,  3.70647,  3.93088,   115.00,  24.85,  24.97, 
   16.113, 0.4847, 0.5675,  3.70048,  3.91903,   115.00,  24.85,  24.48, 
   16.225, 0.4793, 0.5706,  3.69437,  3.90644,   115.00,  24.85,  24.00, 
   16.348, 0.4735, 0.5741,  3.68803,  3.89383,   115.00,  24.85,  23.57, 
   16.483, 0.4670, 0.5778,  3.68134,  3.88206,   115.00,  24.85,  23.23, 
   16.631, 0.4600, 0.5820,  3.67420,  3.87181,   115.00,  24.85,  23.02, 
   16.795, 0.4522, 0.5865,  3.66649,  3.86339,   115.00,  24.85,  22.96, 
   16.974, 0.4436, 0.5916,  3.65808,  3.85661,   115.00,  24.85,  23.06, 
   17.172, 0.4341, 0.5971,  3.64885,  3.85089,   115.00,  24.85,  23.32, 
   17.390, 0.4238, 0.6032,  3.63871,  3.84548,   115.00,  24.85,  23.71, 
   17.629, 0.4123, 0.6098,  3.62759,  3.83963,   115.00,  24.85,  24.21, 
   17.892, 0.3998, 0.6172,  3.61545,  3.83276,   115.00,  24.85,  24.76, 
   18.182, 0.3860, 0.6253,  3.60232,  3.82453,   115.00,  24.85,  25.31, 
   18.501, 0.3708, 0.6342,  3.58825,  3.81487,   115.00,  24.85,  25.84, 
   18.851, 0.3541, 0.6440,  3.57325,  3.80398,   115.00,  24.85,  26.32, 
   19.236, 0.3357, 0.6547,  3.55662,  3.79218,   115.00,  24.85,  26.86, 
   19.660, 0.3154, 0.6666,  3.53652,  3.77983,   115.00,  24.85,  27.68, 
   20.000, 0.2992, 0.6760,  3.52000,  3.77033,   115.00,  24.85,  28.43, 
   20.000, 0.2992, 0.6760,  3.65320,  3.77033,     0.00,  24.85,   0.49, 
 specific energy segment =    42.76 W-h/kg
 specific power segment  =   513.10 W/kg
 total heat =          2.2251 W-h/m2
  
   20.000, 0.2992, 0.6760,  3.65320,  3.77033,     0.00,  24.85,   0.49, 
   20.000, 0.2992, 0.6760,  3.65521,  3.77033,     0.00,  24.85,   0.47, 
   20.001, 0.2992, 0.6760,  3.65651,  3.77033,     0.00,  24.85,   0.46, 
   20.001, 0.2992, 0.6760,  3.65758,  3.77033,     0.00,  24.85,   0.44, 
   20.002, 0.2992, 0.6760,  3.65853,  3.77033,     0.00,  24.85,   0.43, 
   20.002, 0.2992, 0.6760,  3.65942,  3.77033,     0.00,  24.85,   0.43, 
   20.003, 0.2992, 0.6760,  3.66027,  3.77033,     0.00,  24.85,   0.42, 
   20.003, 0.2992, 0.6760,  3.66110,  3.77033,     0.00,  24.85,   0.41, 
   20.004, 0.2992, 0.6760,  3.66192,  3.77033,     0.00,  24.85,   0.40, 
   20.005, 0.2992, 0.6760,  3.66274,  3.77033,     0.00,  24.85,   0.39, 
   20.005, 0.2992, 0.6760,  3.66356,  3.77033,     0.00,  24.85,   0.39, 
   20.006, 0.2992, 0.6760,  3.66439,  3.77033,     0.00,  24.85,   0.38, 
   20.007, 0.2992, 0.6760,  3.66524,  3.77033,     0.00,  24.85,   0.37, 
   20.008, 0.2992, 0.6760,  3.66609,  3.77033,     0.00,  24.85,   0.37, 
   20.009, 0.2992, 0.6760,  3.66696,  3.77033,     0.00,  24.85,   0.36, 
   20.011, 0.2992, 0.6760,  3.66786,  3.77033,     0.00,  24.85,   0.36, 
   20.012, 0.2992, 0.6760,  3.66877,  3.77033,     0.00,  24.85,   0.35, 
   20.014, 0.2992, 0.6760,  3.66971,  3.77033,     0.00,  24.85,   0.35, 
   20.015, 0.2992, 0.6760,  3.67068,  3.77033,     0.00,  24.85,   0.34, 
   20.017, 0.2992, 0.6760,  3.67168,  3.77033,     0.00,  24.85,   0.34, 
   20.019, 0.2992, 0.6760,  3.67271,  3.77033,     0.00,  24.85,   0.34, 
   20.021, 0.2992, 0.6760,  3.67377,  3.77033,     0.00,  24.85,   0.33, 
   20.024, 0.2992, 0.6760,  3.67488,  3.77033,     0.00,  24.85,   0.33, 
   20.027, 0.2992, 0.6760,  3.67602,  3.77033,     0.00,  24.85,   0.33, 
   20.029, 0.2992, 0.6760,  3.67720,  3.77033,     0.00,  24.85,   0.32, 
   20.033, 0.2992, 0.6760,  3.67843,  3.77033,     0.00,  24.85,   0.32, 
   20.036, 0.2992, 0.6760,  3.67970,  3.77033,     0.00,  24.85,   0.32, 
   20.040, 0.2992, 0.6760,  3.68103,  3.77033,     0.00,  24.85,   0.32, 
   20.045, 0.2992, 0.6760,  3.68240,  3.77033,     0.00,  24.85,   0.32, 
   20.050, 0.2992, 0.6760,  3.68383,  3.77033,     0.00,  24.85,   0.32, 
   20.055, 0.2992, 0.6760,  3.68531,  3.77033,     0.00,  24.85,   0.32, 
   20.061, 0.2992, 0.6760,  3.68685,  3.77033,     0.00,  24.85,   0.32, 
   20.067, 0.2992, 0.6760,  3.68845,  3.77033,     0.00,  24.85,   0.32, 
   20.074, 0.2992, 0.6760,  3.69011,  3.77033,     0.00,  24.85,   0.32, 
   20.082, 0.2992, 0.6760,  3.69184,  3.77033,     0.00,  24.85,   0.32, 
   20.090, 0.2992, 0.6760,  3.69362,  3.77033,     0.00,  24.85,   0.32, 
   20.100, 0.2992, 0.6760,  3.69547,  3.77033,     0.00,  24.85,   0.32, 
   20.110, 0.2992, 0.6760,  3.69739,  3.77033,     0.00,  24.85,   0.32, 
   20.121, 0.2992, 0.6760,  3.69937,  3.77033,     0.00,  24.85,   0.32, 
   20.134, 0.2992, 0.6760,  3.70142,  3.77033,     0.00,  24.85,   0.33, 
   20.148, 0.2992, 0.6760,  3.70354,  3.77033,     0.00,  24.85,   0.33, 
   20.163, 0.2992, 0.6760,  3.70572,  3.77033,     0.00,  24.85,   0.33, 
   20.179, 0.2992, 0.6760,  3.70796,  3.77033,     0.00,  24.85,   0.34, 
   20.197, 0.2992, 0.6760,  3.71026,  3.77033,     0.00,  24.85,   0.34, 
   20.218, 0.2992, 0.6760,  3.71263,  3.77033,     0.00,  24.85,   0.34, 
   20.240, 0.2992, 0.6760,  3.71505,  3.77033,     0.00,  24.85,   0.34, 
   20.264, 0.2992, 0.6760,  3.71752,  3.77033,     0.00,  24.85,   0.35, 
   20.291, 0.2992, 0.6760,  3.72004,  3.77033,     0.00,  24.85,   0.35, 
   20.320, 0.2992, 0.6760,  3.72260,  3.77033,     0.00,  24.85,   0.35, 
   20.352, 0.2992, 0.6760,  3.72520,  3.77033,     0.00,  24.85,   0.35, 
   20.388, 0.2992, 0.6760,  3.72782,  3.77033,     0.00,  24.85,   0.35, 
   20.427, 0.2992, 0.6760,  3.73047,  3.77033,     0.00,  24.85,   0.35, 
   20.470, 0.2992, 0.6760,  3.73312,  3.77033,     0.00,  24.85,   0.35, 
   20.517, 0.2992, 0.6760,  3.73576,  3.77033,     0.00,  24.85,   0.35, 
   20.570, 0.2992, 0.6760,  3.73838,  3.77033,     0.00,  24.85,   0.35, 
   20.627, 0.2992, 0.6760,  3.74097,  3.77033,     0.00,  24.85,   0.34, 
   20.690, 0.2992, 0.6760,  3.74350,  3.77033,     0.00,  24.85,   0.34, 
   20.759, 0.2992, 0.6760,  3.74597,  3.77033,     0.00,  24.85,   0.33, 
   20.835, 0.2992, 0.6760,  3.74834,  3.77033,     0.00,  24.85,   0.33, 
   20.919, 0.2992, 0.6760,  3.75060,  3.77033,     0.00,  24.85,   0.32, 
   21.012, 0.2992, 0.6760,  3.75274,  3.77033,     0.00,  24.85,   0.31, 
   21.113, 0.2992, 0.6760,  3.75474,  3.77033,     0.00,  24.85,   0.30, 
   21.225, 0.2992, 0.6760,  3.75659,  3.77033,     0.00,  24.85,   0.29, 
   21.348, 0.2992, 0.6760,  3.75829,  3.77033,     0.00,  24.85,   0.27, 
   21.483, 0.2992, 0.6760,  3.75982,  3.77033,     0.00,  24.85,   0.26, 
   21.631, 0.2992, 0.6760,  3.76119,  3.77033,     0.00,  24.85,   0.24, 
   21.795, 0.2992, 0.6760,  3.76240,  3.77033,     0.00,  24.85,   0.23, 
   21.974, 0.2992, 0.6760,  3.76346,  3.77033,     0.00,  24.85,   0.21, 
   22.172, 0.2992, 0.6760,  3.76438,  3.77033,     0.00,  24.85,   0.20, 
   22.390, 0.2992, 0.6760,  3.76517,  3.77033,     0.00,  24.85,   0.18, 
   22.629, 0.2992, 0.6760,  3.76584,  3.77033,     0.00,  24.85,   0.17, 
   22.892, 0.2992, 0.6760,  3.76642,  3.77033,     0.00,  24.85,   0.15, 
   23.182, 0.2992, 0.6760,  3.76690,  3.77033,     0.00,  24.85,   0.13, 
   23.501, 0.2992, 0.6760,  3.76731,  3.77033,     0.00,  24.85,   0.12, 
   23.851, 0.2992, 0.6760,  3.76766,  3.77033,     0.00,  24.85,   0.10, 
   24.236, 0.2992, 0.6760,  3.76795,  3.77033,     0.00,  24.85,   0.09, 
   24.660, 0.2992, 0.6760,  3.76821,  3.77033,     0.00,  24.85,   0.08, 
   25.000, 0.2992, 0.6760,  3.76837,  3.77033,     0.00,  24.85,   0.07, 
   25.000, 0.2992, 0.6760,  3.74532,  3.77033,    20.00,  24.85,   0.54, 
 specific energy segment =     0.00 W-h/kg
 specific power segment  =     0.00 W/kg
 total heat =          2.2408 W-h/m2
  
   25.000, 0.2992, 0.6760,  3.74532,  3.77033,    20.00,  24.85,   0.54, 
   25.000, 0.2992, 0.6760,  3.74516,  3.77033,    20.00,  24.85,   0.55, 
   25.001, 0.2992, 0.6761,  3.74506,  3.77033,    20.00,  24.85,   0.55, 
   25.001, 0.2992, 0.6761,  3.74498,  3.77032,    20.00,  24.85,   0.55, 
   25.002, 0.2992, 0.6761,  3.74490,  3.77032,    20.00,  24.85,   0.55, 
   25.002, 0.2992, 0.6761,  3.74483,  3.77032,    20.00,  24.85,   0.55, 
   25.003, 0.2992, 0.6761,  3.74476,  3.77032,    20.00,  24.85,   0.56, 
   25.003, 0.2992, 0.6761,  3.74469,  3.77031,    20.00,  24.85,   0.56, 
   25.004, 0.2992, 0.6761,  3.74462,  3.77031,    20.00,  24.85,   0.56, 
   25.005, 0.2992, 0.6761,  3.74455,  3.77031,    20.00,  24.85,   0.56, 
   25.005, 0.2992, 0.6761,  3.74447,  3.77030,    20.00,  24.85,   0.56, 
   25.006, 0.2992, 0.6761,  3.74440,  3.77030,    20.00,  24.85,   0.56, 
   25.007, 0.2992, 0.6761,  3.74432,  3.77030,    20.00,  24.85,   0.56, 
   25.008, 0.2992, 0.6761,  3.74424,  3.77029,    20.00,  24.85,   0.57, 
   25.009, 0.2992, 0.6761,  3.74415,  3.77028,    20.00,  24.85,   0.57, 
   25.011, 0.2992, 0.6761,  3.74407,  3.77028,    20.00,  24.85,   0.57, 
   25.012, 0.2991, 0.6761,  3.74397,  3.77027,    20.00,  24.85,   0.57, 
   25.014, 0.2991, 0.6761,  3.74388,  3.77026,    20.00,  24.85,   0.57, 
   25.015, 0.2991, 0.6761,  3.74377,  3.77026,    20.00,  24.85,   0.57, 
   25.017, 0.2991, 0.6761,  3.74367,  3.77025,    20.00,  24.85,   0.58, 
   25.019, 0.2991, 0.6761,  3.74356,  3.77024,    20.00,  24.85,   0.58, 
   25.021, 0.2991, 0.6762,  3.74344,  3.77023,    20.00,  24.85,   0.58, 
   25.024, 0.2990, 0.6762,  3.74331,  3.77021,    20.00,  24.85,   0.58, 
   25.027, 0.2990, 0.6762,  3.74318,  3.77020,    20.00,  24.85,   0.59, 
   25.029, 0.2990, 0.6762,  3.74305,  3.77019,    20.00,  24.85,   0.59, 
   25.033, 0.2990, 0.6762,  3.74290,  3.77017,    20.00,  24.85,   0.59, 
   25.036, 0.2989, 0.6762,  3.74275,  3.77015,    20.00,  24.85,   0.59, 
   25.040, 0.2989, 0.6762,  3.74259,  3.77014,    20.00,  24.85,   0.60, 
   25.045, 0.2989, 0.6763,  3.74242,  3.77011,    20.00,  24.85,   0.60, 
   25.050, 0.2988, 0.6763,  3.74224,  3.77009,    20.00,  24.85,   0.60, 
   25.055, 0.2988, 0.6763,  3.74205,  3.77007,    20.00,  24.85,   0.60, 
   25.061, 0.2987, 0.6763,  3.74185,  3.77004,    20.00,  24.85,   0.61, 
   25.067, 0.2987, 0.6764,  3.74164,  3.77001,    20.00,  24.85,   0.61, 
   25.074, 0.2986, 0.6764,  3.74141,  3.76997,    20.00,  24.85,   0.61, 
   25.082, 0.2986, 0.6764,  3.74117,  3.76994,    20.00,  24.85,   0.62, 
   25.090, 0.2985, 0.6765,  3.74092,  3.76989,    20.00,  24.85,   0.62, 
   25.100, 0.2984, 0.6765,  3.74066,  3.76985,    20.00,  24.85,   0.63, 
   25.110, 0.2983, 0.6766,  3.74038,  3.76980,    20.00,  24.85,   0.63, 
   25.121, 0.2982, 0.6766,  3.74008,  3.76974,    20.00,  24.85,   0.63, 
   25.134, 0.2981, 0.6767,  3.73976,  3.76968,    20.00,  24.85,   0.64, 
   25.148, 0.2980, 0.6768,  3.73943,  3.76962,    20.00,  24.85,   0.64, 
   25.163, 0.2979, 0.6768,  3.73908,  3.76955,    20.00,  24.85,   0.65, 
   25.179, 0.2978, 0.6769,  3.73871,  3.76947,    20.00,  24.85,   0.65, 
   25.197, 0.2976, 0.6770,  3.73832,  3.76938,    20.00,  24.85,   0.66, 
   25.218, 0.2974, 0.6771,  3.73790,  3.76928,    20.00,  24.85,   0.67, 
   25.240, 0.2973, 0.6772,  3.73746,  3.76917,    20.00,  24.85,   0.67, 
   25.264, 0.2971, 0.6773,  3.73700,  3.76906,    20.00,  24.85,   0.68, 
   25.291, 0.2968, 0.6775,  3.73652,  3.76893,    20.00,  24.85,   0.68, 
   25.320, 0.2966, 0.6776,  3.73601,  3.76879,    20.00,  24.85,   0.69, 
   25.352, 0.2963, 0.6778,  3.73548,  3.76863,    20.00,  24.85,   0.70, 
   25.388, 0.2960, 0.6779,  3.73492,  3.76846,    20.00,  24.85,   0.70, 
   25.427, 0.2957, 0.6781,  3.73433,  3.76827,    20.00,  24.85,   0.71, 
   25.470, 0.2953, 0.6783,  3.73372,  3.76806,    20.00,  24.85,   0.72, 
   25.517, 0.2949, 0.6786,  3.73308,  3.76784,    20.00,  24.85,   0.72, 
   25.570, 0.2945, 0.6788,  3.73242,  3.76758,    20.00,  24.85,   0.73, 
   25.627, 0.2940, 0.6791,  3.73173,  3.76731,    20.00,  24.85,   0.74, 
   25.690, 0.2935, 0.6794,  3.73101,  3.76700,    20.00,  24.85,   0.75, 
   25.759, 0.2929, 0.6797,  3.73027,  3.76667,    20.00,  24.85,   0.75, 
   25.835, 0.2923, 0.6801,  3.72949,  3.76630,    20.00,  24.85,   0.76, 
   25.919, 0.2916, 0.6805,  3.72869,  3.76590,    20.00,  24.85,   0.77, 
   26.012, 0.2908, 0.6810,  3.72786,  3.76545,    20.00,  24.85,   0.77, 
   26.113, 0.2900, 0.6815,  3.72700,  3.76496,    20.00,  24.85,   0.78, 
   26.225, 0.2891, 0.6820,  3.72610,  3.76442,    20.00,  24.85,   0.79, 
   26.348, 0.2881, 0.6826,  3.72515,  3.76382,    20.00,  24.85,   0.79, 
   26.483, 0.2869, 0.6832,  3.72417,  3.76316,    20.00,  24.85,   0.80, 
   26.631, 0.2857, 0.6840,  3.72312,  3.76244,    20.00,  24.85,   0.80, 
   26.795, 0.2843, 0.6848,  3.72202,  3.76164,    20.00,  24.85,   0.81, 
   26.974, 0.2829, 0.6856,  3.72084,  3.76076,    20.00,  24.85,   0.81, 
   27.172, 0.2812, 0.6866,  3.71958,  3.75978,    20.00,  24.85,   0.82, 
   27.390, 0.2794, 0.6877,  3.71822,  3.75870,    20.00,  24.85,   0.82, 
   27.629, 0.2774, 0.6888,  3.71674,  3.75751,    20.00,  24.85,   0.83, 
   27.892, 0.2752, 0.6901,  3.71512,  3.75619,    20.00,  24.85,   0.83, 
   28.182, 0.2728, 0.6915,  3.71335,  3.75472,    20.00,  24.85,   0.84, 
   28.501, 0.2702, 0.6930,  3.71139,  3.75309,    20.00,  24.85,   0.85, 
   28.851, 0.2673, 0.6947,  3.70922,  3.75127,    20.00,  24.85,   0.85, 
   29.236, 0.2641, 0.6966,  3.70679,  3.74923,    20.00,  24.85,   0.86, 
   29.660, 0.2606, 0.6987,  3.70409,  3.74696,    20.00,  24.85,   0.87, 
   30.000, 0.2578, 0.7003,  3.70189,  3.74510,    20.00,  24.85,   0.88, 
   30.000, 0.2578, 0.7003,  3.72612,  3.74510,     0.00,  24.85,   0.06, 
 specific energy segment =     7.59 W-h/kg
 specific power segment  =    91.08 W/kg
 total heat =          2.3084 W-h/m2
  
   30.000, 0.2578, 0.7003,  3.72612,  3.74510,     0.00,  24.85,   0.06, 
   30.000, 0.2578, 0.7003,  3.72640,  3.74510,     0.00,  24.85,   0.06, 
   30.001, 0.2578, 0.7003,  3.72657,  3.74510,     0.00,  24.85,   0.06, 
   30.001, 0.2578, 0.7003,  3.72671,  3.74510,     0.00,  24.85,   0.06, 
   30.002, 0.2578, 0.7003,  3.72684,  3.74510,     0.00,  24.85,   0.06, 
   30.002, 0.2578, 0.7003,  3.72695,  3.74510,     0.00,  24.85,   0.06, 
   30.003, 0.2578, 0.7003,  3.72706,  3.74510,     0.00,  24.85,   0.05, 
   30.003, 0.2578, 0.7003,  3.72717,  3.74510,     0.00,  24.85,   0.05, 
   30.004, 0.2578, 0.7003,  3.72727,  3.74510,     0.00,  24.85,   0.05, 
   30.005, 0.2578, 0.7003,  3.72737,  3.74510,     0.00,  24.85,   0.05, 
   30.005, 0.2578, 0.7003,  3.72748,  3.74510,     0.00,  24.85,   0.05, 
   30.006, 0.2578, 0.7003,  3.72759,  3.74510,     0.00,  24.85,   0.05, 
   30.007, 0.2578, 0.7003,  3.72769,  3.74510,     0.00,  24.85,   0.05, 
   30.008, 0.2578, 0.7003,  3.72780,  3.74510,     0.00,  24.85,   0.05, 
   30.009, 0.2578, 0.7003,  3.72792,  3.74510,     0.00,  24.85,   0.05, 
   30.011, 0.2578, 0.7003,  3.72803,  3.74510,     0.00,  24.85,   0.05, 
   30.012, 0.2578, 0.7003,  3.72815,  3.74510,     0.00,  24.85,   0.05, 
   30.014, 0.2578, 0.7003,  3.72827,  3.74510,     0.00,  24.85,   0.05, 
   30.015, 0.2578, 0.7003,  3.72840,  3.74510,     0.00,  24.85,   0.05, 
   30.017, 0.2578, 0.7003,  3.72853,  3.74510,     0.00,  24.85,   0.05, 
   30.019, 0.2578, 0.7003,  3.72867,  3.74510,     0.00,  24.85,   0.05, 
   30.021, 0.2578, 0.7003,  3.72881,  3.74510,     0.00,  24.85,   0.04, 
   30.024, 0.2578, 0.7003,  3.72895,  3.74510,     0.00,  24.85,   0.04, 
   30.027, 0.2578, 0.7003,  3.72910,  3.74510,     0.00,  24.85,   0.04, 
   30.029, 0.2578, 0.7003,  3.72926,  3.74510,     0.00,  24.85,   0.04, 
   30.033, 0.2578, 0.7003,  3.72942,  3.74510,     0.00,  24.85,   0.04, 
   30.036, 0.2578, 0.7003,  3.72959,  3.74510,     0.00,  24.85,   0.04, 
   30.040, 0.2578, 0.7003,  3.72977,  3.74510,     0.00,  24.85,   0.04, 
   30.045, 0.2578, 0.7003,  3.72995,  3.74510,     0.00,  24.85,   0.04, 
   30.050, 0.2578, 0.7003,  3.73014,  3.74510,     0.00,  24.85,   0.04, 
   30.055, 0.2578, 0.7003,  3.73034,  3.74510,     0.00,  24.85,   0.04, 
   30.061, 0.2578, 0.7003,  3.73054,  3.74510,     0.00,  24.85,   0.04, 
   30.067, 0.2578, 0.7003,  3.73076,  3.74510,     0.00,  24.85,   0.04, 
   30.074, 0.2578, 0.7003,  3.73098,  3.74510,     0.00,  24.85,   0.04, 
   30.082, 0.2578, 0.7003,  3.73122,  3.74510,     0.00,  24.85,   0.04, 
   30.090, 0.2578, 0.7003,  3.73146,  3.74510,     0.00,  24.85,   0.04, 
   30.100, 0.2578, 0.7003,  3.73171,  3.74510,     0.00,  24.85,   0.04, 
   30.110, 0.2578, 0.7003,  3.73198,  3.74510,     0.00,  24.85,   0.04, 
   30.121, 0.2578, 0.7003,  3.73225,  3.74510,     0.00,  24.85,   0.04, 
   30.134, 0.2578, 0.7003,  3.73254,  3.74510,     0.00,  24.85,   0.04, 
   30.148, 0.2578, 0.7003,  3.73284,  3.74510,     0.00,  24.85,   0.04, 
   30.163, 0.2578, 0.7003,  3.73315,  3.74510,     0.00,  24.85,   0.04, 
   30.179, 0.2578, 0.7003,  3.73347,  3.74510,     0.00,  24.85,   0.03, 
   30.197, 0.2578, 0.7003,  3.73381,  3.74510,     0.00,  24.85,   0.03, 
   30.218, 0.2578, 0.7003,  3.73415,  3.74510,     0.00,  24.85,   0.03, 
   30.240, 0.2578, 0.7003,  3.73451,  3.74510,     0.00,  24.85,   0.03, 
   30.264, 0.2578, 0.7003,  3.73488,  3.74510,     0.00,  24.85,   0.03, 
   30.291, 0.2578, 0.7003,  3.73526,  3.74510,     0.00,  24.85,   0.03, 
   30.320, 0.2578, 0.7003,  3.73565,  3.74510,     0.00,  24.85,   0.03, 
   30.352, 0.2578, 0.7003,  3.73605,  3.74510,     0.00,  24.85,   0.03, 
   30.388, 0.2578, 0.7003,  3.73646,  3.74510,     0.00,  24.85,   0.03, 
   30.427, 0.2578, 0.7003,  3.73687,  3.74510,     0.00,  24.85,   0.03, 
   30.470, 0.2578, 0.7003,  3.73729,  3.74510,     0.00,  24.85,   0.03, 
   30.517, 0.2578, 0.7003,  3.73771,  3.74510,     0.00,  24.85,   0.03, 
   30.570, 0.2578, 0.7003,  3.73814,  3.74510,     0.00,  24.85,   0.03, 
   30.627, 0.2578, 0.7003,  3.73856,  3.74510,     0.00,  24.85,   0.03, 
   30.690, 0.2578, 0.7003,  3.73897,  3.74510,     0.00,  24.85,   0.03, 
   30.759, 0.2578, 0.7003,  3.73938,  3.74510,     0.00,  24.85,   0.03, 
   30.835, 0.2578, 0.7003,  3.73978,  3.74510,     0.00,  24.85,   0.03, 
   30.919, 0.2578, 0.7003,  3.74017,  3.74510,     0.00,  24.85,   0.03, 
   31.012, 0.2578, 0.7003,  3.74055,  3.74510,     0.00,  24.85,   0.03, 
   31.113, 0.2578, 0.7003,  3.74091,  3.74510,     0.00,  24.85,   0.02, 
   31.225, 0.2578, 0.7003,  3.74125,  3.74510,     0.00,  24.85,   0.02, 
   31.348, 0.2578, 0.7003,  3.74157,  3.74510,     0.00,  24.85,   0.02, 
   31.483, 0.2578, 0.7003,  3.74188,  3.74510,     0.00,  24.85,   0.02, 
   31.631, 0.2578, 0.7003,  3.74216,  3.74510,     0.00,  24.85,   0.02, 
   31.795, 0.2578, 0.7003,  3.74243,  3.74510,     0.00,  24.85,   0.02, 
   31.974, 0.2578, 0.7003,  3.74267,  3.74510,     0.00,  24.85,   0.02, 
   32.172, 0.2578, 0.7003,  3.74290,  3.74510,     0.00,  24.85,   0.02, 
   32.390, 0.2578, 0.7003,  3.74311,  3.74510,     0.00,  24.85,   0.01, 
   32.629, 0.2578, 0.7003,  3.74330,  3.74510,     0.00,  24.85,   0.01, 
   32.892, 0.2578, 0.7003,  3.74348,  3.74510,     0.00,  24.85,   0.01, 
   33.182, 0.2578, 0.7003,  3.74365,  3.74510,     0.00,  24.85,   0.01, 
   33.501, 0.2578, 0.7003,  3.74380,  3.74510,     0.00,  24.85,   0.01, 
   33.851, 0.2578, 0.7003,  3.74394,  3.74510,     0.00,  24.85,   0.01, 
   34.236, 0.2578, 0.7003,  3.74407,  3.74510,     0.00,  24.85,   0.01, 
   34.660, 0.2578, 0.7003,  3.74419,  3.74510,     0.00,  24.85,   0.01, 
   34.761, 0.2578, 0.7003,  3.74421,  3.74510,     0.00,  24.85,   0.01, 
   34.761, 0.2578, 0.7003,  3.64392,  3.74510,   100.00,  24.85,  10.06, 
 specific energy segment =     0.00 W-h/kg
 specific power segment  =     0.00 W/kg
 total heat =          2.3097 W-h/m2
  
   34.761, 0.2578, 0.7003,  3.64392,  3.74510,   100.00,  24.85,  10.06, 
   34.761, 0.2577, 0.7003,  3.64286,  3.74509,   100.00,  24.85,  10.16, 
   34.762, 0.2577, 0.7003,  3.64216,  3.74508,   100.00,  24.85,  10.23, 
   34.762, 0.2577, 0.7004,  3.64158,  3.74507,   100.00,  24.85,  10.29, 
   34.763, 0.2577, 0.7004,  3.64105,  3.74506,   100.00,  24.85,  10.34, 
   34.763, 0.2577, 0.7004,  3.64054,  3.74505,   100.00,  24.85,  10.39, 
   34.764, 0.2576, 0.7004,  3.64004,  3.74503,   100.00,  24.85,  10.44, 
   34.764, 0.2576, 0.7004,  3.63954,  3.74501,   100.00,  24.85,  10.49, 
   34.765, 0.2576, 0.7004,  3.63904,  3.74500,   100.00,  24.85,  10.54, 
   34.766, 0.2576, 0.7004,  3.63852,  3.74498,   100.00,  24.85,  10.59, 
   34.766, 0.2575, 0.7005,  3.63800,  3.74496,   100.00,  24.85,  10.64, 
   34.767, 0.2575, 0.7005,  3.63746,  3.74493,   100.00,  24.85,  10.69, 
   34.768, 0.2575, 0.7005,  3.63690,  3.74491,   100.00,  24.85,  10.74, 
   34.769, 0.2574, 0.7005,  3.63632,  3.74488,   100.00,  24.85,  10.80, 
   34.770, 0.2574, 0.7006,  3.63572,  3.74484,   100.00,  24.85,  10.86, 
   34.772, 0.2573, 0.7006,  3.63509,  3.74481,   100.00,  24.85,  10.92, 
   34.773, 0.2573, 0.7006,  3.63443,  3.74477,   100.00,  24.85,  10.98, 
   34.775, 0.2572, 0.7007,  3.63374,  3.74473,   100.00,  24.85,  11.04, 
   34.776, 0.2571, 0.7007,  3.63302,  3.74468,   100.00,  24.85,  11.11, 
   34.778, 0.2570, 0.7007,  3.63227,  3.74463,   100.00,  24.85,  11.18, 
   34.780, 0.2570, 0.7008,  3.63148,  3.74457,   100.00,  24.85,  11.26, 
   34.782, 0.2569, 0.7008,  3.63065,  3.74451,   100.00,  24.85,  11.33, 
   34.785, 0.2568, 0.7009,  3.62977,  3.74444,   100.00,  24.85,  11.41, 
   34.788, 0.2567, 0.7010,  3.62885,  3.74437,   100.00,  24.85,  11.50, 
   34.790, 0.2565, 0.7010,  3.62788,  3.74429,   100.00,  24.85,  11.59, 
   34.794, 0.2564, 0.7011,  3.62686,  3.74420,   100.00,  24.85,  11.68, 
   34.797, 0.2562, 0.7012,  3.62579,  3.74410,   100.00,  24.85,  11.78, 
   34.801, 0.2561, 0.7013,  3.62465,  3.74398,   100.00,  24.85,  11.88, 
   34.806, 0.2559, 0.7014,  3.62345,  3.74386,   100.00,  24.85,  11.99, 
   34.811, 0.2557, 0.7015,  3.62218,  3.74373,   100.00,  24.85,  12.10, 
   34.816, 0.2555, 0.7017,  3.62084,  3.74358,   100.00,  24.85,  12.22, 
   34.822, 0.2552, 0.7018,  3.61942,  3.74342,   100.00,  24.85,  12.35, 
   34.828, 0.2550, 0.7020,  3.61792,  3.74324,   100.00,  24.85,  12.48, 
   34.835, 0.2547, 0.7021,  3.61632,  3.74304,   100.00,  24.85,  12.62, 
   34.843, 0.2544, 0.7023,  3.61463,  3.74283,   100.00,  24.85,  12.76, 
   34.851, 0.2540, 0.7025,  3.61284,  3.74259,   100.00,  24.85,  12.92, 
   34.861, 0.2536, 0.7028,  3.61094,  3.74232,   100.00,  24.85,  13.08, 
   34.871, 0.2532, 0.7030,  3.60892,  3.74203,   100.00,  24.85,  13.25, 
   34.882, 0.2527, 0.7033,  3.60677,  3.74171,   100.00,  24.85,  13.43, 
   34.895, 0.2522, 0.7036,  3.60449,  3.74136,   100.00,  24.85,  13.63, 
   34.909, 0.2516, 0.7039,  3.60206,  3.74097,   100.00,  24.85,  13.83, 
   34.924, 0.2510, 0.7043,  3.59948,  3.74054,   100.00,  24.85,  14.04, 
   34.940, 0.2503, 0.7047,  3.59674,  3.74006,   100.00,  24.85,  14.26, 
   34.958, 0.2496, 0.7051,  3.59383,  3.73953,   100.00,  24.85,  14.50, 
   34.979, 0.2487, 0.7056,  3.59074,  3.73895,   100.00,  24.85,  14.75, 
   35.000, 0.2478, 0.7061,  3.58755,  3.73833,   100.00,  24.85,  15.00, 
   35.000, 0.2478, 0.7061,  3.60005,  3.73833,    85.00,  24.85,  11.71, 
 specific energy segment =     1.76 W-h/kg
 specific power segment  =   441.96 W/kg
 total heat =          2.3627 W-h/m2
  
   35.000, 0.2478, 0.7061,  3.60005,  3.73833,    85.00,  24.85,  11.71, 
   35.000, 0.2478, 0.7061,  3.60027,  3.73832,    85.00,  24.85,  11.69, 
   35.001, 0.2478, 0.7061,  3.60038,  3.73831,    85.00,  24.85,  11.68, 
   35.001, 0.2478, 0.7062,  3.60045,  3.73830,    85.00,  24.85,  11.67, 
   35.002, 0.2478, 0.7062,  3.60050,  3.73829,    85.00,  24.85,  11.66, 
   35.002, 0.2478, 0.7062,  3.60053,  3.73828,    85.00,  24.85,  11.66, 
   35.003, 0.2478, 0.7062,  3.60056,  3.73826,    85.00,  24.85,  11.65, 
   35.003, 0.2477, 0.7062,  3.60058,  3.73825,    85.00,  24.85,  11.65, 
   35.004, 0.2477, 0.7062,  3.60058,  3.73823,    85.00,  24.85,  11.65, 
   35.005, 0.2477, 0.7062,  3.60058,  3.73822,    85.00,  24.85,  11.65, 
   35.005, 0.2477, 0.7062,  3.60057,  3.73820,    85.00,  24.85,  11.65, 
   35.006, 0.2476, 0.7063,  3.60055,  3.73818,    85.00,  24.85,  11.65, 
   35.007, 0.2476, 0.7063,  3.60052,  3.73815,    85.00,  24.85,  11.65, 
   35.008, 0.2476, 0.7063,  3.60047,  3.73813,    85.00,  24.85,  11.65, 
   35.009, 0.2475, 0.7063,  3.60042,  3.73810,    85.00,  24.85,  11.65, 
   35.011, 0.2475, 0.7064,  3.60035,  3.73807,    85.00,  24.85,  11.65, 
   35.012, 0.2474, 0.7064,  3.60027,  3.73803,    85.00,  24.85,  11.65, 
   35.014, 0.2474, 0.7064,  3.60018,  3.73799,    85.00,  24.85,  11.66, 
   35.015, 0.2473, 0.7064,  3.60007,  3.73795,    85.00,  24.85,  11.66, 
   35.017, 0.2472, 0.7065,  3.59994,  3.73791,    85.00,  24.85,  11.67, 
   35.019, 0.2472, 0.7065,  3.59979,  3.73785,    85.00,  24.85,  11.68, 
   35.021, 0.2471, 0.7066,  3.59962,  3.73780,    85.00,  24.85,  11.69, 
   35.024, 0.2470, 0.7066,  3.59943,  3.73774,    85.00,  24.85,  11.70, 
   35.027, 0.2469, 0.7067,  3.59921,  3.73767,    85.00,  24.85,  11.71, 
   35.029, 0.2468, 0.7067,  3.59896,  3.73760,    85.00,  24.85,  11.73, 
   35.033, 0.2467, 0.7068,  3.59868,  3.73751,    85.00,  24.85,  11.74, 
   35.036, 0.2466, 0.7069,  3.59837,  3.73742,    85.00,  24.85,  11.76, 
   35.040, 0.2464, 0.7070,  3.59802,  3.73732,    85.00,  24.85,  11.78, 
   35.045, 0.2463, 0.7071,  3.59763,  3.73721,    85.00,  24.85,  11.80, 
   35.050, 0.2461, 0.7072,  3.59719,  3.73709,    85.00,  24.85,  11.83, 
   35.055, 0.2459, 0.7073,  3.59671,  3.73696,    85.00,  24.85,  11.86, 
   35.061, 0.2457, 0.7074,  3.59617,  3.73682,    85.00,  24.85,  11.89, 
   35.067, 0.2455, 0.7075,  3.59558,  3.73666,    85.00,  24.85,  11.93, 
   35.074, 0.2452, 0.7077,  3.59493,  3.73648,    85.00,  24.85,  11.97, 
   35.082, 0.2450, 0.7078,  3.59420,  3.73628,    85.00,  24.85,  12.01, 
   35.090, 0.2447, 0.7080,  3.59341,  3.73607,    85.00,  24.85,  12.06, 
   35.100, 0.2443, 0.7082,  3.59254,  3.73583,    85.00,  24.85,  12.11, 
   35.110, 0.2440, 0.7084,  3.59159,  3.73557,    85.00,  24.85,  12.17, 
   35.121, 0.2436, 0.7086,  3.59055,  3.73528,    85.00,  24.85,  12.23, 
   35.134, 0.2431, 0.7089,  3.58941,  3.73497,    85.00,  24.85,  12.30, 
   35.148, 0.2426, 0.7092,  3.58817,  3.73462,    85.00,  24.85,  12.38, 
   35.163, 0.2421, 0.7095,  3.58682,  3.73423,    85.00,  24.85,  12.46, 
   35.179, 0.2415, 0.7098,  3.58535,  3.73380,    85.00,  24.85,  12.55, 
   35.197, 0.2409, 0.7102,  3.58376,  3.73333,    85.00,  24.85,  12.64, 
   35.218, 0.2402, 0.7106,  3.58204,  3.73282,    85.00,  24.85,  12.74, 
   35.240, 0.2394, 0.7111,  3.58019,  3.73224,    85.00,  24.85,  12.85, 
   35.264, 0.2385, 0.7116,  3.57818,  3.73161,    85.00,  24.85,  12.96, 
   35.291, 0.2376, 0.7121,  3.57603,  3.73091,    85.00,  24.85,  13.08, 
   35.320, 0.2366, 0.7127,  3.57371,  3.73013,    85.00,  24.85,  13.21, 
   35.352, 0.2354, 0.7134,  3.57123,  3.72928,    85.00,  24.85,  13.35, 
   35.388, 0.2342, 0.7141,  3.56856,  3.72833,    85.00,  24.85,  13.49, 
   35.427, 0.2328, 0.7149,  3.56571,  3.72728,    85.00,  24.85,  13.65, 
   35.470, 0.2313, 0.7158,  3.56267,  3.72612,    85.00,  24.85,  13.80, 
   35.517, 0.2296, 0.7168,  3.55942,  3.72483,    85.00,  24.85,  13.97, 
   35.570, 0.2278, 0.7179,  3.55596,  3.72339,    85.00,  24.85,  14.14, 
   35.627, 0.2257, 0.7191,  3.55228,  3.72181,    85.00,  24.85,  14.32, 
   35.690, 0.2235, 0.7204,  3.54836,  3.72004,    85.00,  24.85,  14.50, 
   35.759, 0.2211, 0.7218,  3.54422,  3.71808,    85.00,  24.85,  14.68, 
   35.835, 0.2184, 0.7234,  3.53987,  3.71591,    85.00,  24.85,  14.87, 
   35.919, 0.2154, 0.7251,  3.53538,  3.71349,    85.00,  24.85,  15.04, 
   36.012, 0.2122, 0.7270,  3.53091,  3.71080,    85.00,  24.85,  15.18, 
   36.113, 0.2086, 0.7291,  3.52664,  3.70781,    85.00,  24.85,  15.27, 
   36.225, 0.2047, 0.7314,  3.52244,  3.70449,    85.00,  24.85,  15.32, 
   36.348, 0.2003, 0.7339,  3.51816,  3.70081,    85.00,  24.85,  15.34, 
   36.483, 0.1956, 0.7367,  3.51370,  3.69673,    85.00,  24.85,  15.35, 
   36.631, 0.1903, 0.7398,  3.50900,  3.69222,    85.00,  24.85,  15.36, 
   36.795, 0.1846, 0.7432,  3.50402,  3.68724,    85.00,  24.85,  15.36, 
   36.974, 0.1782, 0.7469,  3.49872,  3.68176,    85.00,  24.85,  15.36, 
   37.172, 0.1712, 0.7510,  3.49306,  3.67576,    85.00,  24.85,  15.36, 
   37.390, 0.1636, 0.7555,  3.48701,  3.66917,    85.00,  24.85,  15.36, 
   37.629, 0.1551, 0.7604,  3.48046,  3.66191,    85.00,  24.85,  15.37, 
   37.892, 0.1459, 0.7658,  3.47296,  3.65378,    85.00,  24.85,  15.40, 
   38.156, 0.1366, 0.7713,  3.46334,  3.64533,    85.00,  24.85,  15.58, 
   38.419, 0.1273, 0.7767,  3.44589,  3.63684,    85.00,  24.85,  16.37, 
   38.682, 0.1180, 0.7821,  3.39310,  3.62939,    85.00,  24.85,  20.18, 
   38.945, 0.1087, 0.7876,  3.21839,  3.62418,    85.00,  24.85,  34.52, 
   39.209, 0.0994, 0.7930,  2.64254,  3.62109,    85.00,  24.85,  83.17, 
   39.274, 0.0971, 0.7944,  2.35502,  3.62051,    85.00,  24.85, 107.55, 
   39.307, 0.0960, 0.7950,  2.17582,  3.62023,    85.00,  24.85, 122.76, 
   39.324, 0.0954, 0.7954,  2.07573,  3.62010,    85.00,  24.85, 131.26, 
   39.333, 0.0951, 0.7956,  2.01743,  3.62002,    85.00,  24.85, 136.21, 
   39.338, 0.0949, 0.7957,  1.98427,  3.61998,    85.00,  24.85, 139.02, 

            mass  =  0.8166 kg/m2
 specific energy segment =    25.77 W-h/kg
 specific power segment  =   356.03 W/kg
 total heat =          4.0754 W-h/m2
  
