  Time (min)    V neg      V pos       Cur (A/m2)    Temp (C)   Heat Gen (W/m3)
***********    0.178978    4.241652      0.0000     24.850000   0.0000000E+00
   0.000333    0.178978    4.241652      0.0000     24.850000   0.0000000E+00
   0.000667    0.178978    4.241652      0.0000     24.850000   0.0000000E+00
   0.001033    0.178978    4.241652      0.0000     24.850000   0.0000000E+00
   0.001437    0.178978    4.241652      0.0000     24.850000   0.0000000E+00
   0.001880    0.178978    4.241652      0.0000     24.850000   0.0000000E+00
   0.002368    0.178978    4.241652      0.0000     24.850000   0.0000000E+00
   0.002905    0.178978    4.241652      0.0000     24.850000   0.0000000E+00
   0.003496    0.178978    4.241652      0.0000     24.850000   0.0000000E+00
   0.004145    0.178978    4.241652      0.0000     24.850000   0.0000000E+00
   0.004860    0.178978    4.241652      0.0000     24.850000   0.0000000E+00
   0.005646    0.178978    4.241652      0.0000     24.850000   0.0000000E+00
   0.006510    0.178978    4.241652      0.0000     24.850000   0.0000000E+00
   0.007461    0.178978    4.241652      0.0000     24.850000   0.0000000E+00
   0.008508    0.178978    4.241652      0.0000     24.850000   0.0000000E+00
   0.009658    0.178978    4.241652      0.0000     24.850000   0.0000000E+00
   0.010924    0.178978    4.241652      0.0000     24.850000   0.0000000E+00
   0.012317    0.178978    4.241652      0.0000     24.850000   0.0000000E+00
   0.013848    0.178978    4.241652      0.0000     24.850000   0.0000000E+00
   0.015533    0.178978    4.241652      0.0000     24.850000   0.0000000E+00
   0.017386    0.178978    4.241652      0.0000     24.850000   0.0000000E+00
   0.019425    0.178978    4.241652      0.0000     24.850000   0.0000000E+00
   0.021667    0.178978    4.241652      0.0000     24.850000   0.0000000E+00
   0.024134    0.178978    4.241652      0.0000     24.850000   0.0000000E+00
   0.026848    0.178978    4.241652      0.0000     24.850000   0.0000000E+00
   0.029832    0.178978    4.241652      0.0000     24.850000   0.0000000E+00
   0.033116    0.178978    4.241652      0.0000     24.850000   0.0000000E+00
   0.036727    0.178978    4.241652      0.0000     24.850000   0.0000000E+00
   0.040700    0.178978    4.241652      0.0000     24.850000   0.0000000E+00
   0.045070    0.178978    4.241652      0.0000     24.850000   0.0000000E+00
   0.049877    0.178978    4.241652      0.0000     24.850000   0.0000000E+00
   0.055165    0.178978    4.241652      0.0000     24.850000   0.0000000E+00
   0.060981    0.178978    4.241652      0.0000     24.850000   0.0000000E+00
   0.067379    0.178978    4.241652      0.0000     24.850000   0.0000000E+00
   0.074417    0.178978    4.241652      0.0000     24.850000   0.0000000E+00
   0.082159    0.178978    4.241652      0.0000     24.850000   0.0000000E+00
   0.090675    0.178978    4.241652      0.0000     24.850000   0.0000000E+00
   0.100042    0.178978    4.241652      0.0000     24.850000   0.0000000E+00
   0.110346    0.178978    4.241652      0.0000     24.850000   0.0000000E+00
   0.121681    0.178978    4.241652      0.0000     24.850000   0.0000000E+00
   0.134149    0.178978    4.241652      0.0000     24.850000   0.0000000E+00
   0.147864    0.178978    4.241652      0.0000     24.850000   0.0000000E+00
   0.162951    0.178978    4.241652      0.0000     24.850000   0.0000000E+00
   0.179546    0.178978    4.241652      0.0000     24.850000   0.0000000E+00
   0.197800    0.178978    4.241652      0.0000     24.850000   0.0000000E+00
   0.217880    0.178978    4.241652      0.0000     24.850000   0.0000000E+00
   0.239968    0.178978    4.241652      0.0000     24.850000   0.0000000E+00
   0.264265    0.178978    4.241652      0.0000     24.850000   0.0000000E+00
   0.290992    0.178978    4.241652      0.0000     24.850000   0.0000000E+00
   0.320391    0.178978    4.241652      0.0000     24.850000   0.0000000E+00
   0.352730    0.178978    4.241652      0.0000     24.850000   0.0000000E+00
   0.388303    0.178978    4.241652      0.0000     24.850000   0.0000000E+00
   0.427433    0.178978    4.241652      0.0000     24.850000   0.0000000E+00
   0.470476    0.178978    4.241652      0.0000     24.850000   0.0000000E+00
   0.517824    0.178978    4.241652      0.0000     24.850000   0.0000000E+00
   0.569906    0.178978    4.241652      0.0000     24.850000   0.0000000E+00
   0.627197    0.178978    4.241652      0.0000     24.850000   0.0000000E+00
   0.690217    0.178978    4.241652      0.0000     24.850000   0.0000000E+00
   0.759539    0.178978    4.241652      0.0000     24.850000   0.0000000E+00
   0.835792    0.178978    4.241652      0.0000     24.850000   0.0000000E+00
   0.919672    0.178978    4.241652      0.0000     24.850000   0.0000000E+00
   1.011939    0.178978    4.241652      0.0000     24.850000   0.0000000E+00
   1.113433    0.178978    4.241652      0.0000     24.850000   0.0000000E+00
   1.225076    0.178978    4.241652      0.0000     24.850000   0.0000000E+00
   1.347884    0.178978    4.241652      0.0000     24.850000   0.0000000E+00
   1.482972    0.178978    4.241652      0.0000     24.850000   0.0000000E+00
   1.631569    0.178978    4.241652      0.0000     24.850000   0.0000000E+00
   1.795026    0.178978    4.241652      0.0000     24.850000   0.0000000E+00
   1.974829    0.178978    4.241652      0.0000     24.850000   0.0000000E+00
   2.172611    0.178978    4.241652      0.0000     24.850000   0.0000000E+00
   2.390173    0.178978    4.241652      0.0000     24.850000   0.0000000E+00
   2.629490    0.178978    4.241652      0.0000     24.850000   0.0000000E+00
   2.892739    0.178978    4.241652      0.0000     24.850000   0.0000000E+00
   3.182313    0.178978    4.241652      0.0000     24.850000   0.0000000E+00
   3.500844    0.178978    4.241652      0.0000     24.850000   0.0000000E+00
   3.851228    0.178978    4.241652      0.0000     24.850000   0.0000000E+00
   4.236651    0.178978    4.241652      0.0000     24.850000   0.0000000E+00
   4.660616    0.178978    4.241652      0.0000     24.850000   0.0000000E+00
   5.000000    0.178978    4.241652      0.0000     24.850000   0.0000000E+00
   5.000000    0.184614    4.214625     30.0000     24.850000   4.3550661E+03
   5.000000    0.184614    4.214625     30.0000     24.850000   4.3550661E+03
   5.000333    0.184631    4.214468     30.0000     24.850000   4.3779475E+03
   5.000700    0.184644    4.214366     30.0000     24.850000   4.3928435E+03
   5.001103    0.184656    4.214283     30.0000     24.850000   4.4051752E+03
   5.001547    0.184668    4.214207     30.0000     24.850000   4.4163747E+03
   5.002035    0.184679    4.214136     30.0000     24.850000   4.4270328E+03
   5.002572    0.184691    4.214066     30.0000     24.850000   4.4374532E+03
   5.003162    0.184704    4.213996     30.0000     24.850000   4.4478222E+03
   5.003812    0.184717    4.213926     30.0000     24.850000   4.4582647E+03
   5.004526    0.184730    4.213854     30.0000     24.850000   4.4688746E+03
   5.005312    0.184744    4.213781     30.0000     24.850000   4.4797252E+03
   5.006177    0.184758    4.213706     30.0000     24.850000   4.4908793E+03
   5.007128    0.184774    4.213628     30.0000     24.850000   4.5023906E+03
   5.008174    0.184790    4.213547     30.0000     24.850000   4.5143092E+03
   5.009325    0.184806    4.213463     30.0000     24.850000   4.5266809E+03
   5.010591    0.184824    4.213375     30.0000     24.850000   4.5395505E+03
   5.011983    0.184843    4.213283     30.0000     24.850000   4.5529606E+03
   5.013515    0.184862    4.213187     30.0000     24.850000   4.5669541E+03
   5.015200    0.184883    4.213086     30.0000     24.850000   4.5815732E+03
   5.017053    0.184904    4.212979     30.0000     24.850000   4.5968610E+03
   5.019092    0.184927    4.212867     30.0000     24.850000   4.6128604E+03
   5.021334    0.184951    4.212749     30.0000     24.850000   4.6296159E+03
   5.023801    0.184976    4.212625     30.0000     24.850000   4.6471722E+03
   5.026514    0.185002    4.212494     30.0000     24.850000   4.6655760E+03
   5.029499    0.185030    4.212356     30.0000     24.850000   4.6848744E+03
   5.032782    0.185059    4.212210     30.0000     24.850000   4.7051165E+03
   5.036394    0.185090    4.212056     30.0000     24.850000   4.7263525E+03
   5.040367    0.185123    4.211893     30.0000     24.850000   4.7486344E+03
   5.044737    0.185157    4.211721     30.0000     24.850000   4.7720155E+03
   5.049544    0.185193    4.211539     30.0000     24.850000   4.7965511E+03
   5.054831    0.185231    4.211346     30.0000     24.850000   4.8222977E+03
   5.060648    0.185272    4.211143     30.0000     24.850000   4.8493144E+03
   5.067046    0.185315    4.210927     30.0000     24.850000   4.8776611E+03
   5.074084    0.185360    4.210700     30.0000     24.850000   4.9074003E+03
   5.081826    0.185409    4.210460     30.0000     24.850000   4.9385955E+03
   5.090341    0.185461    4.210206     30.0000     24.850000   4.9713124E+03
   5.099709    0.185517    4.209938     30.0000     24.850000   5.0056174E+03
   5.110013    0.185577    4.209655     30.0000     24.850000   5.0415785E+03
   5.121348    0.185641    4.209356     30.0000     24.850000   5.0792631E+03
   5.133816    0.185710    4.209041     30.0000     24.850000   5.1187388E+03
   5.147531    0.185786    4.208710     30.0000     24.850000   5.1600705E+03
   5.162617    0.185867    4.208361     30.0000     24.850000   5.2033203E+03
   5.179212    0.185956    4.207993     30.0000     24.850000   5.2485441E+03
   5.197467    0.186053    4.207607     30.0000     24.850000   5.2957904E+03
   5.217547    0.186158    4.207202     30.0000     24.850000   5.3450972E+03
   5.239635    0.186273    4.206777     30.0000     24.850000   5.3964903E+03
   5.263932    0.186400    4.206333     30.0000     24.850000   5.4499806E+03
   5.290658    0.186537    4.205868     30.0000     24.850000   5.5055643E+03
   5.320057    0.186688    4.205382     30.0000     24.850000   5.5632225E+03
   5.352397    0.186853    4.204876     30.0000     24.850000   5.6229257E+03
   5.387970    0.187033    4.204349     30.0000     24.850000   5.6846394E+03
   5.427100    0.187229    4.203800     30.0000     24.850000   5.7483380E+03
   5.470143    0.187443    4.203229     30.0000     24.850000   5.8140238E+03
   5.517491    0.187674    4.202634     30.0000     24.850000   5.8817595E+03
   5.569573    0.187925    4.202011     30.0000     24.850000   5.9517141E+03
   5.626864    0.188195    4.201359     30.0000     24.850000   6.0242315E+03
   5.689884    0.188486    4.200669     30.0000     24.850000   6.0999263E+03
   5.759205    0.188798    4.199933     30.0000     24.850000   6.1798179E+03
   5.835459    0.189132    4.199136     30.0000     24.850000   6.2655068E+03
   5.919338    0.189488    4.198258     30.0000     24.850000   6.3594003E+03
   6.011605    0.189868    4.197270     30.0000     24.850000   6.4649805E+03
   6.113099    0.190272    4.196133     30.0000     24.850000   6.5871151E+03
   6.224743    0.190701    4.194792     30.0000     24.850000   6.7324242E+03
   6.347550    0.191157    4.193174     30.0000     24.850000   6.9097788E+03
   6.482639    0.191644    4.191175     30.0000     24.850000   7.1310443E+03
   6.631236    0.192164    4.188658     30.0000     24.850000   7.4120464E+03
   6.794693    0.192723    4.185433     30.0000     24.850000   7.7728914E+03
   6.974495    0.193327    4.181279     30.0000     24.850000   8.2340282E+03
   7.172278    0.193985    4.176040     30.0000     24.850000   8.7992152E+03
   7.389839    0.194709    4.169860     30.0000     24.850000   9.4172342E+03
   7.629157    0.195513    4.163395     30.0000     24.850000   9.9427918E+03
   7.892406    0.196416    4.157615     30.0000     24.850000   1.0161221E+04
   8.181979    0.197446    4.153164     30.0000     24.850000   9.9217595E+03
   8.500511    0.198644    4.150010     30.0000     24.850000   9.3090598E+03
   8.850895    0.200071    4.147687     30.0000     24.850000   8.6348409E+03
   9.236318    0.201797    4.145632     30.0000     24.850000   8.1971364E+03
   9.660283    0.203879    4.143311     30.0000     24.850000   8.1120246E+03
  10.000000    0.205646    4.141110     30.0000     24.850000   8.2572534E+03
  10.000000    0.200038    4.169857      0.0000     24.850000   2.4184454E+02
  10.000000    0.200038    4.169857      0.0000     24.850000   2.4184454E+02
  10.000333    0.199746    4.170021      0.0000     24.850000   2.2909725E+02
  10.000700    0.199563    4.170124      0.0000     24.850000   2.2127940E+02
  10.001103    0.199416    4.170207      0.0000     24.850000   2.1514127E+02
  10.001547    0.199286    4.170281      0.0000     24.850000   2.0982207E+02
  10.002035    0.199166    4.170350      0.0000     24.850000   2.0497335E+02
  10.002572    0.199051    4.170417      0.0000     24.850000   2.0042273E+02
  10.003162    0.198939    4.170482      0.0000     24.850000   1.9607014E+02
  10.003812    0.198828    4.170547      0.0000     24.850000   1.9185423E+02
  10.004526    0.198718    4.170612      0.0000     24.850000   1.8773326E+02
  10.005312    0.198607    4.170679      0.0000     24.850000   1.8367935E+02
  10.006177    0.198496    4.170746      0.0000     24.850000   1.7967198E+02
  10.007128    0.198383    4.170815      0.0000     24.850000   1.7569730E+02
  10.008174    0.198268    4.170886      0.0000     24.850000   1.7174481E+02
  10.009325    0.198151    4.170958      0.0000     24.850000   1.6780794E+02
  10.010591    0.198032    4.171033      0.0000     24.850000   1.6388189E+02
  10.011983    0.197909    4.171111      0.0000     24.850000   1.5996451E+02
  10.013515    0.197784    4.171191      0.0000     24.850000   1.5605468E+02
  10.015200    0.197655    4.171275      0.0000     24.850000   1.5215329E+02
  10.017053    0.197522    4.171361      0.0000     24.850000   1.4826187E+02
  10.019092    0.197386    4.171451      0.0000     24.850000   1.4438355E+02
  10.021334    0.197246    4.171545      0.0000     24.850000   1.4052189E+02
  10.023801    0.197101    4.171642      0.0000     24.850000   1.3668182E+02
  10.026514    0.196951    4.171743      0.0000     24.850000   1.3286852E+02
  10.029499    0.196797    4.171849      0.0000     24.850000   1.2908835E+02
  10.032782    0.196638    4.171959      0.0000     24.850000   1.2534777E+02
  10.036394    0.196473    4.172074      0.0000     24.850000   1.2165425E+02
  10.040367    0.196303    4.172194      0.0000     24.850000   1.1801522E+02
  10.044737    0.196127    4.172318      0.0000     24.850000   1.1443886E+02
  10.049544    0.195944    4.172448      0.0000     24.850000   1.1093313E+02
  10.054831    0.195756    4.172584      0.0000     24.850000   1.0750649E+02
  10.060648    0.195560    4.172725      0.0000     24.850000   1.0416688E+02
  10.067046    0.195358    4.172872      0.0000     24.850000   1.0092242E+02
  10.074084    0.195148    4.173025      0.0000     24.850000   9.7780391E+01
  10.081826    0.194930    4.173185      0.0000     24.850000   9.4747820E+01
  10.090341    0.194705    4.173350      0.0000     24.850000   9.1830497E+01
  10.099709    0.194471    4.173522      0.0000     24.850000   8.9033504E+01
  10.110013    0.194228    4.173701      0.0000     24.850000   8.6360252E+01
  10.121348    0.193976    4.173886      0.0000     24.850000   8.3812988E+01
  10.133816    0.193714    4.174078      0.0000     24.850000   8.1391897E+01
  10.147531    0.193443    4.174277      0.0000     24.850000   7.9095650E+01
  10.162617    0.193161    4.174482      0.0000     24.850000   7.6920611E+01
  10.179212    0.192870    4.174694      0.0000     24.850000   7.4861463E+01
  10.197467    0.192567    4.174912      0.0000     24.850000   7.2910559E+01
  10.217547    0.192254    4.175135      0.0000     24.850000   7.1058608E+01
  10.239635    0.191931    4.175365      0.0000     24.850000   6.9294137E+01
  10.263932    0.191598    4.175599      0.0000     24.850000   6.7604208E+01
  10.290658    0.191254    4.175839      0.0000     24.850000   6.5973941E+01
  10.320057    0.190902    4.176081      0.0000     24.850000   6.4387240E+01
  10.352397    0.190541    4.176327      0.0000     24.850000   6.2826409E+01
  10.387970    0.190173    4.176575      0.0000     24.850000   6.1272960E+01
  10.427100    0.189799    4.176824      0.0000     24.850000   5.9707443E+01
  10.470143    0.189421    4.177073      0.0000     24.850000   5.8110467E+01
  10.517491    0.189041    4.177320      0.0000     24.850000   5.6462866E+01
  10.569573    0.188660    4.177565      0.0000     24.850000   5.4746990E+01
  10.626864    0.188281    4.177805      0.0000     24.850000   5.2947169E+01
  10.689884    0.187906    4.178039      0.0000     24.850000   5.1051140E+01
  10.759205    0.187537    4.178265      0.0000     24.850000   4.9050551E+01
  10.835459    0.187177    4.178481      0.0000     24.850000   4.6942188E+01
  10.919338    0.186828    4.178687      0.0000     24.850000   4.4728137E+01
  11.011605    0.186491    4.178880      0.0000     24.850000   4.2416414E+01
  11.113099    0.186169    4.179060      0.0000     24.850000   4.0020444E+01
  11.224743    0.185863    4.179225      0.0000     24.850000   3.7558859E+01
  11.347550    0.185573    4.179374      0.0000     24.850000   3.5054192E+01
  11.482639    0.185300    4.179507      0.0000     24.850000   3.2531910E+01
  11.631236    0.185045    4.179624      0.0000     24.850000   3.0018584E+01
  11.794693    0.184806    4.179726      0.0000     24.850000   2.7540593E+01
  11.974495    0.184584    4.179812      0.0000     24.850000   2.5122331E+01
  12.172278    0.184379    4.179885      0.0000     24.850000   2.2785213E+01
  12.389839    0.184188    4.179944      0.0000     24.850000   2.0546549E+01
  12.629157    0.184013    4.179993      0.0000     24.850000   1.8419369E+01
  12.892406    0.183851    4.180031      0.0000     24.850000   1.6412285E+01
  13.181979    0.183703    4.180061      0.0000     24.850000   1.4530185E+01
  13.500511    0.183568    4.180084      0.0000     24.850000   1.2774842E+01
  13.850895    0.183445    4.180102      0.0000     24.850000   1.1146007E+01
  14.236318    0.183333    4.180116      0.0000     24.850000   9.6421414E+00
  14.660283    0.183234    4.180126      0.0000     24.850000   8.2612827E+00
  15.000000    0.183167    4.180133      0.0000     24.850000   7.3127693E+00
  15.000000    0.204771    4.093965    115.0000     24.850000   5.5119194E+04
  15.000000    0.204771    4.093965    115.0000     24.850000   5.5119194E+04
  15.000333    0.205354    4.093527    115.0000     24.850000   5.5642102E+04
  15.000700    0.205765    4.093245    115.0000     24.850000   5.5994910E+04
  15.001103    0.206120    4.093011    115.0000     24.850000   5.6293449E+04
  15.001547    0.206452    4.092797    115.0000     24.850000   5.6569243E+04
  15.002035    0.206775    4.092591    115.0000     24.850000   5.6835509E+04
  15.002572    0.207096    4.092387    115.0000     24.850000   5.7099168E+04
  15.003162    0.207421    4.092181    115.0000     24.850000   5.7364548E+04
  15.003812    0.207752    4.091970    115.0000     24.850000   5.7634630E+04
  15.004526    0.208091    4.091753    115.0000     24.850000   5.7911716E+04
  15.005312    0.208441    4.091527    115.0000     24.850000   5.8197671E+04
  15.006177    0.208803    4.091290    115.0000     24.850000   5.8494142E+04
  15.007128    0.209178    4.091041    115.0000     24.850000   5.8802610E+04
  15.008174    0.209568    4.090777    115.0000     24.850000   5.9124501E+04
  15.009325    0.209973    4.090498    115.0000     24.850000   5.9461189E+04
  15.010591    0.210395    4.090200    115.0000     24.850000   5.9814073E+04
  15.011983    0.210834    4.089882    115.0000     24.850000   6.0184562E+04
  15.013515    0.211292    4.089542    115.0000     24.850000   6.0574144E+04
  15.015200    0.211769    4.089176    115.0000     24.850000   6.0984368E+04
  15.017053    0.212267    4.088783    115.0000     24.850000   6.1416902E+04
  15.019092    0.212785    4.088359    115.0000     24.850000   6.1873523E+04
  15.021334    0.213326    4.087900    115.0000     24.850000   6.2356166E+04
  15.023801    0.213890    4.087404    115.0000     24.850000   6.2866925E+04
  15.026514    0.214477    4.086865    115.0000     24.850000   6.3408096E+04
  15.029499    0.215089    4.086279    115.0000     24.850000   6.3982175E+04
  15.032782    0.215727    4.085640    115.0000     24.850000   6.4591909E+04
  15.036394    0.216391    4.084943    115.0000     24.850000   6.5240291E+04
  15.040367    0.217082    4.084181    115.0000     24.850000   6.5930605E+04
  15.044737    0.217801    4.083347    115.0000     24.850000   6.6666421E+04
  15.049544    0.218548    4.082431    115.0000     24.850000   6.7451632E+04
  15.054831    0.219323    4.081424    115.0000     24.850000   6.8290442E+04
  15.060648    0.220126    4.080315    115.0000     24.850000   6.9187396E+04
  15.067046    0.220957    4.079093    115.0000     24.850000   7.0147356E+04
  15.074084    0.221814    4.077744    115.0000     24.850000   7.1175530E+04
  15.081826    0.222696    4.076252    115.0000     24.850000   7.2277443E+04
  15.090341    0.223600    4.074599    115.0000     24.850000   7.3458977E+04
  15.099709    0.224522    4.072768    115.0000     24.850000   7.4726369E+04
  15.110013    0.225459    4.070735    115.0000     24.850000   7.6086282E+04
  15.121348    0.226406    4.068477    115.0000     24.850000   7.7545834E+04
  15.133816    0.227359    4.065968    115.0000     24.850000   7.9112682E+04
  15.147531    0.228312    4.063178    115.0000     24.850000   8.0794985E+04
  15.162617    0.229261    4.060077    115.0000     24.850000   8.2601287E+04
  15.179212    0.230203    4.056631    115.0000     24.850000   8.4540087E+04
  15.197467    0.231136    4.052809    115.0000     24.850000   8.6619092E+04
  15.217547    0.232056    4.048579    115.0000     24.850000   8.8843902E+04
  15.239635    0.232963    4.043913    115.0000     24.850000   9.1216135E+04
  15.263932    0.233854    4.038793    115.0000     24.850000   9.3730761E+04
  15.290658    0.234727    4.033209    115.0000     24.850000   9.6372726E+04
  15.320057    0.235576    4.027175    115.0000     24.850000   9.9112781E+04
  15.352397    0.236394    4.020725    115.0000     24.850000   1.0190307E+05
  15.387970    0.237172    4.013926    115.0000     24.850000   1.0467379E+05
  15.427100    0.237902    4.006882    115.0000     24.850000   1.0733510E+05
  15.470143    0.238600    3.999731    115.0000     24.850000   1.0978863E+05
  15.517491    0.239306    3.992638    115.0000     24.850000   1.1193805E+05
  15.569573    0.240072    3.985776    115.0000     24.850000   1.1367879E+05
  15.626864    0.240934    3.979295    115.0000     24.850000   1.1488905E+05
  15.689884    0.241903    3.973287    115.0000     24.850000   1.1545134E+05
  15.759205    0.242984    3.967767    115.0000     24.850000   1.1529172E+05
  15.835459    0.244173    3.962673    115.0000     24.850000   1.1441377E+05
  15.919338    0.245467    3.957902    115.0000     24.850000   1.1291374E+05
  16.011605    0.246864    3.953331    115.0000     24.850000   1.1097004E+05
  16.113099    0.248363    3.948846    115.0000     24.850000   1.0880988E+05
  16.224743    0.249966    3.944338    115.0000     24.850000   1.0666816E+05
  16.347550    0.251681    3.939708    115.0000     24.850000   1.0475753E+05
  16.482639    0.253518    3.934859    115.0000     24.850000   1.0325690E+05
  16.631236    0.255490    3.929692    115.0000     24.850000   1.0231122E+05
  16.794693    0.257617    3.924105    115.0000     24.850000   1.0202924E+05
  16.974495    0.259920    3.917997    115.0000     24.850000   1.0247019E+05
  17.172278    0.262425    3.911277    115.0000     24.850000   1.0362223E+05
  17.389839    0.265164    3.903875    115.0000     24.850000   1.0538785E+05
  17.629157    0.268171    3.895759    115.0000     24.850000   1.0759360E+05
  17.892406    0.271490    3.886942    115.0000     24.850000   1.1002729E+05
  18.181979    0.275170    3.877494    115.0000     24.850000   1.1248720E+05
  18.500511    0.279286    3.867536    115.0000     24.850000   1.1482528E+05
  18.850895    0.283988    3.857236    115.0000     24.850000   1.1699356E+05
  19.236318    0.290194    3.846814    115.0000     24.850000   1.1937503E+05
  19.660283    0.300064    3.836586    115.0000     24.850000   1.2303418E+05
  20.000000    0.309409    3.829407    115.0000     24.850000   1.2633406E+05
  20.000000    0.287822    3.941018      0.0000     24.850000   2.1709939E+03
  20.000000    0.287822    3.941018      0.0000     24.850000   2.1709939E+03
  20.000333    0.286246    3.941454      0.0000     24.850000   2.0841216E+03
  20.000700    0.285229    3.941742      0.0000     24.850000   2.0238069E+03
  20.001103    0.284406    3.941983      0.0000     24.850000   1.9740682E+03
  20.001547    0.283678    3.942205      0.0000     24.850000   1.9300773E+03
  20.002035    0.283002    3.942418      0.0000     24.850000   1.8898126E+03
  20.002572    0.282360    3.942628      0.0000     24.850000   1.8523026E+03
  20.003162    0.281739    3.942839      0.0000     24.850000   1.8169944E+03
  20.003812    0.281131    3.943054      0.0000     24.850000   1.7835722E+03
  20.004526    0.280532    3.943273      0.0000     24.850000   1.7518239E+03
  20.005312    0.279936    3.943500      0.0000     24.850000   1.7216201E+03
  20.006177    0.279341    3.943735      0.0000     24.850000   1.6928632E+03
  20.007128    0.278744    3.943980      0.0000     24.850000   1.6654946E+03
  20.008174    0.278144    3.944235      0.0000     24.850000   1.6394666E+03
  20.009325    0.277538    3.944502      0.0000     24.850000   1.6147549E+03
  20.010591    0.276925    3.944782      0.0000     24.850000   1.5913391E+03
  20.011983    0.276304    3.945076      0.0000     24.850000   1.5692153E+03
  20.013515    0.275672    3.945384      0.0000     24.850000   1.5483806E+03
  20.015200    0.275029    3.945709      0.0000     24.850000   1.5288456E+03
  20.017053    0.274373    3.946052      0.0000     24.850000   1.5106202E+03
  20.019092    0.273703    3.946412      0.0000     24.850000   1.4937258E+03
  20.021334    0.273018    3.946792      0.0000     24.850000   1.4781819E+03
  20.023801    0.272317    3.947193      0.0000     24.850000   1.4640180E+03
  20.026514    0.271598    3.947616      0.0000     24.850000   1.4512606E+03
  20.029499    0.270860    3.948061      0.0000     24.850000   1.4399441E+03
  20.032782    0.270102    3.948531      0.0000     24.850000   1.4300985E+03
  20.036394    0.269323    3.949026      0.0000     24.850000   1.4217594E+03
  20.040367    0.268521    3.949547      0.0000     24.850000   1.4149554E+03
  20.044737    0.267695    3.950096      0.0000     24.850000   1.4097172E+03
  20.049544    0.266844    3.950673      0.0000     24.850000   1.4060658E+03
  20.054831    0.265967    3.951278      0.0000     24.850000   1.4040193E+03
  20.060648    0.265062    3.951913      0.0000     24.850000   1.4035818E+03
  20.067046    0.264128    3.952579      0.0000     24.850000   1.4047497E+03
  20.074084    0.263163    3.953275      0.0000     24.850000   1.4074996E+03
  20.081826    0.262167    3.954003      0.0000     24.850000   1.4117951E+03
  20.090341    0.261139    3.954761      0.0000     24.850000   1.4175746E+03
  20.099709    0.260075    3.955549      0.0000     24.850000   1.4247580E+03
  20.110013    0.258977    3.956368      0.0000     24.850000   1.4332356E+03
  20.121348    0.257842    3.957216      0.0000     24.850000   1.4428748E+03
  20.133816    0.256669    3.958092      0.0000     24.850000   1.4535107E+03
  20.147531    0.255457    3.958994      0.0000     24.850000   1.4649527E+03
  20.162617    0.254205    3.959922      0.0000     24.850000   1.4769774E+03
  20.179212    0.252913    3.960872      0.0000     24.850000   1.4893349E+03
  20.197467    0.251580    3.961844      0.0000     24.850000   1.5017434E+03
  20.217547    0.250206    3.962833      0.0000     24.850000   1.5138964E+03
  20.239635    0.248791    3.963838      0.0000     24.850000   1.5254586E+03
  20.263932    0.247337    3.964856      0.0000     24.850000   1.5360741E+03
  20.290658    0.245844    3.965884      0.0000     24.850000   1.5453639E+03
  20.320057    0.244317    3.966919      0.0000     24.850000   1.5529355E+03
  20.352397    0.242759    3.967959      0.0000     24.850000   1.5583821E+03
  20.387970    0.241176    3.969001      0.0000     24.850000   1.5612929E+03
  20.427100    0.239574    3.970042      0.0000     24.850000   1.5612532E+03
  20.470143    0.237962    3.971080      0.0000     24.850000   1.5578559E+03
  20.517491    0.236350    3.972111      0.0000     24.850000   1.5507022E+03
  20.569573    0.234748    3.973133      0.0000     24.850000   1.5394139E+03
  20.626864    0.233170    3.974141      0.0000     24.850000   1.5236370E+03
  20.689884    0.231628    3.975133      0.0000     24.850000   1.5030570E+03
  20.759205    0.230136    3.976102      0.0000     24.850000   1.4774070E+03
  20.835459    0.228706    3.977043      0.0000     24.850000   1.4464874E+03
  20.919338    0.227349    3.977951      0.0000     24.850000   1.4101792E+03
  21.011605    0.226077    3.978819      0.0000     24.850000   1.3684656E+03
  21.113099    0.224897    3.979640      0.0000     24.850000   1.3214445E+03
  21.224743    0.223814    3.980408      0.0000     24.850000   1.2693439E+03
  21.347550    0.222831    3.981119      0.0000     24.850000   1.2125230E+03
  21.482639    0.221947    3.981767      0.0000     24.850000   1.1514704E+03
  21.631236    0.221161    3.982350      0.0000     24.850000   1.0867850E+03
  21.794693    0.220468    3.982868      0.0000     24.850000   1.0191535E+03
  21.974495    0.219861    3.983321      0.0000     24.850000   9.4931640E+02
  22.172278    0.219333    3.983713      0.0000     24.850000   8.7803689E+02
  22.389839    0.218877    3.984047      0.0000     24.850000   8.0606958E+02
  22.629157    0.218485    3.984329      0.0000     24.850000   7.3414229E+02
  22.892406    0.218149    3.984565      0.0000     24.850000   6.6294410E+02
  23.181979    0.217862    3.984762      0.0000     24.850000   5.9312793E+02
  23.500511    0.217617    3.984927      0.0000     24.850000   5.2531555E+02
  23.850895    0.217409    3.985066      0.0000     24.850000   4.6010752E+02
  24.236318    0.217233    3.985185      0.0000     24.850000   3.9808509E+02
  24.660283    0.217084    3.985290      0.0000     24.850000   3.3980678E+02
  25.000000    0.216988    3.985361      0.0000     24.850000   2.9918081E+02
  25.000000    0.220743    3.966061     20.0000     24.850000   2.4201865E+03
  25.000000    0.220743    3.966061     20.0000     24.850000   2.4201865E+03
  25.000333    0.220790    3.965955     20.0000     24.850000   2.4345116E+03
  25.000700    0.220822    3.965886     20.0000     24.850000   2.4437632E+03
  25.001103    0.220849    3.965830     20.0000     24.850000   2.4513630E+03
  25.001547    0.220874    3.965779     20.0000     24.850000   2.4582168E+03
  25.002035    0.220897    3.965730     20.0000     24.850000   2.4646991E+03
  25.002572    0.220920    3.965683     20.0000     24.850000   2.4709993E+03
  25.003162    0.220944    3.965636     20.0000     24.850000   2.4772345E+03
  25.003812    0.220967    3.965588     20.0000     24.850000   2.4834799E+03
  25.004526    0.220991    3.965540     20.0000     24.850000   2.4897932E+03
  25.005312    0.221015    3.965490     20.0000     24.850000   2.4962165E+03
  25.006177    0.221040    3.965439     20.0000     24.850000   2.5027867E+03
  25.007128    0.221066    3.965386     20.0000     24.850000   2.5095333E+03
  25.008174    0.221093    3.965332     20.0000     24.850000   2.5164843E+03
  25.009325    0.221121    3.965275     20.0000     24.850000   2.5236634E+03
  25.010591    0.221150    3.965215     20.0000     24.850000   2.5310948E+03
  25.011983    0.221180    3.965153     20.0000     24.850000   2.5387992E+03
  25.013515    0.221212    3.965087     20.0000     24.850000   2.5467991E+03
  25.015200    0.221245    3.965019     20.0000     24.850000   2.5551140E+03
  25.017053    0.221279    3.964947     20.0000     24.850000   2.5637655E+03
  25.019092    0.221315    3.964871     20.0000     24.850000   2.5727731E+03
  25.021334    0.221352    3.964791     20.0000     24.850000   2.5821582E+03
  25.023801    0.221392    3.964706     20.0000     24.850000   2.5919406E+03
  25.026514    0.221433    3.964617     20.0000     24.850000   2.6021421E+03
  25.029499    0.221476    3.964523     20.0000     24.850000   2.6127829E+03
  25.032782    0.221522    3.964424     20.0000     24.850000   2.6238858E+03
  25.036394    0.221570    3.964319     20.0000     24.850000   2.6354718E+03
  25.040367    0.221620    3.964208     20.0000     24.850000   2.6475645E+03
  25.044737    0.221672    3.964090     20.0000     24.850000   2.6601862E+03
  25.049544    0.221728    3.963966     20.0000     24.850000   2.6733618E+03
  25.054831    0.221786    3.963834     20.0000     24.850000   2.6871148E+03
  25.060648    0.221848    3.963695     20.0000     24.850000   2.7014717E+03
  25.067046    0.221913    3.963548     20.0000     24.850000   2.7164579E+03
  25.074084    0.221982    3.963392     20.0000     24.850000   2.7321015E+03
  25.081826    0.222054    3.963227     20.0000     24.850000   2.7484300E+03
  25.090341    0.222131    3.963053     20.0000     24.850000   2.7654735E+03
  25.099709    0.222212    3.962869     20.0000     24.850000   2.7832614E+03
  25.110013    0.222298    3.962674     20.0000     24.850000   2.8018255E+03
  25.121348    0.222390    3.962468     20.0000     24.850000   2.8211961E+03
  25.133816    0.222487    3.962251     20.0000     24.850000   2.8414051E+03
  25.147531    0.222590    3.962021     20.0000     24.850000   2.8624818E+03
  25.162617    0.222699    3.961779     20.0000     24.850000   2.8844546E+03
  25.179212    0.222815    3.961523     20.0000     24.850000   2.9073468E+03
  25.197467    0.222939    3.961255     20.0000     24.850000   2.9311776E+03
  25.217547    0.223070    3.960972     20.0000     24.850000   2.9559569E+03
  25.239635    0.223210    3.960674     20.0000     24.850000   2.9816866E+03
  25.263932    0.223358    3.960361     20.0000     24.850000   3.0083544E+03
  25.290658    0.223514    3.960033     20.0000     24.850000   3.0359356E+03
  25.320057    0.223680    3.959690     20.0000     24.850000   3.0643872E+03
  25.352397    0.223855    3.959330     20.0000     24.850000   3.0936499E+03
  25.387970    0.224039    3.958955     20.0000     24.850000   3.1236438E+03
  25.427100    0.224233    3.958563     20.0000     24.850000   3.1542705E+03
  25.470143    0.224436    3.958154     20.0000     24.850000   3.1854106E+03
  25.517491    0.224648    3.957728     20.0000     24.850000   3.2169275E+03
  25.569573    0.224869    3.957285     20.0000     24.850000   3.2486664E+03
  25.626864    0.225098    3.956824     20.0000     24.850000   3.2804599E+03
  25.689884    0.225336    3.956346     20.0000     24.850000   3.3121299E+03
  25.759205    0.225582    3.955848     20.0000     24.850000   3.3434954E+03
  25.835459    0.225836    3.955330     20.0000     24.850000   3.3743767E+03
  25.919338    0.226097    3.954791     20.0000     24.850000   3.4046058E+03
  26.011605    0.226366    3.954228     20.0000     24.850000   3.4340329E+03
  26.113099    0.226643    3.953640     20.0000     24.850000   3.4625381E+03
  26.224743    0.226929    3.953025     20.0000     24.850000   3.4900383E+03
  26.347550    0.227224    3.952378     20.0000     24.850000   3.5164987E+03
  26.482639    0.227531    3.951696     20.0000     24.850000   3.5419392E+03
  26.631236    0.227853    3.950976     20.0000     24.850000   3.5664431E+03
  26.794693    0.228193    3.950211     20.0000     24.850000   3.5901601E+03
  26.974495    0.228556    3.949396     20.0000     24.850000   3.6133114E+03
  27.172278    0.228948    3.948527     20.0000     24.850000   3.6361864E+03
  27.389839    0.229379    3.947596     20.0000     24.850000   3.6591413E+03
  27.629157    0.229858    3.946596     20.0000     24.850000   3.6825891E+03
  27.892406    0.230399    3.945522     20.0000     24.850000   3.7069926E+03
  28.181979    0.231017    3.944365     20.0000     24.850000   3.7328504E+03
  28.500511    0.231731    3.943120     20.0000     24.850000   3.7606860E+03
  28.850895    0.232563    3.941778     20.0000     24.850000   3.7910254E+03
  29.236318    0.233540    3.940334     20.0000     24.850000   3.8243729E+03
  29.660283    0.234691    3.938779     20.0000     24.850000   3.8611688E+03
  30.000000    0.235673    3.937559     20.0000     24.850000   3.8906258E+03
  30.000000    0.231929    3.958049      0.0000     24.850000   2.7706170E+02
  30.000000    0.231929    3.958049      0.0000     24.850000   2.7706170E+02
  30.000333    0.231729    3.958129      0.0000     24.850000   2.6635010E+02
  30.000700    0.231605    3.958180      0.0000     24.850000   2.5997144E+02
  30.001103    0.231508    3.958221      0.0000     24.850000   2.5505464E+02
  30.001547    0.231423    3.958259      0.0000     24.850000   2.5085198E+02
  30.002035    0.231345    3.958295      0.0000     24.850000   2.4706330E+02
  30.002572    0.231270    3.958329      0.0000     24.850000   2.4354119E+02
  30.003162    0.231198    3.958364      0.0000     24.850000   2.4020008E+02
  30.003812    0.231128    3.958398      0.0000     24.850000   2.3698803E+02
  30.004526    0.231058    3.958433      0.0000     24.850000   2.3386938E+02
  30.005312    0.230989    3.958469      0.0000     24.850000   2.3082071E+02
  30.006177    0.230919    3.958505      0.0000     24.850000   2.2782438E+02
  30.007128    0.230849    3.958543      0.0000     24.850000   2.2486882E+02
  30.008174    0.230778    3.958582      0.0000     24.850000   2.2194480E+02
  30.009325    0.230705    3.958623      0.0000     24.850000   2.1904686E+02
  30.010591    0.230632    3.958665      0.0000     24.850000   2.1617054E+02
  30.011983    0.230557    3.958709      0.0000     24.850000   2.1331404E+02
  30.013515    0.230480    3.958755      0.0000     24.850000   2.1047596E+02
  30.015200    0.230401    3.958803      0.0000     24.850000   2.0765703E+02
  30.017053    0.230321    3.958853      0.0000     24.850000   2.0485807E+02
  30.019092    0.230238    3.958905      0.0000     24.850000   2.0208166E+02
  30.021334    0.230153    3.958960      0.0000     24.850000   1.9933033E+02
  30.023801    0.230065    3.959018      0.0000     24.850000   1.9660813E+02
  30.026514    0.229975    3.959079      0.0000     24.850000   1.9391894E+02
  30.029499    0.229882    3.959142      0.0000     24.850000   1.9126797E+02
  30.032782    0.229787    3.959209      0.0000     24.850000   1.8866011E+02
  30.036394    0.229688    3.959279      0.0000     24.850000   1.8610641E+02
  30.040367    0.229586    3.959353      0.0000     24.850000   1.8360504E+02
  30.044737    0.229480    3.959430      0.0000     24.850000   1.8116400E+02
  30.049544    0.229371    3.959511      0.0000     24.850000   1.7878941E+02
  30.054831    0.229258    3.959597      0.0000     24.850000   1.7648769E+02
  30.060648    0.229141    3.959686      0.0000     24.850000   1.7426412E+02
  30.067046    0.229020    3.959780      0.0000     24.850000   1.7212406E+02
  30.074084    0.228895    3.959879      0.0000     24.850000   1.7007135E+02
  30.081826    0.228764    3.959982      0.0000     24.850000   1.6810944E+02
  30.090341    0.228629    3.960090      0.0000     24.850000   1.6623974E+02
  30.099709    0.228488    3.960203      0.0000     24.850000   1.6446268E+02
  30.110013    0.228342    3.960321      0.0000     24.850000   1.6277613E+02
  30.121348    0.228189    3.960444      0.0000     24.850000   1.6117648E+02
  30.133816    0.228031    3.960572      0.0000     24.850000   1.5965709E+02
  30.147531    0.227867    3.960706      0.0000     24.850000   1.5820942E+02
  30.162617    0.227696    3.960845      0.0000     24.850000   1.5682171E+02
  30.179212    0.227518    3.960989      0.0000     24.850000   1.5548013E+02
  30.197467    0.227333    3.961139      0.0000     24.850000   1.5416768E+02
  30.217547    0.227141    3.961293      0.0000     24.850000   1.5286542E+02
  30.239635    0.226942    3.961452      0.0000     24.850000   1.5155146E+02
  30.263932    0.226735    3.961616      0.0000     24.850000   1.5020230E+02
  30.290658    0.226522    3.961783      0.0000     24.850000   1.4879192E+02
  30.320057    0.226303    3.961954      0.0000     24.850000   1.4729310E+02
  30.352397    0.226077    3.962128      0.0000     24.850000   1.4567671E+02
  30.387970    0.225845    3.962304      0.0000     24.850000   1.4391312E+02
  30.427100    0.225609    3.962482      0.0000     24.850000   1.4197182E+02
  30.470143    0.225368    3.962661      0.0000     24.850000   1.3982308E+02
  30.517491    0.225125    3.962839      0.0000     24.850000   1.3743790E+02
  30.569573    0.224879    3.963016      0.0000     24.850000   1.3479010E+02
  30.626864    0.224633    3.963190      0.0000     24.850000   1.3185653E+02
  30.689884    0.224387    3.963361      0.0000     24.850000   1.2861927E+02
  30.759205    0.224143    3.963527      0.0000     24.850000   1.2506595E+02
  30.835459    0.223903    3.963687      0.0000     24.850000   1.2119161E+02
  30.919338    0.223667    3.963839      0.0000     24.850000   1.1699869E+02
  31.011605    0.223436    3.963984      0.0000     24.850000   1.1249820E+02
  31.113099    0.223212    3.964119      0.0000     24.850000   1.0770895E+02
  31.224743    0.222996    3.964244      0.0000     24.850000   1.0265773E+02
  31.347550    0.222787    3.964359      0.0000     24.850000   9.7377719E+01
  31.482639    0.222588    3.964464      0.0000     24.850000   9.1907740E+01
  31.631236    0.222397    3.964558      0.0000     24.850000   8.6290066E+01
  31.794693    0.222216    3.964641      0.0000     24.850000   8.0569299E+01
  31.974495    0.222043    3.964714      0.0000     24.850000   7.4790195E+01
  32.172278    0.221879    3.964778      0.0000     24.850000   6.8996873E+01
  32.389839    0.221725    3.964834      0.0000     24.850000   6.3231419E+01
  32.629157    0.221579    3.964882      0.0000     24.850000   5.7533984E+01
  32.892406    0.221441    3.964923      0.0000     24.850000   5.1942461E+01
  33.181979    0.221312    3.964959      0.0000     24.850000   4.6493375E+01
  33.500511    0.221191    3.964990      0.0000     24.850000   4.1222164E+01
  33.850895    0.221079    3.965018      0.0000     24.850000   3.6164076E+01
  34.236318    0.220975    3.965044      0.0000     24.850000   3.1354095E+01
  34.660283    0.220880    3.965067      0.0000     24.850000   2.6826949E+01
  34.761000    0.220859    3.965072      0.0000     24.850000   2.5829495E+01
  34.761000    0.239644    3.883559    100.0000     24.850000   4.4692619E+04
  34.761000    0.239644    3.883559    100.0000     24.850000   4.4692619E+04
  34.761333    0.240228    3.883088    100.0000     24.850000   4.5163369E+04
  34.761700    0.240621    3.882782    100.0000     24.850000   4.5473075E+04
  34.762103    0.240949    3.882527    100.0000     24.850000   4.5730051E+04
  34.762547    0.241250    3.882295    100.0000     24.850000   4.5963574E+04
  34.763035    0.241538    3.882074    100.0000     24.850000   4.6185771E+04
  34.763572    0.241820    3.881857    100.0000     24.850000   4.6402905E+04
  34.764162    0.242101    3.881640    100.0000     24.850000   4.6618803E+04
  34.764812    0.242384    3.881420    100.0000     24.850000   4.6836028E+04
  34.765526    0.242672    3.881196    100.0000     24.850000   4.7056492E+04
  34.766312    0.242967    3.880966    100.0000     24.850000   4.7281686E+04
  34.767177    0.243270    3.880728    100.0000     24.850000   4.7512872E+04
  34.768128    0.243582    3.880482    100.0000     24.850000   4.7751135E+04
  34.769174    0.243906    3.880225    100.0000     24.850000   4.7997475E+04
  34.770325    0.244241    3.879957    100.0000     24.850000   4.8252808E+04
  34.771591    0.244589    3.879676    100.0000     24.850000   4.8518029E+04
  34.772983    0.244952    3.879383    100.0000     24.850000   4.8793994E+04
  34.774515    0.245330    3.879074    100.0000     24.850000   4.9081567E+04
  34.776200    0.245725    3.878750    100.0000     24.850000   4.9381605E+04
  34.778053    0.246138    3.878409    100.0000     24.850000   4.9694989E+04
  34.780092    0.246570    3.878049    100.0000     24.850000   5.0022614E+04
  34.782334    0.247022    3.877670    100.0000     24.850000   5.0365413E+04
  34.784801    0.247496    3.877270    100.0000     24.850000   5.0724350E+04
  34.787514    0.247994    3.876847    100.0000     24.850000   5.1100442E+04
  34.790499    0.248516    3.876401    100.0000     24.850000   5.1494747E+04
  34.793782    0.249065    3.875929    100.0000     24.850000   5.1908394E+04
  34.797394    0.249643    3.875430    100.0000     24.850000   5.2342568E+04
  34.801367    0.250252    3.874902    100.0000     24.850000   5.2798538E+04
  34.805737    0.250893    3.874343    100.0000     24.850000   5.3277642E+04
  34.810544    0.251570    3.873751    100.0000     24.850000   5.3781322E+04
  34.815831    0.252285    3.873124    100.0000     24.850000   5.4311101E+04
  34.821648    0.253041    3.872460    100.0000     24.850000   5.4868619E+04
  34.828046    0.253841    3.871757    100.0000     24.850000   5.5455609E+04
  34.835084    0.254690    3.871012    100.0000     24.850000   5.6073927E+04
  34.842826    0.255590    3.870222    100.0000     24.850000   5.6725532E+04
  34.851341    0.256546    3.869386    100.0000     24.850000   5.7412498E+04
  34.860709    0.257562    3.868499    100.0000     24.850000   5.8136987E+04
  34.871013    0.258644    3.867560    100.0000     24.850000   5.8901255E+04
  34.882348    0.259796    3.866565    100.0000     24.850000   5.9707607E+04
  34.894816    0.261024    3.865511    100.0000     24.850000   6.0558383E+04
  34.908531    0.262335    3.864395    100.0000     24.850000   6.1455889E+04
  34.923617    0.263733    3.863215    100.0000     24.850000   6.2402361E+04
  34.940212    0.265226    3.861967    100.0000     24.850000   6.3399869E+04
  34.958467    0.266820    3.860648    100.0000     24.850000   6.4450249E+04
  34.978547    0.268523    3.859258    100.0000     24.850000   6.5554987E+04
  35.000000    0.270289    3.857835    100.0000     24.850000   6.6682780E+04
  35.000000    0.267493    3.867548     85.0000     24.850000   5.2030788E+04
  35.000000    0.267493    3.867548     85.0000     24.850000   5.2030788E+04
  35.000333    0.267320    3.867586     85.0000     24.850000   5.1941472E+04
  35.000700    0.267227    3.867602     85.0000     24.850000   5.1893167E+04
  35.001103    0.267163    3.867610     85.0000     24.850000   5.1859531E+04
  35.001547    0.267115    3.867612     85.0000     24.850000   5.1833751E+04
  35.002035    0.267076    3.867611     85.0000     24.850000   5.1813167E+04
  35.002572    0.267046    3.867606     85.0000     24.850000   5.1796541E+04
  35.003162    0.267022    3.867597     85.0000     24.850000   5.1783224E+04
  35.003812    0.267004    3.867586     85.0000     24.850000   5.1772890E+04
  35.004526    0.266992    3.867571     85.0000     24.850000   5.1765387E+04
  35.005312    0.266985    3.867553     85.0000     24.850000   5.1760686E+04
  35.006177    0.266984    3.867531     85.0000     24.850000   5.1758837E+04
  35.007128    0.266990    3.867505     85.0000     24.850000   5.1759962E+04
  35.008174    0.267001    3.867474     85.0000     24.850000   5.1764232E+04
  35.009325    0.267019    3.867439     85.0000     24.850000   5.1771873E+04
  35.010591    0.267045    3.867399     85.0000     24.850000   5.1783148E+04
  35.011983    0.267078    3.867353     85.0000     24.850000   5.1798373E+04
  35.013515    0.267121    3.867300     85.0000     24.850000   5.1817901E+04
  35.015200    0.267172    3.867241     85.0000     24.850000   5.1842133E+04
  35.017053    0.267234    3.867174     85.0000     24.850000   5.1871512E+04
  35.019092    0.267307    3.867099     85.0000     24.850000   5.1906530E+04
  35.021334    0.267393    3.867015     85.0000     24.850000   5.1947724E+04
  35.023801    0.267492    3.866920     85.0000     24.850000   5.1995686E+04
  35.026514    0.267607    3.866815     85.0000     24.850000   5.2051054E+04
  35.029499    0.267737    3.866697     85.0000     24.850000   5.2114526E+04
  35.032782    0.267886    3.866567     85.0000     24.850000   5.2186850E+04
  35.036394    0.268054    3.866422     85.0000     24.850000   5.2268835E+04
  35.040367    0.268243    3.866261     85.0000     24.850000   5.2361346E+04
  35.044737    0.268456    3.866083     85.0000     24.850000   5.2465308E+04
  35.049544    0.268695    3.865886     85.0000     24.850000   5.2581704E+04
  35.054831    0.268962    3.865669     85.0000     24.850000   5.2711576E+04
  35.060648    0.269259    3.865431     85.0000     24.850000   5.2856021E+04
  35.067046    0.269589    3.865169     85.0000     24.850000   5.3016193E+04
  35.074084    0.269955    3.864881     85.0000     24.850000   5.3193289E+04
  35.081826    0.270361    3.864566     85.0000     24.850000   5.3388557E+04
  35.090341    0.270809    3.864221     85.0000     24.850000   5.3603276E+04
  35.099709    0.271303    3.863845     85.0000     24.850000   5.3838754E+04
  35.110013    0.271847    3.863436     85.0000     24.850000   5.4096314E+04
  35.121348    0.272444    3.862990     85.0000     24.850000   5.4377283E+04
  35.133816    0.273100    3.862508     85.0000     24.850000   5.4682971E+04
  35.147531    0.273818    3.861985     85.0000     24.850000   5.5014662E+04
  35.162617    0.274604    3.861421     85.0000     24.850000   5.5373582E+04
  35.179212    0.275462    3.860813     85.0000     24.850000   5.5760889E+04
  35.197467    0.276398    3.860160     85.0000     24.850000   5.6177640E+04
  35.217547    0.277418    3.859460     85.0000     24.850000   5.6624772E+04
  35.239635    0.278526    3.858712     85.0000     24.850000   5.7103072E+04
  35.263932    0.279731    3.857914     85.0000     24.850000   5.7613161E+04
  35.290658    0.281039    3.857066     85.0000     24.850000   5.8155467E+04
  35.320057    0.282456    3.856167     85.0000     24.850000   5.8730215E+04
  35.352397    0.283992    3.855217     85.0000     24.850000   5.9337410E+04
  35.387970    0.285654    3.854217     85.0000     24.850000   5.9976840E+04
  35.427100    0.287452    3.853166     85.0000     24.850000   6.0648052E+04
  35.470143    0.289395    3.852066     85.0000     24.850000   6.1350327E+04
  35.517491    0.291496    3.850919     85.0000     24.850000   6.2082575E+04
  35.569573    0.293764    3.849725     85.0000     24.850000   6.2843136E+04
  35.626864    0.296210    3.848488     85.0000     24.850000   6.3629310E+04
  35.689884    0.298843    3.847207     85.0000     24.850000   6.4436397E+04
  35.759205    0.301663    3.845886     85.0000     24.850000   6.5255578E+04
  35.835459    0.304652    3.844526     85.0000     24.850000   6.6068938E+04
  35.919338    0.307748    3.843126     85.0000     24.850000   6.6836291E+04
  36.011605    0.310778    3.841689     85.0000     24.850000   6.7464680E+04
  36.113099    0.313577    3.840217     85.0000     24.850000   6.7859586E+04
  36.224743    0.316283    3.838722     85.0000     24.850000   6.8077620E+04
  36.347550    0.319059    3.837215     85.0000     24.850000   6.8189310E+04
  36.482639    0.321999    3.835699     85.0000     24.850000   6.8236715E+04
  36.631236    0.325166    3.834167     85.0000     24.850000   6.8250919E+04
  36.794693    0.328587    3.832604     85.0000     24.850000   6.8251164E+04
  36.974495    0.332272    3.830988     85.0000     24.850000   6.8248784E+04
  37.172278    0.336229    3.829292     85.0000     24.850000   6.8251265E+04
  37.389839    0.340475    3.827489     85.0000     24.850000   6.8265533E+04
  37.629157    0.345085    3.825550     85.0000     24.850000   6.8306343E+04
  37.892406    0.350492    3.823450     85.0000     24.850000   6.8464838E+04
  38.155654    0.358044    3.821381     85.0000     24.850000   6.9246706E+04
  38.418903    0.373476    3.819361     85.0000     24.850000   7.2756051E+04
  38.682152    0.424334    3.817431     85.0000     24.850000   8.9669064E+04
  38.945401    0.597258    3.815646     85.0000     24.850000   1.5342655E+05
  39.208650    1.171489    3.814030     85.0000     24.850000   3.6964014E+05
  39.274463    1.458625    3.813648     85.0000     24.850000   4.7802013E+05
  39.307369    1.637637    3.813460     85.0000     24.850000   5.4560737E+05
  39.323822    1.737637    3.813366     85.0000     24.850000   5.8336685E+05
  39.332871    1.795888    3.813314     85.0000     24.850000   6.0536319E+05
  39.337848    1.829017    3.813286     85.0000     24.850000   6.1787353E+05
