 Now running DUAL...
 Resistances in each portion of the cell, from a simple (delta V) / I
 Time       Cur Den      R Anode       R Separator
       R Cathode        R Total
 (min)      (A/m^2)     (ohm-m^2)       (ohm-m^2)
        (ohm-m^2)      (ohm-m^2)
  
*********,      0.00000,   0.00000, 
    0.000,      0.00000,  24.85000, 
    0.001,      0.00000,  24.85000, 
    0.001,      0.00000,  24.85000, 
    0.001,      0.00000,  24.85000, 
    0.002,      0.00000,  24.85000, 
    0.002,      0.00000,  24.85000, 
    0.003,      0.00000,  24.85000, 
    0.003,      0.00000,  24.85000, 
    0.004,      0.00000,  24.85000, 
    0.005,      0.00000,  24.85000, 
    0.006,      0.00000,  24.85000, 
    0.007,      0.00000,  24.85000, 
    0.007,      0.00000,  24.85000, 
    0.009,      0.00000,  24.85000, 
    0.010,      0.00000,  24.85000, 
    0.011,      0.00000,  24.85000, 
    0.012,      0.00000,  24.85000, 
    0.014,      0.00000,  24.85000, 
    0.016,      0.00000,  24.85000, 
    0.017,      0.00000,  24.85000, 
    0.019,      0.00000,  24.85000, 
    0.022,      0.00000,  24.85000, 
    0.024,      0.00000,  24.85000, 
    0.027,      0.00000,  24.85000, 
    0.030,      0.00000,  24.85000, 
    0.033,      0.00000,  24.85000, 
    0.037,      0.00000,  24.85000, 
    0.041,      0.00000,  24.85000, 
    0.045,      0.00000,  24.85000, 
    0.050,      0.00000,  24.85000, 
    0.055,      0.00000,  24.85000, 
    0.061,      0.00000,  24.85000, 
    0.067,      0.00000,  24.85000, 
    0.074,      0.00000,  24.85000, 
    0.082,      0.00000,  24.85000, 
    0.091,      0.00000,  24.85000, 
    0.100,      0.00000,  24.85000, 
    0.110,      0.00000,  24.85000, 
    0.122,      0.00000,  24.85000, 
    0.134,      0.00000,  24.85000, 
    0.148,      0.00000,  24.85000, 
    0.163,      0.00000,  24.85000, 
    0.180,      0.00000,  24.85000, 
    0.198,      0.00000,  24.85000, 
    0.218,      0.00000,  24.85000, 
    0.240,      0.00000,  24.85000, 
    0.264,      0.00000,  24.85000, 
    0.291,      0.00000,  24.85000, 
    0.320,      0.00000,  24.85000, 
    0.353,      0.00000,  24.85000, 
    0.388,      0.00000,  24.85000, 
    0.427,      0.00000,  24.85000, 
    0.470,      0.00000,  24.85000, 
    0.518,      0.00000,  24.85000, 
    0.570,      0.00000,  24.85000, 
    0.627,      0.00000,  24.85000, 
    0.690,      0.00000,  24.85000, 
    0.760,      0.00000,  24.85000, 
    0.836,      0.00000,  24.85000, 
    0.920,      0.00000,  24.85000, 
    1.012,      0.00000,  24.85000, 
    1.113,      0.00000,  24.85000, 
    1.225,      0.00000,  24.85000, 
    1.348,      0.00000,  24.85000, 
    1.483,      0.00000,  24.85000, 
    1.632,      0.00000,  24.85000, 
    1.795,      0.00000,  24.85000, 
    1.975,      0.00000,  24.85000, 
    2.173,      0.00000,  24.85000, 
    2.390,      0.00000,  24.85000, 
    2.629,      0.00000,  24.85000, 
    2.893,      0.00000,  24.85000, 
    3.182,      0.00000,  24.85000, 
    3.501,      0.00000,  24.85000, 
    3.851,      0.00000,  24.85000, 
    4.237,      0.00000,  24.85000, 
    4.661,      0.00000,  24.85000, 
    5.000,      0.00000,  24.85000, 
 5.00000,    30.00,    0.17655E-03,    0.22067E-04,    0.88959E-03,    0.10882E-02
    5.000,     30.00000,  24.85000, 
 5.00000,    30.00,    0.17655E-03,    0.22067E-04,    0.88959E-03,    0.10882E-02
    5.000,     30.00000,  24.85000, 
 5.00033,    30.00,    0.17630E-03,    0.22148E-04,    0.88852E-03,    0.10870E-02
    5.000,     30.00000,  24.85000, 
 5.00070,    30.00,    0.17619E-03,    0.22248E-04,    0.88792E-03,    0.10864E-02
    5.001,     30.00000,  24.85000, 
 5.00110,    30.00,    0.17612E-03,    0.22354E-04,    0.88748E-03,    0.10860E-02
    5.001,     30.00000,  24.85000, 
 5.00155,    30.00,    0.17608E-03,    0.22473E-04,    0.88713E-03,    0.10857E-02
    5.002,     30.00000,  24.85000, 
 5.00204,    30.00,    0.17605E-03,    0.22601E-04,    0.88683E-03,    0.10855E-02
    5.002,     30.00000,  24.85000, 
 5.00257,    30.00,    0.17604E-03,    0.22741E-04,    0.88658E-03,    0.10854E-02
    5.003,     30.00000,  24.85000, 
 5.00316,    30.00,    0.17603E-03,    0.22890E-04,    0.88635E-03,    0.10853E-02
    5.003,     30.00000,  24.85000, 
 5.00381,    30.00,    0.17603E-03,    0.23051E-04,    0.88616E-03,    0.10852E-02
    5.004,     30.00000,  24.85000, 
 5.00453,    30.00,    0.17604E-03,    0.23220E-04,    0.88599E-03,    0.10852E-02
    5.005,     30.00000,  24.85000, 
 5.00531,    30.00,    0.17606E-03,    0.23399E-04,    0.88585E-03,    0.10853E-02
    5.005,     30.00000,  24.85000, 
 5.00618,    30.00,    0.17608E-03,    0.23585E-04,    0.88573E-03,    0.10854E-02
    5.006,     30.00000,  24.85000, 
 5.00713,    30.00,    0.17612E-03,    0.23778E-04,    0.88565E-03,    0.10855E-02
    5.007,     30.00000,  24.85000, 
 5.00817,    30.00,    0.17616E-03,    0.23976E-04,    0.88559E-03,    0.10857E-02
    5.008,     30.00000,  24.85000, 
 5.00932,    30.00,    0.17620E-03,    0.24180E-04,    0.88557E-03,    0.10860E-02
    5.009,     30.00000,  24.85000, 
 5.01059,    30.00,    0.17626E-03,    0.24387E-04,    0.88558E-03,    0.10862E-02
    5.011,     30.00000,  24.85000, 
 5.01198,    30.00,    0.17632E-03,    0.24598E-04,    0.88564E-03,    0.10866E-02
    5.012,     30.00000,  24.85000, 
 5.01351,    30.00,    0.17638E-03,    0.24810E-04,    0.88573E-03,    0.10869E-02
    5.014,     30.00000,  24.85000, 
 5.01520,    30.00,    0.17645E-03,    0.25024E-04,    0.88587E-03,    0.10874E-02
    5.015,     30.00000,  24.85000, 
 5.01705,    30.00,    0.17653E-03,    0.25240E-04,    0.88606E-03,    0.10878E-02
    5.017,     30.00000,  24.85000, 
 5.01909,    30.00,    0.17660E-03,    0.25457E-04,    0.88631E-03,    0.10884E-02
    5.019,     30.00000,  24.85000, 
 5.02133,    30.00,    0.17668E-03,    0.25675E-04,    0.88660E-03,    0.10890E-02
    5.021,     30.00000,  24.85000, 
 5.02380,    30.00,    0.17676E-03,    0.25895E-04,    0.88696E-03,    0.10896E-02
    5.024,     30.00000,  24.85000, 
 5.02651,    30.00,    0.17683E-03,    0.26115E-04,    0.88739E-03,    0.10903E-02
    5.027,     30.00000,  24.85000, 
 5.02950,    30.00,    0.17689E-03,    0.26338E-04,    0.88788E-03,    0.10911E-02
    5.029,     30.00000,  24.85000, 
 5.03278,    30.00,    0.17694E-03,    0.26562E-04,    0.88845E-03,    0.10920E-02
    5.033,     30.00000,  24.85000, 
 5.03639,    30.00,    0.17698E-03,    0.26789E-04,    0.88909E-03,    0.10929E-02
    5.036,     30.00000,  24.85000, 
 5.04037,    30.00,    0.17700E-03,    0.27017E-04,    0.88982E-03,    0.10938E-02
    5.040,     30.00000,  24.85000, 
 5.04474,    30.00,    0.17700E-03,    0.27249E-04,    0.89064E-03,    0.10949E-02
    5.045,     30.00000,  24.85000, 
 5.04954,    30.00,    0.17697E-03,    0.27484E-04,    0.89155E-03,    0.10960E-02
    5.050,     30.00000,  24.85000, 
 5.05483,    30.00,    0.17690E-03,    0.27722E-04,    0.89256E-03,    0.10972E-02
    5.055,     30.00000,  24.85000, 
 5.06065,    30.00,    0.17679E-03,    0.27963E-04,    0.89366E-03,    0.10984E-02
    5.061,     30.00000,  24.85000, 
 5.06705,    30.00,    0.17663E-03,    0.28209E-04,    0.89488E-03,    0.10997E-02
    5.067,     30.00000,  24.85000, 
 5.07408,    30.00,    0.17641E-03,    0.28458E-04,    0.89621E-03,    0.11011E-02
    5.074,     30.00000,  24.85000, 
 5.08183,    30.00,    0.17611E-03,    0.28713E-04,    0.89765E-03,    0.11025E-02
    5.082,     30.00000,  24.85000, 
 5.09034,    30.00,    0.17573E-03,    0.28972E-04,    0.89920E-03,    0.11039E-02
    5.090,     30.00000,  24.85000, 
 5.09971,    30.00,    0.17525E-03,    0.29237E-04,    0.90088E-03,    0.11054E-02
    5.100,     30.00000,  24.85000, 
 5.11001,    30.00,    0.17465E-03,    0.29508E-04,    0.90268E-03,    0.11068E-02
    5.110,     30.00000,  24.85000, 
 5.12135,    30.00,    0.17391E-03,    0.29787E-04,    0.90459E-03,    0.11083E-02
    5.121,     30.00000,  24.85000, 
 5.13382,    30.00,    0.17301E-03,    0.30072E-04,    0.90662E-03,    0.11097E-02
    5.134,     30.00000,  24.85000, 
 5.14753,    30.00,    0.17193E-03,    0.30366E-04,    0.90877E-03,    0.11111E-02
    5.148,     30.00000,  24.85000, 
 5.16262,    30.00,    0.17063E-03,    0.30669E-04,    0.91101E-03,    0.11123E-02
    5.163,     30.00000,  24.85000, 
 5.17921,    30.00,    0.16909E-03,    0.30981E-04,    0.91336E-03,    0.11134E-02
    5.179,     30.00000,  24.85000, 
 5.19747,    30.00,    0.16728E-03,    0.31304E-04,    0.91578E-03,    0.11144E-02
    5.197,     30.00000,  24.85000, 
 5.21755,    30.00,    0.16517E-03,    0.31637E-04,    0.91826E-03,    0.11151E-02
    5.218,     30.00000,  24.85000, 
 5.23963,    30.00,    0.16272E-03,    0.31981E-04,    0.92078E-03,    0.11155E-02
    5.240,     30.00000,  24.85000, 
 5.26393,    30.00,    0.15993E-03,    0.32336E-04,    0.92329E-03,    0.11156E-02
    5.264,     30.00000,  24.85000, 
 5.29066,    30.00,    0.15677E-03,    0.32699E-04,    0.92576E-03,    0.11152E-02
    5.291,     30.00000,  24.85000, 
 5.32006,    30.00,    0.15325E-03,    0.33071E-04,    0.92812E-03,    0.11144E-02
    5.320,     30.00000,  24.85000, 
 5.35240,    30.00,    0.14937E-03,    0.33449E-04,    0.93031E-03,    0.11131E-02
    5.352,     30.00000,  24.85000, 
 5.38797,    30.00,    0.14517E-03,    0.33831E-04,    0.93224E-03,    0.11112E-02
    5.388,     30.00000,  24.85000, 
 5.42710,    30.00,    0.14068E-03,    0.34214E-04,    0.93378E-03,    0.11087E-02
    5.427,     30.00000,  24.85000, 
 5.47014,    30.00,    0.13595E-03,    0.34596E-04,    0.93479E-03,    0.11053E-02
    5.470,     30.00000,  24.85000, 
 5.51749,    30.00,    0.13104E-03,    0.34970E-04,    0.93507E-03,    0.11011E-02
    5.517,     30.00000,  24.85000, 
 5.56957,    30.00,    0.12602E-03,    0.35337E-04,    0.93434E-03,    0.10957E-02
    5.570,     30.00000,  24.85000, 
 5.62686,    30.00,    0.12092E-03,    0.35690E-04,    0.93226E-03,    0.10889E-02
    5.627,     30.00000,  24.85000, 
 5.68988,    30.00,    0.11581E-03,    0.36026E-04,    0.92835E-03,    0.10802E-02
    5.690,     30.00000,  24.85000, 
 5.75921,    30.00,    0.11074E-03,    0.36341E-04,    0.92201E-03,    0.10691E-02
    5.759,     30.00000,  24.85000, 
 5.83546,    30.00,    0.10574E-03,    0.36633E-04,    0.91254E-03,    0.10549E-02
    5.835,     30.00000,  24.85000, 
 5.91934,    30.00,    0.10083E-03,    0.36898E-04,    0.89916E-03,    0.10369E-02
    5.919,     30.00000,  24.85000, 
 6.01161,    30.00,    0.96047E-04,    0.37135E-04,    0.88123E-03,    0.10144E-02
    6.012,     30.00000,  24.85000, 
 6.11310,    30.00,    0.91403E-04,    0.37342E-04,    0.85850E-03,    0.98724E-03
    6.113,     30.00000,  24.85000, 
 6.22474,    30.00,    0.86913E-04,    0.37520E-04,    0.83139E-03,    0.95582E-03
    6.225,     30.00000,  24.85000, 
 6.34755,    30.00,    0.82590E-04,    0.37670E-04,    0.80125E-03,    0.92151E-03
    6.348,     30.00000,  24.85000, 
 6.48264,    30.00,    0.78445E-04,    0.37798E-04,    0.77032E-03,    0.88656E-03
    6.483,     30.00000,  24.85000, 
 6.63124,    30.00,    0.74491E-04,    0.37909E-04,    0.74162E-03,    0.85402E-03
    6.631,     30.00000,  24.85000, 
 6.79469,    30.00,    0.70741E-04,    0.38014E-04,    0.71889E-03,    0.82764E-03
    6.795,     30.00000,  24.85000, 
 6.97450,    30.00,    0.67212E-04,    0.38122E-04,    0.70650E-03,    0.81183E-03
    6.974,     30.00000,  24.85000, 
 7.17228,    30.00,    0.63922E-04,    0.38244E-04,    0.70916E-03,    0.81132E-03
    7.172,     30.00000,  24.85000, 
 7.38984,    30.00,    0.60891E-04,    0.38380E-04,    0.73085E-03,    0.83012E-03
    7.390,     30.00000,  24.85000, 
 7.62916,    30.00,    0.58145E-04,    0.38525E-04,    0.77307E-03,    0.86974E-03
    7.629,     30.00000,  24.85000, 
 7.89241,    30.00,    0.55725E-04,    0.38664E-04,    0.83115E-03,    0.92553E-03
    7.892,     30.00000,  24.85000, 
 8.18198,    30.00,    0.53708E-04,    0.38778E-04,    0.88940E-03,    0.98189E-03
    8.182,     30.00000,  24.85000, 
 8.50051,    30.00,    0.52225E-04,    0.38853E-04,    0.92635E-03,    0.10174E-02
    8.501,     30.00000,  24.85000, 
 8.85090,    30.00,    0.51479E-04,    0.38886E-04,    0.92868E-03,    0.10190E-02
    8.851,     30.00000,  24.85000, 
 9.23632,    30.00,    0.51727E-04,    0.38889E-04,    0.89584E-03,    0.98646E-03
    9.236,     30.00000,  24.85000, 
 9.66028,    30.00,    0.53269E-04,    0.38878E-04,    0.83698E-03,    0.92913E-03
    9.660,     30.00000,  24.85000, 
10.00000,    30.00,    0.55577E-04,    0.38869E-04,    0.78444E-03,    0.87888E-03
   10.000,     30.00000,  24.85000, 
   10.000,      0.00000,  24.85000, 
   10.000,      0.00000,  24.85000, 
   10.000,      0.00000,  24.85000, 
   10.001,      0.00000,  24.85000, 
   10.001,      0.00000,  24.85000, 
   10.002,      0.00000,  24.85000, 
   10.002,      0.00000,  24.85000, 
   10.003,      0.00000,  24.85000, 
   10.003,      0.00000,  24.85000, 
   10.004,      0.00000,  24.85000, 
   10.005,      0.00000,  24.85000, 
   10.005,      0.00000,  24.85000, 
   10.006,      0.00000,  24.85000, 
   10.007,      0.00000,  24.85000, 
   10.008,      0.00000,  24.85000, 
   10.009,      0.00000,  24.85000, 
   10.011,      0.00000,  24.85000, 
   10.012,      0.00000,  24.85000, 
   10.014,      0.00000,  24.85000, 
   10.015,      0.00000,  24.85000, 
   10.017,      0.00000,  24.85000, 
   10.019,      0.00000,  24.85000, 
   10.021,      0.00000,  24.85000, 
   10.024,      0.00000,  24.85000, 
   10.027,      0.00000,  24.85000, 
   10.029,      0.00000,  24.85000, 
   10.033,      0.00000,  24.85000, 
   10.036,      0.00000,  24.85000, 
   10.040,      0.00000,  24.85000, 
   10.045,      0.00000,  24.85000, 
   10.050,      0.00000,  24.85000, 
   10.055,      0.00000,  24.85000, 
   10.061,      0.00000,  24.85000, 
   10.067,      0.00000,  24.85000, 
   10.074,      0.00000,  24.85000, 
   10.082,      0.00000,  24.85000, 
   10.090,      0.00000,  24.85000, 
   10.100,      0.00000,  24.85000, 
   10.110,      0.00000,  24.85000, 
   10.121,      0.00000,  24.85000, 
   10.134,      0.00000,  24.85000, 
   10.148,      0.00000,  24.85000, 
   10.163,      0.00000,  24.85000, 
   10.179,      0.00000,  24.85000, 
   10.197,      0.00000,  24.85000, 
   10.218,      0.00000,  24.85000, 
   10.240,      0.00000,  24.85000, 
   10.264,      0.00000,  24.85000, 
   10.291,      0.00000,  24.85000, 
   10.320,      0.00000,  24.85000, 
   10.352,      0.00000,  24.85000, 
   10.388,      0.00000,  24.85000, 
   10.427,      0.00000,  24.85000, 
   10.470,      0.00000,  24.85000, 
   10.517,      0.00000,  24.85000, 
   10.570,      0.00000,  24.85000, 
   10.627,      0.00000,  24.85000, 
   10.690,      0.00000,  24.85000, 
   10.759,      0.00000,  24.85000, 
   10.835,      0.00000,  24.85000, 
   10.919,      0.00000,  24.85000, 
   11.012,      0.00000,  24.85000, 
   11.113,      0.00000,  24.85000, 
   11.225,      0.00000,  24.85000, 
   11.348,      0.00000,  24.85000, 
   11.483,      0.00000,  24.85000, 
   11.631,      0.00000,  24.85000, 
   11.795,      0.00000,  24.85000, 
   11.974,      0.00000,  24.85000, 
   12.172,      0.00000,  24.85000, 
   12.390,      0.00000,  24.85000, 
   12.629,      0.00000,  24.85000, 
   12.892,      0.00000,  24.85000, 
   13.182,      0.00000,  24.85000, 
   13.501,      0.00000,  24.85000, 
   13.851,      0.00000,  24.85000, 
   14.236,      0.00000,  24.85000, 
   14.660,      0.00000,  24.85000, 
   15.000,      0.00000,  24.85000, 
15.00000,   115.00,    0.17513E-03,    0.22076E-04,    0.72541E-03,    0.92262E-03
   15.000,    115.00000,  24.85000, 
15.00000,   115.00,    0.17513E-03,    0.22076E-04,    0.72541E-03,    0.92262E-03
   15.000,    115.00000,  24.85000, 
15.00033,   115.00,    0.17013E-03,    0.22161E-04,    0.72470E-03,    0.91699E-03
   15.000,    115.00000,  24.85000, 
15.00070,   115.00,    0.16650E-03,    0.22264E-04,    0.72423E-03,    0.91300E-03
   15.001,    115.00000,  24.85000, 
15.00110,   115.00,    0.16336E-03,    0.22371E-04,    0.72383E-03,    0.90956E-03
   15.001,    115.00000,  24.85000, 
15.00155,   115.00,    0.16045E-03,    0.22490E-04,    0.72346E-03,    0.90640E-03
   15.002,    115.00000,  24.85000, 
15.00204,   115.00,    0.15766E-03,    0.22616E-04,    0.72310E-03,    0.90337E-03
   15.002,    115.00000,  24.85000, 
15.00257,   115.00,    0.15494E-03,    0.22753E-04,    0.72273E-03,    0.90042E-03
   15.003,    115.00000,  24.85000, 
15.00316,   115.00,    0.15226E-03,    0.22898E-04,    0.72235E-03,    0.89750E-03
   15.003,    115.00000,  24.85000, 
15.00381,   115.00,    0.14960E-03,    0.23052E-04,    0.72195E-03,    0.89460E-03
   15.004,    115.00000,  24.85000, 
15.00453,   115.00,    0.14696E-03,    0.23213E-04,    0.72152E-03,    0.89169E-03
   15.005,    115.00000,  24.85000, 
15.00531,   115.00,    0.14434E-03,    0.23381E-04,    0.72106E-03,    0.88878E-03
   15.005,    115.00000,  24.85000, 
15.00618,   115.00,    0.14174E-03,    0.23553E-04,    0.72057E-03,    0.88586E-03
   15.006,    115.00000,  24.85000, 
15.00713,   115.00,    0.13916E-03,    0.23730E-04,    0.72003E-03,    0.88293E-03
   15.007,    115.00000,  24.85000, 
15.00817,   115.00,    0.13662E-03,    0.23910E-04,    0.71945E-03,    0.87998E-03
   15.008,    115.00000,  24.85000, 
15.00932,   115.00,    0.13411E-03,    0.24092E-04,    0.71881E-03,    0.87702E-03
   15.009,    115.00000,  24.85000, 
15.01059,   115.00,    0.13166E-03,    0.24274E-04,    0.71811E-03,    0.87404E-03
   15.011,    115.00000,  24.85000, 
15.01198,   115.00,    0.12926E-03,    0.24457E-04,    0.71733E-03,    0.87104E-03
   15.012,    115.00000,  24.85000, 
15.01351,   115.00,    0.12692E-03,    0.24639E-04,    0.71647E-03,    0.86803E-03
   15.014,    115.00000,  24.85000, 
15.01520,   115.00,    0.12466E-03,    0.24822E-04,    0.71551E-03,    0.86500E-03
   15.015,    115.00000,  24.85000, 
15.01705,   115.00,    0.12249E-03,    0.25002E-04,    0.71445E-03,    0.86195E-03
   15.017,    115.00000,  24.85000, 
15.01909,   115.00,    0.12042E-03,    0.25183E-04,    0.71327E-03,    0.85887E-03
   15.019,    115.00000,  24.85000, 
15.02133,   115.00,    0.11846E-03,    0.25362E-04,    0.71194E-03,    0.85577E-03
   15.021,    115.00000,  24.85000, 
15.02380,   115.00,    0.11662E-03,    0.25541E-04,    0.71047E-03,    0.85264E-03
   15.024,    115.00000,  24.85000, 
15.02651,   115.00,    0.11492E-03,    0.25720E-04,    0.70883E-03,    0.84947E-03
   15.027,    115.00000,  24.85000, 
15.02950,   115.00,    0.11336E-03,    0.25901E-04,    0.70701E-03,    0.84628E-03
   15.029,    115.00000,  24.85000, 
15.03278,   115.00,    0.11197E-03,    0.26082E-04,    0.70499E-03,    0.84304E-03
   15.033,    115.00000,  24.85000, 
15.03639,   115.00,    0.11077E-03,    0.26266E-04,    0.70275E-03,    0.83979E-03
   15.036,    115.00000,  24.85000, 
15.04037,   115.00,    0.10976E-03,    0.26451E-04,    0.70029E-03,    0.83650E-03
   15.040,    115.00000,  24.85000, 
15.04474,   115.00,    0.10898E-03,    0.26641E-04,    0.69759E-03,    0.83321E-03
   15.045,    115.00000,  24.85000, 
15.04954,   115.00,    0.10844E-03,    0.26834E-04,    0.69464E-03,    0.82992E-03
   15.050,    115.00000,  24.85000, 
15.05483,   115.00,    0.10818E-03,    0.27034E-04,    0.69145E-03,    0.82666E-03
   15.055,    115.00000,  24.85000, 
15.06065,   115.00,    0.10822E-03,    0.27238E-04,    0.68801E-03,    0.82347E-03
   15.061,    115.00000,  24.85000, 
15.06705,   115.00,    0.10859E-03,    0.27451E-04,    0.68434E-03,    0.82038E-03
   15.067,    115.00000,  24.85000, 
15.07408,   115.00,    0.10933E-03,    0.27670E-04,    0.68046E-03,    0.81746E-03
   15.074,    115.00000,  24.85000, 
15.08183,   115.00,    0.11046E-03,    0.27900E-04,    0.67640E-03,    0.81476E-03
   15.082,    115.00000,  24.85000, 
15.09034,   115.00,    0.11201E-03,    0.28139E-04,    0.67219E-03,    0.81234E-03
   15.090,    115.00000,  24.85000, 
15.09971,   115.00,    0.11400E-03,    0.28392E-04,    0.66790E-03,    0.81029E-03
   15.100,    115.00000,  24.85000, 
15.11001,   115.00,    0.11642E-03,    0.28657E-04,    0.66357E-03,    0.80865E-03
   15.110,    115.00000,  24.85000, 
15.12135,   115.00,    0.11924E-03,    0.28939E-04,    0.65931E-03,    0.80748E-03
   15.121,    115.00000,  24.85000, 
15.13382,   115.00,    0.12241E-03,    0.29235E-04,    0.65518E-03,    0.80682E-03
   15.134,    115.00000,  24.85000, 
15.14753,   115.00,    0.12585E-03,    0.29551E-04,    0.65130E-03,    0.80670E-03
   15.148,    115.00000,  24.85000, 
15.16262,   115.00,    0.12944E-03,    0.29883E-04,    0.64779E-03,    0.80712E-03
   15.163,    115.00000,  24.85000, 
15.17921,   115.00,    0.13311E-03,    0.30237E-04,    0.64478E-03,    0.80812E-03
   15.179,    115.00000,  24.85000, 
15.19747,   115.00,    0.13674E-03,    0.30609E-04,    0.64241E-03,    0.80976E-03
   15.197,    115.00000,  24.85000, 
15.21755,   115.00,    0.14031E-03,    0.31001E-04,    0.64086E-03,    0.81217E-03
   15.218,    115.00000,  24.85000, 
15.23963,   115.00,    0.14384E-03,    0.31413E-04,    0.64030E-03,    0.81555E-03
   15.240,    115.00000,  24.85000, 
15.26393,   115.00,    0.14744E-03,    0.31845E-04,    0.64094E-03,    0.82023E-03
   15.264,    115.00000,  24.85000, 
15.29066,   115.00,    0.15131E-03,    0.32295E-04,    0.64301E-03,    0.82661E-03
   15.291,    115.00000,  24.85000, 
15.32006,   115.00,    0.15576E-03,    0.32763E-04,    0.64678E-03,    0.83530E-03
   15.320,    115.00000,  24.85000, 
15.35240,   115.00,    0.16115E-03,    0.33247E-04,    0.65252E-03,    0.84692E-03
   15.352,    115.00000,  24.85000, 
15.38797,   115.00,    0.16759E-03,    0.33748E-04,    0.66054E-03,    0.86189E-03
   15.388,    115.00000,  24.85000, 
15.42710,   115.00,    0.17383E-03,    0.34259E-04,    0.67115E-03,    0.87924E-03
   15.427,    115.00000,  24.85000, 
15.47014,   115.00,    0.17615E-03,    0.34775E-04,    0.68456E-03,    0.89548E-03
   15.470,    115.00000,  24.85000, 
15.51749,   115.00,    0.17128E-03,    0.35281E-04,    0.70073E-03,    0.90730E-03
   15.517,    115.00000,  24.85000, 
15.56957,   115.00,    0.16083E-03,    0.35766E-04,    0.71917E-03,    0.91577E-03
   15.570,    115.00000,  24.85000, 
15.62686,   115.00,    0.14857E-03,    0.36221E-04,    0.73857E-03,    0.92336E-03
   15.627,    115.00000,  24.85000, 
15.68988,   115.00,    0.13677E-03,    0.36643E-04,    0.75685E-03,    0.93027E-03
   15.690,    115.00000,  24.85000, 
15.75921,   115.00,    0.12618E-03,    0.37023E-04,    0.77161E-03,    0.93481E-03
   15.759,    115.00000,  24.85000, 
15.83546,   115.00,    0.11681E-03,    0.37359E-04,    0.78108E-03,    0.93525E-03
   15.835,    115.00000,  24.85000, 
15.91934,   115.00,    0.10849E-03,    0.37644E-04,    0.78478E-03,    0.93092E-03
   15.919,    115.00000,  24.85000, 
16.01161,   115.00,    0.10105E-03,    0.37881E-04,    0.78334E-03,    0.92227E-03
   16.012,    115.00000,  24.85000, 
16.11310,   115.00,    0.94326E-04,    0.38072E-04,    0.77800E-03,    0.91040E-03
   16.113,    115.00000,  24.85000, 
16.22474,   115.00,    0.88207E-04,    0.38224E-04,    0.77008E-03,    0.89651E-03
   16.225,    115.00000,  24.85000, 
16.34755,   115.00,    0.82605E-04,    0.38346E-04,    0.76074E-03,    0.88169E-03
   16.348,    115.00000,  24.85000, 
16.48264,   115.00,    0.77458E-04,    0.38449E-04,    0.75096E-03,    0.86687E-03
   16.483,    115.00000,  24.85000, 
16.63124,   115.00,    0.72715E-04,    0.38541E-04,    0.74156E-03,    0.85282E-03
   16.631,    115.00000,  24.85000, 
16.79469,   115.00,    0.68341E-04,    0.38633E-04,    0.73325E-03,    0.84023E-03
   16.795,    115.00000,  24.85000, 
16.97450,   115.00,    0.64304E-04,    0.38731E-04,    0.72668E-03,    0.82971E-03
   16.974,    115.00000,  24.85000, 
17.17228,   115.00,    0.60580E-04,    0.38843E-04,    0.72240E-03,    0.82182E-03
   17.172,    115.00000,  24.85000, 
17.38984,   115.00,    0.57147E-04,    0.38970E-04,    0.72090E-03,    0.81702E-03
   17.390,    115.00000,  24.85000, 
17.62916,   115.00,    0.53985E-04,    0.39115E-04,    0.72256E-03,    0.81566E-03
   17.629,    115.00000,  24.85000, 
17.89241,   115.00,    0.51071E-04,    0.39276E-04,    0.72766E-03,    0.81800E-03
   17.892,    115.00000,  24.85000, 
18.18198,   115.00,    0.48373E-04,    0.39453E-04,    0.73640E-03,    0.82423E-03
   18.182,    115.00000,  24.85000, 
18.50051,   115.00,    0.45850E-04,    0.39640E-04,    0.74898E-03,    0.83447E-03
   18.501,    115.00000,  24.85000, 
18.85090,   115.00,    0.43504E-04,    0.39841E-04,    0.76556E-03,    0.84891E-03
   18.851,    115.00000,  24.85000, 
19.23632,   115.00,    0.42121E-04,    0.40072E-04,    0.78620E-03,    0.86839E-03
   19.236,    115.00000,  24.85000, 
19.66028,   115.00,    0.43695E-04,    0.40341E-04,    0.81029E-03,    0.89432E-03
   19.660,    115.00000,  24.85000, 
20.00000,   115.00,    0.53807E-04,    0.40487E-04,    0.82958E-03,    0.92388E-03
   20.000,    115.00000,  24.85000, 
   20.000,      0.00000,  24.85000, 
   20.000,      0.00000,  24.85000, 
   20.000,      0.00000,  24.85000, 
   20.001,      0.00000,  24.85000, 
   20.001,      0.00000,  24.85000, 
   20.002,      0.00000,  24.85000, 
   20.002,      0.00000,  24.85000, 
   20.003,      0.00000,  24.85000, 
   20.003,      0.00000,  24.85000, 
   20.004,      0.00000,  24.85000, 
   20.005,      0.00000,  24.85000, 
   20.005,      0.00000,  24.85000, 
   20.006,      0.00000,  24.85000, 
   20.007,      0.00000,  24.85000, 
   20.008,      0.00000,  24.85000, 
   20.009,      0.00000,  24.85000, 
   20.011,      0.00000,  24.85000, 
   20.012,      0.00000,  24.85000, 
   20.014,      0.00000,  24.85000, 
   20.015,      0.00000,  24.85000, 
   20.017,      0.00000,  24.85000, 
   20.019,      0.00000,  24.85000, 
   20.021,      0.00000,  24.85000, 
   20.024,      0.00000,  24.85000, 
   20.027,      0.00000,  24.85000, 
   20.029,      0.00000,  24.85000, 
   20.033,      0.00000,  24.85000, 
   20.036,      0.00000,  24.85000, 
   20.040,      0.00000,  24.85000, 
   20.045,      0.00000,  24.85000, 
   20.050,      0.00000,  24.85000, 
   20.055,      0.00000,  24.85000, 
   20.061,      0.00000,  24.85000, 
   20.067,      0.00000,  24.85000, 
   20.074,      0.00000,  24.85000, 
   20.082,      0.00000,  24.85000, 
   20.090,      0.00000,  24.85000, 
   20.100,      0.00000,  24.85000, 
   20.110,      0.00000,  24.85000, 
   20.121,      0.00000,  24.85000, 
   20.134,      0.00000,  24.85000, 
   20.148,      0.00000,  24.85000, 
   20.163,      0.00000,  24.85000, 
   20.179,      0.00000,  24.85000, 
   20.197,      0.00000,  24.85000, 
   20.218,      0.00000,  24.85000, 
   20.240,      0.00000,  24.85000, 
   20.264,      0.00000,  24.85000, 
   20.291,      0.00000,  24.85000, 
   20.320,      0.00000,  24.85000, 
   20.352,      0.00000,  24.85000, 
   20.388,      0.00000,  24.85000, 
   20.427,      0.00000,  24.85000, 
   20.470,      0.00000,  24.85000, 
   20.517,      0.00000,  24.85000, 
   20.570,      0.00000,  24.85000, 
   20.627,      0.00000,  24.85000, 
   20.690,      0.00000,  24.85000, 
   20.759,      0.00000,  24.85000, 
   20.835,      0.00000,  24.85000, 
   20.919,      0.00000,  24.85000, 
   21.012,      0.00000,  24.85000, 
   21.113,      0.00000,  24.85000, 
   21.225,      0.00000,  24.85000, 
   21.348,      0.00000,  24.85000, 
   21.483,      0.00000,  24.85000, 
   21.631,      0.00000,  24.85000, 
   21.795,      0.00000,  24.85000, 
   21.974,      0.00000,  24.85000, 
   22.172,      0.00000,  24.85000, 
   22.390,      0.00000,  24.85000, 
   22.629,      0.00000,  24.85000, 
   22.892,      0.00000,  24.85000, 
   23.182,      0.00000,  24.85000, 
   23.501,      0.00000,  24.85000, 
   23.851,      0.00000,  24.85000, 
   24.236,      0.00000,  24.85000, 
   24.660,      0.00000,  24.85000, 
   25.000,      0.00000,  24.85000, 
25.00000,    20.00,    0.15545E-03,    0.22230E-04,    0.26381E-03,    0.44149E-03
   25.000,     20.00000,  24.85000, 
25.00000,    20.00,    0.15545E-03,    0.22230E-04,    0.26381E-03,    0.44149E-03
   25.000,     20.00000,  24.85000, 
25.00033,    20.00,    0.15271E-03,    0.22305E-04,    0.26378E-03,    0.43879E-03
   25.000,     20.00000,  24.85000, 
25.00070,    20.00,    0.15101E-03,    0.22407E-04,    0.26385E-03,    0.43726E-03
   25.001,     20.00000,  24.85000, 
25.00110,    20.00,    0.14964E-03,    0.22506E-04,    0.26395E-03,    0.43609E-03
   25.001,     20.00000,  24.85000, 
25.00155,    20.00,    0.14845E-03,    0.22624E-04,    0.26410E-03,    0.43517E-03
   25.002,     20.00000,  24.85000, 
25.00204,    20.00,    0.14732E-03,    0.22743E-04,    0.26426E-03,    0.43433E-03
   25.002,     20.00000,  24.85000, 
25.00257,    20.00,    0.14627E-03,    0.22881E-04,    0.26446E-03,    0.43361E-03
   25.003,     20.00000,  24.85000, 
25.00316,    20.00,    0.14523E-03,    0.23020E-04,    0.26468E-03,    0.43293E-03
   25.003,     20.00000,  24.85000, 
25.00381,    20.00,    0.14421E-03,    0.23176E-04,    0.26494E-03,    0.43233E-03
   25.004,     20.00000,  24.85000, 
25.00453,    20.00,    0.14319E-03,    0.23333E-04,    0.26522E-03,    0.43175E-03
   25.005,     20.00000,  24.85000, 
25.00531,    20.00,    0.14217E-03,    0.23506E-04,    0.26556E-03,    0.43123E-03
   25.005,     20.00000,  24.85000, 
25.00618,    20.00,    0.14113E-03,    0.23678E-04,    0.26592E-03,    0.43073E-03
   25.006,     20.00000,  24.85000, 
25.00713,    20.00,    0.14009E-03,    0.23863E-04,    0.26634E-03,    0.43029E-03
   25.007,     20.00000,  24.85000, 
25.00817,    20.00,    0.13902E-03,    0.24046E-04,    0.26680E-03,    0.42986E-03
   25.008,     20.00000,  24.85000, 
25.00932,    20.00,    0.13794E-03,    0.24239E-04,    0.26732E-03,    0.42950E-03
   25.009,     20.00000,  24.85000, 
25.01059,    20.00,    0.13682E-03,    0.24428E-04,    0.26790E-03,    0.42914E-03
   25.011,     20.00000,  24.85000, 
25.01198,    20.00,    0.13568E-03,    0.24626E-04,    0.26854E-03,    0.42885E-03
   25.012,     20.00000,  24.85000, 
25.01351,    20.00,    0.13450E-03,    0.24818E-04,    0.26926E-03,    0.42858E-03
   25.014,     20.00000,  24.85000, 
25.01520,    20.00,    0.13330E-03,    0.25019E-04,    0.27005E-03,    0.42838E-03
   25.015,     20.00000,  24.85000, 
25.01705,    20.00,    0.13206E-03,    0.25213E-04,    0.27093E-03,    0.42820E-03
   25.017,     20.00000,  24.85000, 
25.01909,    20.00,    0.13078E-03,    0.25414E-04,    0.27190E-03,    0.42810E-03
   25.019,     20.00000,  24.85000, 
25.02133,    20.00,    0.12946E-03,    0.25609E-04,    0.27297E-03,    0.42803E-03
   25.021,     20.00000,  24.85000, 
25.02380,    20.00,    0.12810E-03,    0.25811E-04,    0.27414E-03,    0.42806E-03
   25.024,     20.00000,  24.85000, 
25.02651,    20.00,    0.12669E-03,    0.26008E-04,    0.27543E-03,    0.42812E-03
   25.027,     20.00000,  24.85000, 
25.02950,    20.00,    0.12524E-03,    0.26212E-04,    0.27684E-03,    0.42830E-03
   25.029,     20.00000,  24.85000, 
25.03278,    20.00,    0.12374E-03,    0.26411E-04,    0.27838E-03,    0.42853E-03
   25.033,     20.00000,  24.85000, 
25.03639,    20.00,    0.12220E-03,    0.26618E-04,    0.28006E-03,    0.42888E-03
   25.036,     20.00000,  24.85000, 
25.04037,    20.00,    0.12061E-03,    0.26820E-04,    0.28189E-03,    0.42932E-03
   25.040,     20.00000,  24.85000, 
25.04474,    20.00,    0.11897E-03,    0.27032E-04,    0.28388E-03,    0.42989E-03
   25.045,     20.00000,  24.85000, 
25.04954,    20.00,    0.11728E-03,    0.27240E-04,    0.28604E-03,    0.43057E-03
   25.050,     20.00000,  24.85000, 
25.05483,    20.00,    0.11556E-03,    0.27457E-04,    0.28839E-03,    0.43141E-03
   25.055,     20.00000,  24.85000, 
25.06065,    20.00,    0.11379E-03,    0.27672E-04,    0.29092E-03,    0.43238E-03
   25.061,     20.00000,  24.85000, 
25.06705,    20.00,    0.11198E-03,    0.27898E-04,    0.29367E-03,    0.43355E-03
   25.067,     20.00000,  24.85000, 
25.07408,    20.00,    0.11013E-03,    0.28122E-04,    0.29662E-03,    0.43487E-03
   25.074,     20.00000,  24.85000, 
25.08183,    20.00,    0.10826E-03,    0.28357E-04,    0.29981E-03,    0.43642E-03
   25.082,     20.00000,  24.85000, 
25.09034,    20.00,    0.10635E-03,    0.28593E-04,    0.30323E-03,    0.43817E-03
   25.090,     20.00000,  24.85000, 
25.09971,    20.00,    0.10443E-03,    0.28841E-04,    0.30690E-03,    0.44017E-03
   25.100,     20.00000,  24.85000, 
25.11001,    20.00,    0.10248E-03,    0.29091E-04,    0.31083E-03,    0.44241E-03
   25.110,     20.00000,  24.85000, 
25.12135,    20.00,    0.10053E-03,    0.29355E-04,    0.31505E-03,    0.44493E-03
   25.121,     20.00000,  24.85000, 
25.13382,    20.00,    0.98563E-04,    0.29622E-04,    0.31953E-03,    0.44772E-03
   25.134,     20.00000,  24.85000, 
25.14753,    20.00,    0.96605E-04,    0.29907E-04,    0.32432E-03,    0.45083E-03
   25.148,     20.00000,  24.85000, 
25.16262,    20.00,    0.94640E-04,    0.30197E-04,    0.32940E-03,    0.45424E-03
   25.163,     20.00000,  24.85000, 
25.17921,    20.00,    0.92692E-04,    0.30505E-04,    0.33480E-03,    0.45800E-03
   25.179,     20.00000,  24.85000, 
25.19747,    20.00,    0.90745E-04,    0.30821E-04,    0.34050E-03,    0.46207E-03
   25.197,     20.00000,  24.85000, 
25.21755,    20.00,    0.88820E-04,    0.31158E-04,    0.34653E-03,    0.46651E-03
   25.218,     20.00000,  24.85000, 
25.23963,    20.00,    0.86897E-04,    0.31502E-04,    0.35287E-03,    0.47127E-03
   25.240,     20.00000,  24.85000, 
25.26393,    20.00,    0.84995E-04,    0.31868E-04,    0.35952E-03,    0.47639E-03
   25.264,     20.00000,  24.85000, 
25.29066,    20.00,    0.83092E-04,    0.32242E-04,    0.36648E-03,    0.48182E-03
   25.291,     20.00000,  24.85000, 
25.32006,    20.00,    0.81204E-04,    0.32635E-04,    0.37375E-03,    0.48759E-03
   25.320,     20.00000,  24.85000, 
25.35240,    20.00,    0.79309E-04,    0.33033E-04,    0.38131E-03,    0.49365E-03
   25.352,     20.00000,  24.85000, 
25.38797,    20.00,    0.77418E-04,    0.33446E-04,    0.38914E-03,    0.50001E-03
   25.388,     20.00000,  24.85000, 
25.42710,    20.00,    0.75509E-04,    0.33860E-04,    0.39724E-03,    0.50661E-03
   25.427,     20.00000,  24.85000, 
25.47014,    20.00,    0.73594E-04,    0.34282E-04,    0.40558E-03,    0.51346E-03
   25.470,     20.00000,  24.85000, 
25.51749,    20.00,    0.71651E-04,    0.34697E-04,    0.41414E-03,    0.52049E-03
   25.517,     20.00000,  24.85000, 
25.56957,    20.00,    0.69694E-04,    0.35114E-04,    0.42292E-03,    0.52773E-03
   25.570,     20.00000,  24.85000, 
25.62686,    20.00,    0.67703E-04,    0.35515E-04,    0.43189E-03,    0.53510E-03
   25.627,     20.00000,  24.85000, 
25.68988,    20.00,    0.65694E-04,    0.35908E-04,    0.44104E-03,    0.54264E-03
   25.690,     20.00000,  24.85000, 
25.75921,    20.00,    0.63653E-04,    0.36277E-04,    0.45036E-03,    0.55029E-03
   25.759,     20.00000,  24.85000, 
25.83546,    20.00,    0.61599E-04,    0.36631E-04,    0.45987E-03,    0.55810E-03
   25.835,     20.00000,  24.85000, 
25.91934,    20.00,    0.59524E-04,    0.36953E-04,    0.46955E-03,    0.56603E-03
   25.919,     20.00000,  24.85000, 
26.01161,    20.00,    0.57451E-04,    0.37254E-04,    0.47944E-03,    0.57415E-03
   26.012,     20.00000,  24.85000, 
26.11310,    20.00,    0.55380E-04,    0.37518E-04,    0.48956E-03,    0.58246E-03
   26.113,     20.00000,  24.85000, 
26.22474,    20.00,    0.53336E-04,    0.37759E-04,    0.49995E-03,    0.59105E-03
   26.225,     20.00000,  24.85000, 
26.34755,    20.00,    0.51325E-04,    0.37963E-04,    0.51065E-03,    0.59994E-03
   26.348,     20.00000,  24.85000, 
26.48264,    20.00,    0.49379E-04,    0.38144E-04,    0.52173E-03,    0.60925E-03
   26.483,     20.00000,  24.85000, 
26.63124,    20.00,    0.47506E-04,    0.38291E-04,    0.53323E-03,    0.61903E-03
   26.631,     20.00000,  24.85000, 
26.79469,    20.00,    0.45742E-04,    0.38421E-04,    0.54522E-03,    0.62938E-03
   26.795,     20.00000,  24.85000, 
26.97450,    20.00,    0.44101E-04,    0.38523E-04,    0.55774E-03,    0.64036E-03
   26.974,     20.00000,  24.85000, 
27.17228,    20.00,    0.42619E-04,    0.38613E-04,    0.57084E-03,    0.65207E-03
   27.172,     20.00000,  24.85000, 
27.38984,    20.00,    0.41314E-04,    0.38682E-04,    0.58456E-03,    0.66455E-03
   27.390,     20.00000,  24.85000, 
27.62916,    20.00,    0.40220E-04,    0.38745E-04,    0.59891E-03,    0.67787E-03
   27.629,     20.00000,  24.85000, 
27.89241,    20.00,    0.39353E-04,    0.38792E-04,    0.61388E-03,    0.69203E-03
   27.892,     20.00000,  24.85000, 
28.18198,    20.00,    0.38739E-04,    0.38836E-04,    0.62946E-03,    0.70704E-03
   28.182,     20.00000,  24.85000, 
28.50051,    20.00,    0.38382E-04,    0.38867E-04,    0.64560E-03,    0.72285E-03
   28.501,     20.00000,  24.85000, 
28.85090,    20.00,    0.38297E-04,    0.38896E-04,    0.66226E-03,    0.73945E-03
   28.851,     20.00000,  24.85000, 
29.23632,    20.00,    0.38473E-04,    0.38912E-04,    0.67935E-03,    0.75674E-03
   29.236,     20.00000,  24.85000, 
29.66028,    20.00,    0.38906E-04,    0.38928E-04,    0.69683E-03,    0.77467E-03
   29.660,     20.00000,  24.85000, 
30.00000,    20.00,    0.39398E-04,    0.38931E-04,    0.70997E-03,    0.78830E-03
   30.000,     20.00000,  24.85000, 
   30.000,      0.00000,  24.85000, 
   30.000,      0.00000,  24.85000, 
   30.000,      0.00000,  24.85000, 
   30.001,      0.00000,  24.85000, 
   30.001,      0.00000,  24.85000, 
   30.002,      0.00000,  24.85000, 
   30.002,      0.00000,  24.85000, 
   30.003,      0.00000,  24.85000, 
   30.003,      0.00000,  24.85000, 
   30.004,      0.00000,  24.85000, 
   30.005,      0.00000,  24.85000, 
   30.005,      0.00000,  24.85000, 
   30.006,      0.00000,  24.85000, 
   30.007,      0.00000,  24.85000, 
   30.008,      0.00000,  24.85000, 
   30.009,      0.00000,  24.85000, 
   30.011,      0.00000,  24.85000, 
   30.012,      0.00000,  24.85000, 
   30.014,      0.00000,  24.85000, 
   30.015,      0.00000,  24.85000, 
   30.017,      0.00000,  24.85000, 
   30.019,      0.00000,  24.85000, 
   30.021,      0.00000,  24.85000, 
   30.024,      0.00000,  24.85000, 
   30.027,      0.00000,  24.85000, 
   30.029,      0.00000,  24.85000, 
   30.033,      0.00000,  24.85000, 
   30.036,      0.00000,  24.85000, 
   30.040,      0.00000,  24.85000, 
   30.045,      0.00000,  24.85000, 
   30.050,      0.00000,  24.85000, 
   30.055,      0.00000,  24.85000, 
   30.061,      0.00000,  24.85000, 
   30.067,      0.00000,  24.85000, 
   30.074,      0.00000,  24.85000, 
   30.082,      0.00000,  24.85000, 
   30.090,      0.00000,  24.85000, 
   30.100,      0.00000,  24.85000, 
   30.110,      0.00000,  24.85000, 
   30.121,      0.00000,  24.85000, 
   30.134,      0.00000,  24.85000, 
   30.148,      0.00000,  24.85000, 
   30.163,      0.00000,  24.85000, 
   30.179,      0.00000,  24.85000, 
   30.197,      0.00000,  24.85000, 
   30.218,      0.00000,  24.85000, 
   30.240,      0.00000,  24.85000, 
   30.264,      0.00000,  24.85000, 
   30.291,      0.00000,  24.85000, 
   30.320,      0.00000,  24.85000, 
   30.352,      0.00000,  24.85000, 
   30.388,      0.00000,  24.85000, 
   30.427,      0.00000,  24.85000, 
   30.470,      0.00000,  24.85000, 
   30.517,      0.00000,  24.85000, 
   30.570,      0.00000,  24.85000, 
   30.627,      0.00000,  24.85000, 
   30.690,      0.00000,  24.85000, 
   30.759,      0.00000,  24.85000, 
   30.835,      0.00000,  24.85000, 
   30.919,      0.00000,  24.85000, 
   31.012,      0.00000,  24.85000, 
   31.113,      0.00000,  24.85000, 
   31.225,      0.00000,  24.85000, 
   31.348,      0.00000,  24.85000, 
   31.483,      0.00000,  24.85000, 
   31.631,      0.00000,  24.85000, 
   31.795,      0.00000,  24.85000, 
   31.974,      0.00000,  24.85000, 
   32.172,      0.00000,  24.85000, 
   32.390,      0.00000,  24.85000, 
   32.629,      0.00000,  24.85000, 
   32.892,      0.00000,  24.85000, 
   33.182,      0.00000,  24.85000, 
   33.501,      0.00000,  24.85000, 
   33.851,      0.00000,  24.85000, 
   34.236,      0.00000,  24.85000, 
   34.660,      0.00000,  24.85000, 
   34.761,      0.00000,  24.85000, 
34.76100,   100.00,    0.17433E-03,    0.22081E-04,    0.76692E-03,    0.96333E-03
   34.761,    100.00000,  24.85000, 
34.76100,   100.00,    0.17433E-03,    0.22081E-04,    0.76692E-03,    0.96333E-03
   34.761,    100.00000,  24.85000, 
34.76133,   100.00,    0.16878E-03,    0.22163E-04,    0.76626E-03,    0.95721E-03
   34.761,    100.00000,  24.85000, 
34.76170,   100.00,    0.16509E-03,    0.22264E-04,    0.76596E-03,    0.95332E-03
   34.762,    100.00000,  24.85000, 
34.76210,   100.00,    0.16207E-03,    0.22369E-04,    0.76578E-03,    0.95022E-03
   34.762,    100.00000,  24.85000, 
34.76255,   100.00,    0.15936E-03,    0.22485E-04,    0.76568E-03,    0.94753E-03
   34.763,    100.00000,  24.85000, 
34.76304,   100.00,    0.15683E-03,    0.22608E-04,    0.76563E-03,    0.94506E-03
   34.763,    100.00000,  24.85000, 
34.76357,   100.00,    0.15440E-03,    0.22743E-04,    0.76562E-03,    0.94276E-03
   34.764,    100.00000,  24.85000, 
34.76416,   100.00,    0.15204E-03,    0.22885E-04,    0.76564E-03,    0.94056E-03
   34.764,    100.00000,  24.85000, 
34.76481,   100.00,    0.14971E-03,    0.23037E-04,    0.76571E-03,    0.93846E-03
   34.765,    100.00000,  24.85000, 
34.76553,   100.00,    0.14740E-03,    0.23194E-04,    0.76581E-03,    0.93641E-03
   34.766,    100.00000,  24.85000, 
34.76631,   100.00,    0.14511E-03,    0.23361E-04,    0.76595E-03,    0.93442E-03
   34.766,    100.00000,  24.85000, 
34.76718,   100.00,    0.14281E-03,    0.23531E-04,    0.76613E-03,    0.93247E-03
   34.767,    100.00000,  24.85000, 
34.76813,   100.00,    0.14052E-03,    0.23707E-04,    0.76636E-03,    0.93058E-03
   34.768,    100.00000,  24.85000, 
34.76917,   100.00,    0.13821E-03,    0.23885E-04,    0.76663E-03,    0.92873E-03
   34.769,    100.00000,  24.85000, 
34.77032,   100.00,    0.13591E-03,    0.24067E-04,    0.76695E-03,    0.92692E-03
   34.770,    100.00000,  24.85000, 
34.77159,   100.00,    0.13359E-03,    0.24248E-04,    0.76732E-03,    0.92516E-03
   34.772,    100.00000,  24.85000, 
34.77298,   100.00,    0.13127E-03,    0.24432E-04,    0.76776E-03,    0.92346E-03
   34.773,    100.00000,  24.85000, 
34.77451,   100.00,    0.12895E-03,    0.24615E-04,    0.76825E-03,    0.92181E-03
   34.775,    100.00000,  24.85000, 
34.77620,   100.00,    0.12662E-03,    0.24798E-04,    0.76882E-03,    0.92024E-03
   34.776,    100.00000,  24.85000, 
34.77805,   100.00,    0.12429E-03,    0.24980E-04,    0.76945E-03,    0.91872E-03
   34.778,    100.00000,  24.85000, 
34.78009,   100.00,    0.12197E-03,    0.25163E-04,    0.77016E-03,    0.91730E-03
   34.780,    100.00000,  24.85000, 
34.78233,   100.00,    0.11965E-03,    0.25344E-04,    0.77096E-03,    0.91596E-03
   34.782,    100.00000,  24.85000, 
34.78480,   100.00,    0.11735E-03,    0.25526E-04,    0.77184E-03,    0.91472E-03
   34.785,    100.00000,  24.85000, 
34.78751,   100.00,    0.11506E-03,    0.25707E-04,    0.77282E-03,    0.91358E-03
   34.788,    100.00000,  24.85000, 
34.79050,   100.00,    0.11279E-03,    0.25891E-04,    0.77389E-03,    0.91258E-03
   34.790,    100.00000,  24.85000, 
34.79378,   100.00,    0.11055E-03,    0.26074E-04,    0.77508E-03,    0.91170E-03
   34.794,    100.00000,  24.85000, 
34.79739,   100.00,    0.10833E-03,    0.26261E-04,    0.77638E-03,    0.91097E-03
   34.797,    100.00000,  24.85000, 
34.80137,   100.00,    0.10615E-03,    0.26448E-04,    0.77780E-03,    0.91040E-03
   34.801,    100.00000,  24.85000, 
34.80574,   100.00,    0.10402E-03,    0.26640E-04,    0.77935E-03,    0.91001E-03
   34.806,    100.00000,  24.85000, 
34.81054,   100.00,    0.10192E-03,    0.26835E-04,    0.78104E-03,    0.90980E-03
   34.811,    100.00000,  24.85000, 
34.81583,   100.00,    0.99883E-04,    0.27035E-04,    0.78289E-03,    0.90980E-03
   34.816,    100.00000,  24.85000, 
34.82165,   100.00,    0.97896E-04,    0.27239E-04,    0.78489E-03,    0.91002E-03
   34.822,    100.00000,  24.85000, 
34.82805,   100.00,    0.95973E-04,    0.27450E-04,    0.78706E-03,    0.91048E-03
   34.828,    100.00000,  24.85000, 
34.83508,   100.00,    0.94113E-04,    0.27667E-04,    0.78941E-03,    0.91119E-03
   34.835,    100.00000,  24.85000, 
34.84283,   100.00,    0.92324E-04,    0.27892E-04,    0.79196E-03,    0.91217E-03
   34.843,    100.00000,  24.85000, 
34.85134,   100.00,    0.90607E-04,    0.28125E-04,    0.79471E-03,    0.91344E-03
   34.851,    100.00000,  24.85000, 
34.86071,   100.00,    0.88969E-04,    0.28370E-04,    0.79768E-03,    0.91502E-03
   34.861,    100.00000,  24.85000, 
34.87101,   100.00,    0.87408E-04,    0.28623E-04,    0.80088E-03,    0.91691E-03
   34.871,    100.00000,  24.85000, 
34.88235,   100.00,    0.85931E-04,    0.28891E-04,    0.80433E-03,    0.91915E-03
   34.882,    100.00000,  24.85000, 
34.89482,   100.00,    0.84534E-04,    0.29171E-04,    0.80804E-03,    0.92174E-03
   34.895,    100.00000,  24.85000, 
34.90853,   100.00,    0.83223E-04,    0.29466E-04,    0.81202E-03,    0.92471E-03
   34.909,    100.00000,  24.85000, 
34.92362,   100.00,    0.81992E-04,    0.29777E-04,    0.81629E-03,    0.92806E-03
   34.924,    100.00000,  24.85000, 
34.94021,   100.00,    0.80844E-04,    0.30107E-04,    0.82085E-03,    0.93180E-03
   34.940,    100.00000,  24.85000, 
34.95847,   100.00,    0.79772E-04,    0.30453E-04,    0.82573E-03,    0.93595E-03
   34.958,    100.00000,  24.85000, 
34.97855,   100.00,    0.78774E-04,    0.30821E-04,    0.83091E-03,    0.94051E-03
   34.979,    100.00000,  24.85000, 
35.00000,   100.00,    0.77864E-04,    0.31196E-04,    0.83626E-03,    0.94532E-03
   35.000,    100.00000,  24.85000, 
35.00000,    85.00,    0.60708E-04,    0.32807E-04,    0.87156E-03,    0.96508E-03
   35.000,     85.00000,  24.85000, 
35.00000,    85.00,    0.60708E-04,    0.32807E-04,    0.87156E-03,    0.96508E-03
   35.000,     85.00000,  24.85000, 
35.00033,    85.00,    0.62956E-04,    0.32799E-04,    0.87183E-03,    0.96759E-03
   35.000,     85.00000,  24.85000, 
35.00070,    85.00,    0.64193E-04,    0.32787E-04,    0.87202E-03,    0.96900E-03
   35.001,     85.00000,  24.85000, 
35.00110,    85.00,    0.65092E-04,    0.32776E-04,    0.87220E-03,    0.97007E-03
   35.001,     85.00000,  24.85000, 
35.00155,    85.00,    0.65816E-04,    0.32763E-04,    0.87236E-03,    0.97094E-03
   35.002,     85.00000,  24.85000, 
35.00204,    85.00,    0.66443E-04,    0.32751E-04,    0.87253E-03,    0.97173E-03
   35.002,     85.00000,  24.85000, 
35.00257,    85.00,    0.66997E-04,    0.32737E-04,    0.87270E-03,    0.97244E-03
   35.003,     85.00000,  24.85000, 
35.00316,    85.00,    0.67505E-04,    0.32724E-04,    0.87288E-03,    0.97311E-03
   35.003,     85.00000,  24.85000, 
35.00381,    85.00,    0.67972E-04,    0.32709E-04,    0.87307E-03,    0.97375E-03
   35.004,     85.00000,  24.85000, 
35.00453,    85.00,    0.68410E-04,    0.32695E-04,    0.87327E-03,    0.97438E-03
   35.005,     85.00000,  24.85000, 
35.00531,    85.00,    0.68820E-04,    0.32681E-04,    0.87348E-03,    0.97498E-03
   35.005,     85.00000,  24.85000, 
35.00618,    85.00,    0.69210E-04,    0.32668E-04,    0.87371E-03,    0.97558E-03
   35.006,     85.00000,  24.85000, 
35.00713,    85.00,    0.69578E-04,    0.32655E-04,    0.87395E-03,    0.97618E-03
   35.007,     85.00000,  24.85000, 
35.00817,    85.00,    0.69929E-04,    0.32645E-04,    0.87421E-03,    0.97678E-03
   35.008,     85.00000,  24.85000, 
35.00932,    85.00,    0.70262E-04,    0.32634E-04,    0.87448E-03,    0.97738E-03
   35.009,     85.00000,  24.85000, 
35.01059,    85.00,    0.70581E-04,    0.32627E-04,    0.87478E-03,    0.97799E-03
   35.011,     85.00000,  24.85000, 
35.01198,    85.00,    0.70882E-04,    0.32621E-04,    0.87510E-03,    0.97861E-03
   35.012,     85.00000,  24.85000, 
35.01351,    85.00,    0.71170E-04,    0.32619E-04,    0.87545E-03,    0.97924E-03
   35.014,     85.00000,  24.85000, 
35.01520,    85.00,    0.71440E-04,    0.32619E-04,    0.87583E-03,    0.97989E-03
   35.015,     85.00000,  24.85000, 
35.01705,    85.00,    0.71698E-04,    0.32622E-04,    0.87624E-03,    0.98056E-03
   35.017,     85.00000,  24.85000, 
35.01909,    85.00,    0.71938E-04,    0.32628E-04,    0.87668E-03,    0.98125E-03
   35.019,     85.00000,  24.85000, 
35.02133,    85.00,    0.72164E-04,    0.32639E-04,    0.87716E-03,    0.98197E-03
   35.021,     85.00000,  24.85000, 
35.02380,    85.00,    0.72372E-04,    0.32653E-04,    0.87769E-03,    0.98271E-03
   35.024,     85.00000,  24.85000, 
35.02651,    85.00,    0.72566E-04,    0.32672E-04,    0.87826E-03,    0.98349E-03
   35.027,     85.00000,  24.85000, 
35.02950,    85.00,    0.72741E-04,    0.32694E-04,    0.87888E-03,    0.98431E-03
   35.029,     85.00000,  24.85000, 
35.03278,    85.00,    0.72900E-04,    0.32722E-04,    0.87955E-03,    0.98517E-03
   35.033,     85.00000,  24.85000, 
35.03639,    85.00,    0.73040E-04,    0.32755E-04,    0.88028E-03,    0.98608E-03
   35.036,     85.00000,  24.85000, 
35.04037,    85.00,    0.73162E-04,    0.32794E-04,    0.88109E-03,    0.98704E-03
   35.040,     85.00000,  24.85000, 
35.04474,    85.00,    0.73263E-04,    0.32838E-04,    0.88196E-03,    0.98806E-03
   35.045,     85.00000,  24.85000, 
35.04954,    85.00,    0.73346E-04,    0.32890E-04,    0.88290E-03,    0.98914E-03
   35.050,     85.00000,  24.85000, 
35.05483,    85.00,    0.73406E-04,    0.32947E-04,    0.88393E-03,    0.99029E-03
   35.055,     85.00000,  24.85000, 
35.06065,    85.00,    0.73447E-04,    0.33013E-04,    0.88505E-03,    0.99151E-03
   35.061,     85.00000,  24.85000, 
35.06705,    85.00,    0.73463E-04,    0.33085E-04,    0.88627E-03,    0.99282E-03
   35.067,     85.00000,  24.85000, 
35.07408,    85.00,    0.73459E-04,    0.33167E-04,    0.88758E-03,    0.99421E-03
   35.074,     85.00000,  24.85000, 
35.08183,    85.00,    0.73430E-04,    0.33257E-04,    0.88901E-03,    0.99570E-03
   35.082,     85.00000,  24.85000, 
35.09034,    85.00,    0.73379E-04,    0.33357E-04,    0.89056E-03,    0.99729E-03
   35.090,     85.00000,  24.85000, 
35.09971,    85.00,    0.73302E-04,    0.33465E-04,    0.89222E-03,    0.99899E-03
   35.100,     85.00000,  24.85000, 
35.11001,    85.00,    0.73201E-04,    0.33585E-04,    0.89402E-03,    0.10008E-02
   35.110,     85.00000,  24.85000, 
35.12135,    85.00,    0.73074E-04,    0.33714E-04,    0.89595E-03,    0.10027E-02
   35.121,     85.00000,  24.85000, 
35.13382,    85.00,    0.72921E-04,    0.33856E-04,    0.89803E-03,    0.10048E-02
   35.134,     85.00000,  24.85000, 
35.14753,    85.00,    0.72740E-04,    0.34008E-04,    0.90025E-03,    0.10070E-02
   35.148,     85.00000,  24.85000, 
35.16262,    85.00,    0.72531E-04,    0.34172E-04,    0.90262E-03,    0.10093E-02
   35.163,     85.00000,  24.85000, 
35.17921,    85.00,    0.72291E-04,    0.34346E-04,    0.90515E-03,    0.10118E-02
   35.179,     85.00000,  24.85000, 
35.19747,    85.00,    0.72018E-04,    0.34533E-04,    0.90783E-03,    0.10144E-02
   35.197,     85.00000,  24.85000, 
35.21755,    85.00,    0.71708E-04,    0.34730E-04,    0.91068E-03,    0.10171E-02
   35.218,     85.00000,  24.85000, 
35.23963,    85.00,    0.71359E-04,    0.34939E-04,    0.91367E-03,    0.10200E-02
   35.240,     85.00000,  24.85000, 
35.26393,    85.00,    0.70962E-04,    0.35157E-04,    0.91682E-03,    0.10229E-02
   35.264,     85.00000,  24.85000, 
35.29066,    85.00,    0.70515E-04,    0.35385E-04,    0.92012E-03,    0.10260E-02
   35.291,     85.00000,  24.85000, 
35.32006,    85.00,    0.70008E-04,    0.35621E-04,    0.92356E-03,    0.10292E-02
   35.320,     85.00000,  24.85000, 
35.35240,    85.00,    0.69440E-04,    0.35865E-04,    0.92713E-03,    0.10324E-02
   35.352,     85.00000,  24.85000, 
35.38797,    85.00,    0.68805E-04,    0.36113E-04,    0.93083E-03,    0.10357E-02
   35.388,     85.00000,  24.85000, 
35.42710,    85.00,    0.68112E-04,    0.36366E-04,    0.93463E-03,    0.10391E-02
   35.427,     85.00000,  24.85000, 
35.47014,    85.00,    0.67376E-04,    0.36620E-04,    0.93852E-03,    0.10425E-02
   35.470,     85.00000,  24.85000, 
35.51749,    85.00,    0.66635E-04,    0.36875E-04,    0.94249E-03,    0.10460E-02
   35.517,     85.00000,  24.85000, 
35.56957,    85.00,    0.65954E-04,    0.37126E-04,    0.94653E-03,    0.10496E-02
   35.570,     85.00000,  24.85000, 
35.62686,    85.00,    0.65448E-04,    0.37373E-04,    0.95063E-03,    0.10534E-02
   35.627,     85.00000,  24.85000, 
35.68988,    85.00,    0.65308E-04,    0.37614E-04,    0.95477E-03,    0.10577E-02
   35.690,     85.00000,  24.85000, 
35.75921,    85.00,    0.65902E-04,    0.37848E-04,    0.95896E-03,    0.10627E-02
   35.759,     85.00000,  24.85000, 
35.83546,    85.00,    0.68032E-04,    0.38076E-04,    0.96320E-03,    0.10693E-02
   35.835,     85.00000,  24.85000, 
35.91934,    85.00,    0.73871E-04,    0.38304E-04,    0.96750E-03,    0.10797E-02
   35.919,     85.00000,  24.85000, 
36.01161,    85.00,    0.87841E-04,    0.38543E-04,    0.97188E-03,    0.10983E-02
   36.012,     85.00000,  24.85000, 
36.11310,    85.00,    0.98433E-04,    0.38794E-04,    0.97633E-03,    0.11136E-02
   36.113,     85.00000,  24.85000, 
36.22474,    85.00,    0.96166E-04,    0.39004E-04,    0.98078E-03,    0.11159E-02
   36.225,     85.00000,  24.85000, 
36.34755,    85.00,    0.88990E-04,    0.39152E-04,    0.98515E-03,    0.11133E-02
   36.348,     85.00000,  24.85000, 
36.48264,    85.00,    0.80044E-04,    0.39238E-04,    0.98950E-03,    0.11088E-02
   36.483,     85.00000,  24.85000, 
36.63124,    85.00,    0.71337E-04,    0.39269E-04,    0.99398E-03,    0.11046E-02
   36.631,     85.00000,  24.85000, 
36.79469,    85.00,    0.63783E-04,    0.39255E-04,    0.99884E-03,    0.11019E-02
   36.795,     85.00000,  24.85000, 
36.97450,    85.00,    0.57345E-04,    0.39209E-04,    0.10044E-02,    0.11010E-02
   36.974,     85.00000,  24.85000, 
37.17228,    85.00,    0.51775E-04,    0.39147E-04,    0.10110E-02,    0.11020E-02
   37.172,     85.00000,  24.85000, 
37.38984,    85.00,    0.46871E-04,    0.39086E-04,    0.10192E-02,    0.11051E-02
   37.390,     85.00000,  24.85000, 
37.62916,    85.00,    0.42506E-04,    0.39047E-04,    0.10292E-02,    0.11107E-02
   37.629,     85.00000,  24.85000, 
37.89241,    85.00,    0.38700E-04,    0.39058E-04,    0.10414E-02,    0.11192E-02
   37.892,     85.00000,  24.85000, 
38.15565,    85.00,    0.36085E-04,    0.39147E-04,    0.10548E-02,    0.11300E-02
   38.156,     85.00000,  24.85000, 
38.41890,    85.00,    0.35221E-04,    0.39319E-04,    0.10688E-02,    0.11434E-02
   38.419,     85.00000,  24.85000, 
38.68215,    85.00,    0.37885E-04,    0.39567E-04,    0.10829E-02,    0.11604E-02
   38.682,     85.00000,  24.85000, 
38.94540,    85.00,    0.42124E-04,    0.39768E-04,    0.10964E-02,    0.11783E-02
   38.945,     85.00000,  24.85000, 
39.20865,    85.00,    0.45406E-04,    0.39817E-04,    0.11088E-02,    0.11940E-02
   39.209,     85.00000,  24.85000, 
39.27446,    85.00,    0.46127E-04,    0.39814E-04,    0.11118E-02,    0.11977E-02
   39.274,     85.00000,  24.85000, 
39.30737,    85.00,    0.46431E-04,    0.39811E-04,    0.11133E-02,    0.11995E-02
   39.307,     85.00000,  24.85000, 
39.32382,    85.00,    0.46591E-04,    0.39810E-04,    0.11140E-02,    0.12004E-02
   39.324,     85.00000,  24.85000, 
39.33287,    85.00,    0.46715E-04,    0.39808E-04,    0.11144E-02,    0.12010E-02
   39.333,     85.00000,  24.85000, 
39.33785,    85.00,    0.83032E-04,    0.39808E-04,    0.11147E-02,    0.12375E-02
   39.338,     85.00000,  24.85000, 
